<!doctype html>
<html lang="">
<head>
    <meta charset="UTF-8">
    <meta name="viewport"
          content="width=device-width, user-scalable=no, initial-scale=1.0, maximum-scale=1.0, minimum-scale=1.0">
    <meta http-equiv="X-UA-Compatible" content="ie=edge">
    <title>Test Results Report - Test RMS portal for create consignment</title>

    <link href="reportng.css" rel="stylesheet" type="text/css"/>
</head>
<body>
<div id="meta">
Generated by <a href="http://www.testng.org" target="_blank">TestNG</a> with <a href="https://github.com/testng-team/reportng" target="_blank">ReportNG</a>
at 12:07 IST on Monday 31 January 2022
    <br/><span
    id="systemInfo">Nasreenk@WJLP-1270&nbsp;/&nbsp;Java 11.0.10 (Oracle Corporation)&nbsp;/&nbsp;Windows 10 10.0 (amd64)</span>
</div>
<h1>Test RMS portal for create consignment</h1>

<p>
    <a href="index.html">Suites</a>
        &#183; <a href="output.html">Log Output</a>
</p>

<p>Test duration
    : 232.176s</p>


    <table class="resultsTable">
        <tr>
            <th colspan="3" class="header failed">Failed Tests</th>
        </tr>
            <tr>
                <td class="group" colspan="3">pages.TestPageRMSProd</td>
            </tr>
    <tr>
        <td class="method">
                clickOnRMSPortalAndVerifyConsignmentISCreated
        </td>
        <td class="duration">
            65.150s
        </td>
        <td class="result">
            <!-- Display the dependencies for skipped test methods -->

                <i>Method arguments: </i>
                <span class="arguments">
                    {ConsignmentID=PROD00021009, InvalidShipperReference=1ESDR, Length=60, HeightRMS=52, BilledTo=ITAU01, ValidShipperReference=A1w11, LengthRMS=40, NumberOfParcel=3, Weight=5.0255, SenderName=NotExistSender, Height=30, BreadthRMS=45, Breadth=50, ValidSenderName=Distributor, ValueForCarrige=400, SecurityPack=, Breadth2=50, Length2=30, Height2=60, Weight2=8.078, InvalidSenderName=InvalidSenderName, EditParcelRef01=NA123, KilogramsRMS=5.2, NumberOfParcelDim=3, ReceiverName2=RAM}
                </span>
                <br/>

            <!-- Show logger output for the test -->

                <a href="javascript:toggleElement('exception-0', 'block')"
                   title="Click to expand/collapse">
                    <b>org.openqa.selenium.NoSuchElementException: no such element: Unable to locate element: {&quot;method&quot;:&quot;css selector&quot;,&quot;selector&quot;:&quot;span#titleSearchReports&quot;}<br/>
&nbsp; (Session info: chrome=97.0.4692.99)<br/>
For documentation on this error, please visit: https://www.seleniumhq.org/exceptions/no_such_element.html<br/>
Build info: version: &apos;3.141.59&apos;, revision: &apos;e82be7d358&apos;, time: &apos;2018-11-14T08:17:03&apos;<br/>
System info: host: &apos;WJLP-1270&apos;, ip: &apos;192.168.0.2&apos;, os.name: &apos;Windows 10&apos;, os.arch: &apos;amd64&apos;, os.version: &apos;10.0&apos;, java.version: &apos;11.0.10&apos;<br/>
Driver info: org.openqa.selenium.chrome.ChromeDriver<br/>
Capabilities {acceptInsecureCerts: false, browserName: chrome, browserVersion: 97.0.4692.99, chrome: {chromedriverVersion: 97.0.4692.71 (adefa7837d02a..., userDataDir: C:\Users\nasreenk\AppData\L...}, goog:chromeOptions: {debuggerAddress: localhost:50685}, javascriptEnabled: true, networkConnectionEnabled: false, pageLoadStrategy: none, platform: WINDOWS, platformName: WINDOWS, proxy: Proxy(), setWindowRect: true, strictFileInteractability: false, timeouts: {implicit: 0, pageLoad: 300000, script: 30000}, unhandledPromptBehavior: dismiss and notify, webauthn:extension:credBlob: true, webauthn:extension:largeBlob: true, webauthn:virtualAuthenticators: true}<br/>
Session ID: 8cb4d8b0e71b06879a987572bd1bf931<br/>
*** Element info: {Using=css selector, value=span#titleSearchReports}</b>
                </a>
                <br/>
                <div class="stackTrace" id="exception-0">
                        jdk.internal.reflect.GeneratedConstructorAccessor31.newInstance(Unknown Source)<br/>
                        java.base/jdk.internal.reflect.DelegatingConstructorAccessorImpl.newInstance(DelegatingConstructorAccessorImpl.java:45)<br/>
                        java.base/java.lang.reflect.Constructor.newInstance(Constructor.java:490)<br/>
                        org.openqa.selenium.remote.http.W3CHttpResponseCodec.createException(W3CHttpResponseCodec.java:187)<br/>
                        org.openqa.selenium.remote.http.W3CHttpResponseCodec.decode(W3CHttpResponseCodec.java:122)<br/>
                        org.openqa.selenium.remote.http.W3CHttpResponseCodec.decode(W3CHttpResponseCodec.java:49)<br/>
                        org.openqa.selenium.remote.HttpCommandExecutor.execute(HttpCommandExecutor.java:158)<br/>
                        org.openqa.selenium.remote.service.DriverCommandExecutor.execute(DriverCommandExecutor.java:83)<br/>
                        org.openqa.selenium.remote.RemoteWebDriver.execute(RemoteWebDriver.java:552)<br/>
                        org.openqa.selenium.remote.RemoteWebDriver.findElement(RemoteWebDriver.java:323)<br/>
                        org.openqa.selenium.remote.RemoteWebDriver.findElementByCssSelector(RemoteWebDriver.java:420)<br/>
                        org.openqa.selenium.By$ByCssSelector.findElement(By.java:431)<br/>
                        org.openqa.selenium.remote.RemoteWebDriver.findElement(RemoteWebDriver.java:315)<br/>
                        jdk.internal.reflect.GeneratedMethodAccessor5.invoke(Unknown Source)<br/>
                        java.base/jdk.internal.reflect.DelegatingMethodAccessorImpl.invoke(DelegatingMethodAccessorImpl.java:43)<br/>
                        java.base/java.lang.reflect.Method.invoke(Method.java:566)<br/>
                        org.openqa.selenium.support.events.EventFiringWebDriver.lambda$new$1(EventFiringWebDriver.java:105)<br/>
                        com.sun.proxy.$Proxy13.findElement(Unknown Source)<br/>
                        org.openqa.selenium.support.events.EventFiringWebDriver.findElement(EventFiringWebDriver.java:194)<br/>
                        pages.PageDashBoard.clickOnSearchAndReport(PageDashBoard.java:457)<br/>
                        pages.TestPageRMSProd.clickOnRMSPortalAndVerifyConsignmentISCreated(TestPageRMSProd.java:53)<br/>
                        java.base/jdk.internal.reflect.NativeMethodAccessorImpl.invoke0(Native Method)<br/>
                        java.base/jdk.internal.reflect.NativeMethodAccessorImpl.invoke(NativeMethodAccessorImpl.java:62)<br/>
                        java.base/jdk.internal.reflect.DelegatingMethodAccessorImpl.invoke(DelegatingMethodAccessorImpl.java:43)<br/>
                        java.base/java.lang.reflect.Method.invoke(Method.java:566)<br/>
                        org.testng.internal.MethodInvocationHelper.invokeMethod(MethodInvocationHelper.java:134)<br/>
                        org.testng.internal.TestInvoker.invokeMethod(TestInvoker.java:597)<br/>
                        org.testng.internal.TestInvoker.invokeTestMethod(TestInvoker.java:173)<br/>
                        org.testng.internal.MethodRunner.runInSequence(MethodRunner.java:46)<br/>
                        org.testng.internal.TestInvoker$MethodInvocationAgent.invoke(TestInvoker.java:816)<br/>
                        org.testng.internal.TestInvoker.invokeTestMethods(TestInvoker.java:146)<br/>
                        org.testng.internal.TestMethodWorker.invokeTestMethods(TestMethodWorker.java:146)<br/>
                        org.testng.internal.TestMethodWorker.run(TestMethodWorker.java:128)<br/>
                        java.base/java.util.ArrayList.forEach(ArrayList.java:1541)<br/>
                        org.testng.TestRunner.privateRun(TestRunner.java:766)<br/>
                        org.testng.TestRunner.run(TestRunner.java:587)<br/>
                        org.testng.SuiteRunner.runTest(SuiteRunner.java:384)<br/>
                        org.testng.SuiteRunner.runSequentially(SuiteRunner.java:378)<br/>
                        org.testng.SuiteRunner.privateRun(SuiteRunner.java:337)<br/>
                        org.testng.SuiteRunner.run(SuiteRunner.java:286)<br/>
                        org.testng.SuiteRunnerWorker.runSuite(SuiteRunnerWorker.java:53)<br/>
                        org.testng.SuiteRunnerWorker.run(SuiteRunnerWorker.java:96)<br/>
                        org.testng.TestNG.runSuitesSequentially(TestNG.java:1187)<br/>
                        org.testng.TestNG.runSuitesSequentially(TestNG.java:1182)<br/>
                        org.testng.TestNG.runSuitesLocally(TestNG.java:1109)<br/>
                        org.testng.TestNG.runSuites(TestNG.java:1039)<br/>
                        org.testng.TestNG.run(TestNG.java:1007)<br/>
                        org.apache.maven.surefire.testng.TestNGExecutor.run(TestNGExecutor.java:283)<br/>
                        org.apache.maven.surefire.testng.TestNGXmlTestSuite.execute(TestNGXmlTestSuite.java:75)<br/>
                        org.apache.maven.surefire.testng.TestNGProvider.invoke(TestNGProvider.java:120)<br/>
                        org.apache.maven.surefire.booter.ForkedBooter.runSuitesInProcess(ForkedBooter.java:377)<br/>
                        org.apache.maven.surefire.booter.ForkedBooter.execute(ForkedBooter.java:138)<br/>
                        org.apache.maven.surefire.booter.ForkedBooter.run(ForkedBooter.java:465)<br/>
                        org.apache.maven.surefire.booter.ForkedBooter.main(ForkedBooter.java:451)<br/>
                </div>
        </td>
    </tr>
    <tr>
        <td class="method">
                verifyDataOnRMSEditConsignment
        </td>
        <td class="duration">
            120.519s
        </td>
        <td class="result">
            <!-- Display the dependencies for skipped test methods -->


            <!-- Show logger output for the test -->

                <a href="javascript:toggleElement('exception-1', 'block')"
                   title="Click to expand/collapse">
                    <b>org.openqa.selenium.TimeoutException: Expected condition failed: waiting for element to be clickable: Proxy element for: AjaxElementLocator &apos;By.cssSelector: input#txtBilledTo&apos; (tried for 60 second(s) with 500 milliseconds interval)</b>
                </a>
                <br/>
                <div class="stackTrace" id="exception-1">
                        org.openqa.selenium.support.ui.WebDriverWait.timeoutException(WebDriverWait.java:95)<br/>
                        org.openqa.selenium.support.ui.FluentWait.until(FluentWait.java:272)<br/>
                        pages.PageDashBoard.verifyBilledToProd(PageDashBoard.java:598)<br/>
                        pages.TestPageRMSProd.verifyDataOnRMSEditConsignment(TestPageRMSProd.java:80)<br/>
                        java.base/jdk.internal.reflect.NativeMethodAccessorImpl.invoke0(Native Method)<br/>
                        java.base/jdk.internal.reflect.NativeMethodAccessorImpl.invoke(NativeMethodAccessorImpl.java:62)<br/>
                        java.base/jdk.internal.reflect.DelegatingMethodAccessorImpl.invoke(DelegatingMethodAccessorImpl.java:43)<br/>
                        java.base/java.lang.reflect.Method.invoke(Method.java:566)<br/>
                        org.testng.internal.MethodInvocationHelper.invokeMethod(MethodInvocationHelper.java:134)<br/>
                        org.testng.internal.TestInvoker.invokeMethod(TestInvoker.java:597)<br/>
                        org.testng.internal.TestInvoker.invokeTestMethod(TestInvoker.java:173)<br/>
                        org.testng.internal.MethodRunner.runInSequence(MethodRunner.java:46)<br/>
                        org.testng.internal.TestInvoker$MethodInvocationAgent.invoke(TestInvoker.java:816)<br/>
                        org.testng.internal.TestInvoker.invokeTestMethods(TestInvoker.java:146)<br/>
                        org.testng.internal.TestMethodWorker.invokeTestMethods(TestMethodWorker.java:146)<br/>
                        org.testng.internal.TestMethodWorker.run(TestMethodWorker.java:128)<br/>
                        java.base/java.util.ArrayList.forEach(ArrayList.java:1541)<br/>
                        org.testng.TestRunner.privateRun(TestRunner.java:766)<br/>
                        org.testng.TestRunner.run(TestRunner.java:587)<br/>
                        org.testng.SuiteRunner.runTest(SuiteRunner.java:384)<br/>
                        org.testng.SuiteRunner.runSequentially(SuiteRunner.java:378)<br/>
                        org.testng.SuiteRunner.privateRun(SuiteRunner.java:337)<br/>
                        org.testng.SuiteRunner.run(SuiteRunner.java:286)<br/>
                        org.testng.SuiteRunnerWorker.runSuite(SuiteRunnerWorker.java:53)<br/>
                        org.testng.SuiteRunnerWorker.run(SuiteRunnerWorker.java:96)<br/>
                        org.testng.TestNG.runSuitesSequentially(TestNG.java:1187)<br/>
                        org.testng.TestNG.runSuitesSequentially(TestNG.java:1182)<br/>
                        org.testng.TestNG.runSuitesLocally(TestNG.java:1109)<br/>
                        org.testng.TestNG.runSuites(TestNG.java:1039)<br/>
                        org.testng.TestNG.run(TestNG.java:1007)<br/>
                        org.apache.maven.surefire.testng.TestNGExecutor.run(TestNGExecutor.java:283)<br/>
                        org.apache.maven.surefire.testng.TestNGXmlTestSuite.execute(TestNGXmlTestSuite.java:75)<br/>
                        org.apache.maven.surefire.testng.TestNGProvider.invoke(TestNGProvider.java:120)<br/>
                        org.apache.maven.surefire.booter.ForkedBooter.runSuitesInProcess(ForkedBooter.java:377)<br/>
                        org.apache.maven.surefire.booter.ForkedBooter.execute(ForkedBooter.java:138)<br/>
                        org.apache.maven.surefire.booter.ForkedBooter.run(ForkedBooter.java:465)<br/>
                        org.apache.maven.surefire.booter.ForkedBooter.main(ForkedBooter.java:451)<br/>
                        <b>Caused by: </b>
                        <a href="javascript:toggleElement('exception-2', 'block')"
                           title="Click to expand/collapse">
                            org.openqa.selenium.NoSuchElementException: Timed out after 60 seconds. Unable to locate the element
                        </a>
                        <br/>
                        <div class="stackTrace" id="exception-2">
                                org.openqa.selenium.support.pagefactory.AjaxElementLocator.findElement(AjaxElementLocator.java:99)<br/>
                                org.openqa.selenium.support.pagefactory.internal.LocatingElementHandler.invoke(LocatingElementHandler.java:38)<br/>
                                com.sun.proxy.$Proxy20.isDisplayed(Unknown Source)<br/>
                                org.openqa.selenium.support.ui.ExpectedConditions.elementIfVisible(ExpectedConditions.java:314)<br/>
                                org.openqa.selenium.support.ui.ExpectedConditions.access$000(ExpectedConditions.java:43)<br/>
                                org.openqa.selenium.support.ui.ExpectedConditions$10.apply(ExpectedConditions.java:300)<br/>
                                org.openqa.selenium.support.ui.ExpectedConditions$10.apply(ExpectedConditions.java:297)<br/>
                                org.openqa.selenium.support.ui.ExpectedConditions$23.apply(ExpectedConditions.java:670)<br/>
                                org.openqa.selenium.support.ui.ExpectedConditions$23.apply(ExpectedConditions.java:666)<br/>
                                org.openqa.selenium.support.ui.FluentWait.until(FluentWait.java:249)<br/>
                                pages.PageDashBoard.verifyBilledToProd(PageDashBoard.java:598)<br/>
                                pages.TestPageRMSProd.verifyDataOnRMSEditConsignment(TestPageRMSProd.java:80)<br/>
                                java.base/jdk.internal.reflect.NativeMethodAccessorImpl.invoke0(Native Method)<br/>
                                java.base/jdk.internal.reflect.NativeMethodAccessorImpl.invoke(NativeMethodAccessorImpl.java:62)<br/>
                                java.base/jdk.internal.reflect.DelegatingMethodAccessorImpl.invoke(DelegatingMethodAccessorImpl.java:43)<br/>
                                java.base/java.lang.reflect.Method.invoke(Method.java:566)<br/>
                                org.testng.internal.MethodInvocationHelper.invokeMethod(MethodInvocationHelper.java:134)<br/>
                                org.testng.internal.TestInvoker.invokeMethod(TestInvoker.java:597)<br/>
                                org.testng.internal.TestInvoker.invokeTestMethod(TestInvoker.java:173)<br/>
                                org.testng.internal.MethodRunner.runInSequence(MethodRunner.java:46)<br/>
                                org.testng.internal.TestInvoker$MethodInvocationAgent.invoke(TestInvoker.java:816)<br/>
                                org.testng.internal.TestInvoker.invokeTestMethods(TestInvoker.java:146)<br/>
                                org.testng.internal.TestMethodWorker.invokeTestMethods(TestMethodWorker.java:146)<br/>
                                org.testng.internal.TestMethodWorker.run(TestMethodWorker.java:128)<br/>
                                java.base/java.util.ArrayList.forEach(ArrayList.java:1541)<br/>
                                org.testng.TestRunner.privateRun(TestRunner.java:766)<br/>
                                org.testng.TestRunner.run(TestRunner.java:587)<br/>
                                org.testng.SuiteRunner.runTest(SuiteRunner.java:384)<br/>
                                org.testng.SuiteRunner.runSequentially(SuiteRunner.java:378)<br/>
                                org.testng.SuiteRunner.privateRun(SuiteRunner.java:337)<br/>
                                org.testng.SuiteRunner.run(SuiteRunner.java:286)<br/>
                                org.testng.SuiteRunnerWorker.runSuite(SuiteRunnerWorker.java:53)<br/>
                                org.testng.SuiteRunnerWorker.run(SuiteRunnerWorker.java:96)<br/>
                                org.testng.TestNG.runSuitesSequentially(TestNG.java:1187)<br/>
                                org.testng.TestNG.runSuitesSequentially(TestNG.java:1182)<br/>
                                org.testng.TestNG.runSuitesLocally(TestNG.java:1109)<br/>
                                org.testng.TestNG.runSuites(TestNG.java:1039)<br/>
                                org.testng.TestNG.run(TestNG.java:1007)<br/>
                                org.apache.maven.surefire.testng.TestNGExecutor.run(TestNGExecutor.java:283)<br/>
                                org.apache.maven.surefire.testng.TestNGXmlTestSuite.execute(TestNGXmlTestSuite.java:75)<br/>
                                org.apache.maven.surefire.testng.TestNGProvider.invoke(TestNGProvider.java:120)<br/>
                                org.apache.maven.surefire.booter.ForkedBooter.runSuitesInProcess(ForkedBooter.java:377)<br/>
                                org.apache.maven.surefire.booter.ForkedBooter.execute(ForkedBooter.java:138)<br/>
                                org.apache.maven.surefire.booter.ForkedBooter.run(ForkedBooter.java:465)<br/>
                                org.apache.maven.surefire.booter.ForkedBooter.main(ForkedBooter.java:451)<br/>
                        </div>
                        <b>Caused by: </b>
                        <a href="javascript:toggleElement('exception-3', 'block')"
                           title="Click to expand/collapse">
                            org.openqa.selenium.NoSuchElementException: no such element: Unable to locate element: {&quot;method&quot;:&quot;css selector&quot;,&quot;selector&quot;:&quot;input#txtBilledTo&quot;}<br/>
&nbsp; (Session info: chrome=97.0.4692.99)<br/>
For documentation on this error, please visit: https://www.seleniumhq.org/exceptions/no_such_element.html<br/>
Build info: version: &apos;3.141.59&apos;, revision: &apos;e82be7d358&apos;, time: &apos;2018-11-14T08:17:03&apos;<br/>
System info: host: &apos;WJLP-1270&apos;, ip: &apos;192.168.0.2&apos;, os.name: &apos;Windows 10&apos;, os.arch: &apos;amd64&apos;, os.version: &apos;10.0&apos;, java.version: &apos;11.0.10&apos;<br/>
Driver info: org.openqa.selenium.chrome.ChromeDriver<br/>
Capabilities {acceptInsecureCerts: false, browserName: chrome, browserVersion: 97.0.4692.99, chrome: {chromedriverVersion: 97.0.4692.71 (adefa7837d02a..., userDataDir: C:\Users\nasreenk\AppData\L...}, goog:chromeOptions: {debuggerAddress: localhost:50685}, javascriptEnabled: true, networkConnectionEnabled: false, pageLoadStrategy: none, platform: WINDOWS, platformName: WINDOWS, proxy: Proxy(), setWindowRect: true, strictFileInteractability: false, timeouts: {implicit: 0, pageLoad: 300000, script: 30000}, unhandledPromptBehavior: dismiss and notify, webauthn:extension:credBlob: true, webauthn:extension:largeBlob: true, webauthn:virtualAuthenticators: true}<br/>
Session ID: 8cb4d8b0e71b06879a987572bd1bf931<br/>
*** Element info: {Using=css selector, value=input#txtBilledTo}
                        </a>
                        <br/>
                        <div class="stackTrace" id="exception-3">
                                jdk.internal.reflect.GeneratedConstructorAccessor31.newInstance(Unknown Source)<br/>
                                java.base/jdk.internal.reflect.DelegatingConstructorAccessorImpl.newInstance(DelegatingConstructorAccessorImpl.java:45)<br/>
                                java.base/java.lang.reflect.Constructor.newInstance(Constructor.java:490)<br/>
                                org.openqa.selenium.remote.http.W3CHttpResponseCodec.createException(W3CHttpResponseCodec.java:187)<br/>
                                org.openqa.selenium.remote.http.W3CHttpResponseCodec.decode(W3CHttpResponseCodec.java:122)<br/>
                                org.openqa.selenium.remote.http.W3CHttpResponseCodec.decode(W3CHttpResponseCodec.java:49)<br/>
                                org.openqa.selenium.remote.HttpCommandExecutor.execute(HttpCommandExecutor.java:158)<br/>
                                org.openqa.selenium.remote.service.DriverCommandExecutor.execute(DriverCommandExecutor.java:83)<br/>
                                org.openqa.selenium.remote.RemoteWebDriver.execute(RemoteWebDriver.java:552)<br/>
                                org.openqa.selenium.remote.RemoteWebDriver.findElement(RemoteWebDriver.java:323)<br/>
                                org.openqa.selenium.remote.RemoteWebDriver.findElementByCssSelector(RemoteWebDriver.java:420)<br/>
                                org.openqa.selenium.By$ByCssSelector.findElement(By.java:431)<br/>
                                org.openqa.selenium.remote.RemoteWebDriver.findElement(RemoteWebDriver.java:315)<br/>
                                jdk.internal.reflect.GeneratedMethodAccessor5.invoke(Unknown Source)<br/>
                                java.base/jdk.internal.reflect.DelegatingMethodAccessorImpl.invoke(DelegatingMethodAccessorImpl.java:43)<br/>
                                java.base/java.lang.reflect.Method.invoke(Method.java:566)<br/>
                                org.openqa.selenium.support.events.EventFiringWebDriver.lambda$new$1(EventFiringWebDriver.java:105)<br/>
                                com.sun.proxy.$Proxy13.findElement(Unknown Source)<br/>
                                org.openqa.selenium.support.events.EventFiringWebDriver.findElement(EventFiringWebDriver.java:194)<br/>
                                org.openqa.selenium.support.pagefactory.DefaultElementLocator.findElement(DefaultElementLocator.java:69)<br/>
                                org.openqa.selenium.support.pagefactory.AjaxElementLocator.access$001(AjaxElementLocator.java:39)<br/>
                                org.openqa.selenium.support.pagefactory.AjaxElementLocator$SlowLoadingElement.isLoaded(AjaxElementLocator.java:165)<br/>
                                org.openqa.selenium.support.ui.SlowLoadableComponent.get(SlowLoadableComponent.java:72)<br/>
                                org.openqa.selenium.support.pagefactory.AjaxElementLocator.findElement(AjaxElementLocator.java:95)<br/>
                                org.openqa.selenium.support.pagefactory.internal.LocatingElementHandler.invoke(LocatingElementHandler.java:38)<br/>
                                com.sun.proxy.$Proxy20.isDisplayed(Unknown Source)<br/>
                                org.openqa.selenium.support.ui.ExpectedConditions.elementIfVisible(ExpectedConditions.java:314)<br/>
                                org.openqa.selenium.support.ui.ExpectedConditions.access$000(ExpectedConditions.java:43)<br/>
                                org.openqa.selenium.support.ui.ExpectedConditions$10.apply(ExpectedConditions.java:300)<br/>
                                org.openqa.selenium.support.ui.ExpectedConditions$10.apply(ExpectedConditions.java:297)<br/>
                                org.openqa.selenium.support.ui.ExpectedConditions$23.apply(ExpectedConditions.java:670)<br/>
                                org.openqa.selenium.support.ui.ExpectedConditions$23.apply(ExpectedConditions.java:666)<br/>
                                org.openqa.selenium.support.ui.FluentWait.until(FluentWait.java:249)<br/>
                                pages.PageDashBoard.verifyBilledToProd(PageDashBoard.java:598)<br/>
                                pages.TestPageRMSProd.verifyDataOnRMSEditConsignment(TestPageRMSProd.java:80)<br/>
                                java.base/jdk.internal.reflect.NativeMethodAccessorImpl.invoke0(Native Method)<br/>
                                java.base/jdk.internal.reflect.NativeMethodAccessorImpl.invoke(NativeMethodAccessorImpl.java:62)<br/>
                                java.base/jdk.internal.reflect.DelegatingMethodAccessorImpl.invoke(DelegatingMethodAccessorImpl.java:43)<br/>
                                java.base/java.lang.reflect.Method.invoke(Method.java:566)<br/>
                                org.testng.internal.MethodInvocationHelper.invokeMethod(MethodInvocationHelper.java:134)<br/>
                                org.testng.internal.TestInvoker.invokeMethod(TestInvoker.java:597)<br/>
                                org.testng.internal.TestInvoker.invokeTestMethod(TestInvoker.java:173)<br/>
                                org.testng.internal.MethodRunner.runInSequence(MethodRunner.java:46)<br/>
                                org.testng.internal.TestInvoker$MethodInvocationAgent.invoke(TestInvoker.java:816)<br/>
                                org.testng.internal.TestInvoker.invokeTestMethods(TestInvoker.java:146)<br/>
                                org.testng.internal.TestMethodWorker.invokeTestMethods(TestMethodWorker.java:146)<br/>
                                org.testng.internal.TestMethodWorker.run(TestMethodWorker.java:128)<br/>
                                java.base/java.util.ArrayList.forEach(ArrayList.java:1541)<br/>
                                org.testng.TestRunner.privateRun(TestRunner.java:766)<br/>
                                org.testng.TestRunner.run(TestRunner.java:587)<br/>
                                org.testng.SuiteRunner.runTest(SuiteRunner.java:384)<br/>
                                org.testng.SuiteRunner.runSequentially(SuiteRunner.java:378)<br/>
                                org.testng.SuiteRunner.privateRun(SuiteRunner.java:337)<br/>
                                org.testng.SuiteRunner.run(SuiteRunner.java:286)<br/>
                                org.testng.SuiteRunnerWorker.runSuite(SuiteRunnerWorker.java:53)<br/>
                                org.testng.SuiteRunnerWorker.run(SuiteRunnerWorker.java:96)<br/>
                                org.testng.TestNG.runSuitesSequentially(TestNG.java:1187)<br/>
                                org.testng.TestNG.runSuitesSequentially(TestNG.java:1182)<br/>
                                org.testng.TestNG.runSuitesLocally(TestNG.java:1109)<br/>
                                org.testng.TestNG.runSuites(TestNG.java:1039)<br/>
                                org.testng.TestNG.run(TestNG.java:1007)<br/>
                                org.apache.maven.surefire.testng.TestNGExecutor.run(TestNGExecutor.java:283)<br/>
                                org.apache.maven.surefire.testng.TestNGXmlTestSuite.execute(TestNGXmlTestSuite.java:75)<br/>
                                org.apache.maven.surefire.testng.TestNGProvider.invoke(TestNGProvider.java:120)<br/>
                                org.apache.maven.surefire.booter.ForkedBooter.runSuitesInProcess(ForkedBooter.java:377)<br/>
                                org.apache.maven.surefire.booter.ForkedBooter.execute(ForkedBooter.java:138)<br/>
                                org.apache.maven.surefire.booter.ForkedBooter.run(ForkedBooter.java:465)<br/>
                                org.apache.maven.surefire.booter.ForkedBooter.main(ForkedBooter.java:451)<br/>
                        </div>
                </div>
        </td>
    </tr>
    </table>


    <table class="resultsTable" width="100%">
        <tr>
            <th colspan="3" class="header passed">Passed Tests</th>
        </tr>
            <tr>
                <td class="group" colspan="3">pages.TestPageRMSProd</td>
            </tr>
    <tr>
        <td class="method">
                clickOnConsignment
        </td>
        <td class="duration">
            30.566s
        </td>
        <td class="result">
            <!-- Display the dependencies for skipped test methods -->


            <!-- Show logger output for the test -->

        </td>
    </tr>
    </table>

<script type="text/javascript" src="reportng.js"></script>
</body>
