<!doctype html>
<html lang="">
<head>
    <meta charset="UTF-8">
    <meta name="viewport"
          content="width=device-width, user-scalable=no, initial-scale=1.0, maximum-scale=1.0, minimum-scale=1.0">
    <meta http-equiv="X-UA-Compatible" content="ie=edge">
    <title>Test Results Report - Test Consignment</title>

    <link href="reportng.css" rel="stylesheet" type="text/css"/>
</head>
<body>
<div id="meta">
Generated by <a href="http://www.testng.org" target="_blank">TestNG</a> with <a href="https://github.com/testng-team/reportng" target="_blank">ReportNG</a>
at 09:41 CAT on Friday 26 February 2021
    <br/><span
    id="systemInfo">Nasreenk@WJLP-1098&nbsp;/&nbsp;Java 11.0.7 (Oracle Corporation)&nbsp;/&nbsp;Windows 10 10.0 (amd64)</span>
</div>
<h1>Test Consignment</h1>

<p>
    <a href="index.html">Suites</a>
        &#183; <a href="output.html">Log Output</a>
</p>

<p>Test duration
    : 302.943s</p>


    <table class="resultsTable">
        <tr>
            <th colspan="3" class="header failed">Failed Tests</th>
        </tr>
            <tr>
                <td class="group" colspan="3">pages.TestPageConsinment</td>
            </tr>
    <tr>
        <td class="method">
                doStarted
        </td>
        <td class="duration">
            183.708s
        </td>
        <td class="result">
            <!-- Display the dependencies for skipped test methods -->

                <i>Method arguments: </i>
                <span class="arguments">
                    {SecurityPack=SP12345678, ValueForCarrige=456, ReceiverName=A, BilledTo=SAGO44, ValidShipperReference=eeeeeee, InvalidShipperReference=wwww, ReceiverName2=Automation, SenderName=SCOIN, NumberOfParcel=1, ConsignmentID=UAT42092190}
                </span>
                <br/>

            <!-- Show logger output for the test -->

                <a href="javascript:toggleElement('exception-0', 'block')"
                   title="Click to expand/collapse">
                    <b>org.openqa.selenium.TimeoutException: Expected condition failed: waiting for visibility of Proxy element for: AjaxElementLocator &apos;By.xpath: //div[@class=&apos;v-dialog v-dialog--active&apos;]//div[@class=&apos;v-btn__content&apos;][contains(text(),&apos;Close&apos;)]&apos; (tried for 60 second(s) with 500 milliseconds interval)</b>
                </a>
                <br/>
                <div class="stackTrace" id="exception-0">
                        org.openqa.selenium.support.ui.WebDriverWait.timeoutException(WebDriverWait.java:95)<br/>
                        org.openqa.selenium.support.ui.FluentWait.until(FluentWait.java:272)<br/>
                        pages.PageConsinment.clickOnFinaliseConsignment(PageConsinment.java:895)<br/>
                        pages.TestPageConsinment.doStarted(TestPageConsinment.java:348)<br/>
                        java.base/jdk.internal.reflect.NativeMethodAccessorImpl.invoke0(Native Method)<br/>
                        java.base/jdk.internal.reflect.NativeMethodAccessorImpl.invoke(NativeMethodAccessorImpl.java:62)<br/>
                        java.base/jdk.internal.reflect.DelegatingMethodAccessorImpl.invoke(DelegatingMethodAccessorImpl.java:43)<br/>
                        java.base/java.lang.reflect.Method.invoke(Method.java:566)<br/>
                        org.testng.internal.MethodInvocationHelper.invokeMethod(MethodInvocationHelper.java:134)<br/>
                        org.testng.internal.TestInvoker.invokeMethod(TestInvoker.java:597)<br/>
                        org.testng.internal.TestInvoker.invokeTestMethod(TestInvoker.java:173)<br/>
                        org.testng.internal.MethodRunner.runInSequence(MethodRunner.java:46)<br/>
                        org.testng.internal.TestInvoker$MethodInvocationAgent.invoke(TestInvoker.java:816)<br/>
                        org.testng.internal.TestInvoker.invokeTestMethods(TestInvoker.java:146)<br/>
                        org.testng.internal.TestMethodWorker.invokeTestMethods(TestMethodWorker.java:146)<br/>
                        org.testng.internal.TestMethodWorker.run(TestMethodWorker.java:128)<br/>
                        java.base/java.util.ArrayList.forEach(ArrayList.java:1540)<br/>
                        org.testng.TestRunner.privateRun(TestRunner.java:766)<br/>
                        org.testng.TestRunner.run(TestRunner.java:587)<br/>
                        org.testng.SuiteRunner.runTest(SuiteRunner.java:384)<br/>
                        org.testng.SuiteRunner.runSequentially(SuiteRunner.java:378)<br/>
                        org.testng.SuiteRunner.privateRun(SuiteRunner.java:337)<br/>
                        org.testng.SuiteRunner.run(SuiteRunner.java:286)<br/>
                        org.testng.SuiteRunnerWorker.runSuite(SuiteRunnerWorker.java:53)<br/>
                        org.testng.SuiteRunnerWorker.run(SuiteRunnerWorker.java:96)<br/>
                        org.testng.TestNG.runSuitesSequentially(TestNG.java:1187)<br/>
                        org.testng.TestNG.runSuitesSequentially(TestNG.java:1182)<br/>
                        org.testng.TestNG.runSuitesLocally(TestNG.java:1109)<br/>
                        org.testng.TestNG.runSuites(TestNG.java:1039)<br/>
                        org.testng.TestNG.run(TestNG.java:1007)<br/>
                        org.apache.maven.surefire.testng.TestNGExecutor.run(TestNGExecutor.java:283)<br/>
                        org.apache.maven.surefire.testng.TestNGXmlTestSuite.execute(TestNGXmlTestSuite.java:75)<br/>
                        org.apache.maven.surefire.testng.TestNGProvider.invoke(TestNGProvider.java:120)<br/>
                        org.apache.maven.surefire.booter.ForkedBooter.runSuitesInProcess(ForkedBooter.java:377)<br/>
                        org.apache.maven.surefire.booter.ForkedBooter.execute(ForkedBooter.java:138)<br/>
                        org.apache.maven.surefire.booter.ForkedBooter.run(ForkedBooter.java:465)<br/>
                        org.apache.maven.surefire.booter.ForkedBooter.main(ForkedBooter.java:451)<br/>
                        <b>Caused by: </b>
                        <a href="javascript:toggleElement('exception-1', 'block')"
                           title="Click to expand/collapse">
                            org.openqa.selenium.NoSuchElementException: Timed out after 60 seconds. Unable to locate the element
                        </a>
                        <br/>
                        <div class="stackTrace" id="exception-1">
                                org.openqa.selenium.support.pagefactory.AjaxElementLocator.findElement(AjaxElementLocator.java:99)<br/>
                                org.openqa.selenium.support.pagefactory.internal.LocatingElementHandler.invoke(LocatingElementHandler.java:38)<br/>
                                com.sun.proxy.$Proxy20.isDisplayed(Unknown Source)<br/>
                                org.openqa.selenium.support.ui.ExpectedConditions.elementIfVisible(ExpectedConditions.java:314)<br/>
                                org.openqa.selenium.support.ui.ExpectedConditions.access$000(ExpectedConditions.java:43)<br/>
                                org.openqa.selenium.support.ui.ExpectedConditions$10.apply(ExpectedConditions.java:300)<br/>
                                org.openqa.selenium.support.ui.ExpectedConditions$10.apply(ExpectedConditions.java:297)<br/>
                                org.openqa.selenium.support.ui.FluentWait.until(FluentWait.java:249)<br/>
                                pages.PageConsinment.clickOnFinaliseConsignment(PageConsinment.java:895)<br/>
                                pages.TestPageConsinment.doStarted(TestPageConsinment.java:348)<br/>
                                java.base/jdk.internal.reflect.NativeMethodAccessorImpl.invoke0(Native Method)<br/>
                                java.base/jdk.internal.reflect.NativeMethodAccessorImpl.invoke(NativeMethodAccessorImpl.java:62)<br/>
                                java.base/jdk.internal.reflect.DelegatingMethodAccessorImpl.invoke(DelegatingMethodAccessorImpl.java:43)<br/>
                                java.base/java.lang.reflect.Method.invoke(Method.java:566)<br/>
                                org.testng.internal.MethodInvocationHelper.invokeMethod(MethodInvocationHelper.java:134)<br/>
                                org.testng.internal.TestInvoker.invokeMethod(TestInvoker.java:597)<br/>
                                org.testng.internal.TestInvoker.invokeTestMethod(TestInvoker.java:173)<br/>
                                org.testng.internal.MethodRunner.runInSequence(MethodRunner.java:46)<br/>
                                org.testng.internal.TestInvoker$MethodInvocationAgent.invoke(TestInvoker.java:816)<br/>
                                org.testng.internal.TestInvoker.invokeTestMethods(TestInvoker.java:146)<br/>
                                org.testng.internal.TestMethodWorker.invokeTestMethods(TestMethodWorker.java:146)<br/>
                                org.testng.internal.TestMethodWorker.run(TestMethodWorker.java:128)<br/>
                                java.base/java.util.ArrayList.forEach(ArrayList.java:1540)<br/>
                                org.testng.TestRunner.privateRun(TestRunner.java:766)<br/>
                                org.testng.TestRunner.run(TestRunner.java:587)<br/>
                                org.testng.SuiteRunner.runTest(SuiteRunner.java:384)<br/>
                                org.testng.SuiteRunner.runSequentially(SuiteRunner.java:378)<br/>
                                org.testng.SuiteRunner.privateRun(SuiteRunner.java:337)<br/>
                                org.testng.SuiteRunner.run(SuiteRunner.java:286)<br/>
                                org.testng.SuiteRunnerWorker.runSuite(SuiteRunnerWorker.java:53)<br/>
                                org.testng.SuiteRunnerWorker.run(SuiteRunnerWorker.java:96)<br/>
                                org.testng.TestNG.runSuitesSequentially(TestNG.java:1187)<br/>
                                org.testng.TestNG.runSuitesSequentially(TestNG.java:1182)<br/>
                                org.testng.TestNG.runSuitesLocally(TestNG.java:1109)<br/>
                                org.testng.TestNG.runSuites(TestNG.java:1039)<br/>
                                org.testng.TestNG.run(TestNG.java:1007)<br/>
                                org.apache.maven.surefire.testng.TestNGExecutor.run(TestNGExecutor.java:283)<br/>
                                org.apache.maven.surefire.testng.TestNGXmlTestSuite.execute(TestNGXmlTestSuite.java:75)<br/>
                                org.apache.maven.surefire.testng.TestNGProvider.invoke(TestNGProvider.java:120)<br/>
                                org.apache.maven.surefire.booter.ForkedBooter.runSuitesInProcess(ForkedBooter.java:377)<br/>
                                org.apache.maven.surefire.booter.ForkedBooter.execute(ForkedBooter.java:138)<br/>
                                org.apache.maven.surefire.booter.ForkedBooter.run(ForkedBooter.java:465)<br/>
                                org.apache.maven.surefire.booter.ForkedBooter.main(ForkedBooter.java:451)<br/>
                        </div>
                        <b>Caused by: </b>
                        <a href="javascript:toggleElement('exception-2', 'block')"
                           title="Click to expand/collapse">
                            org.openqa.selenium.NoSuchElementException: no such element: Unable to locate element: {&quot;method&quot;:&quot;xpath&quot;,&quot;selector&quot;:&quot;//div[@class=&apos;v-dialog v-dialog--active&apos;]//div[@class=&apos;v-btn__content&apos;][contains(text(),&apos;Close&apos;)]&quot;}<br/>
&nbsp; (Session info: chrome=88.0.4324.182)<br/>
For documentation on this error, please visit: https://www.seleniumhq.org/exceptions/no_such_element.html<br/>
Build info: version: &apos;3.141.59&apos;, revision: &apos;e82be7d358&apos;, time: &apos;2018-11-14T08:17:03&apos;<br/>
System info: host: &apos;WJLP-1098&apos;, ip: &apos;192.168.65.1&apos;, os.name: &apos;Windows 10&apos;, os.arch: &apos;amd64&apos;, os.version: &apos;10.0&apos;, java.version: &apos;11.0.7&apos;<br/>
Driver info: org.openqa.selenium.chrome.ChromeDriver<br/>
Capabilities {acceptInsecureCerts: false, browserName: chrome, browserVersion: 88.0.4324.182, chrome: {chromedriverVersion: 88.0.4324.96 (68dba2d8a0b14..., userDataDir: C:\Users\nasreenk\AppData\L...}, goog:chromeOptions: {debuggerAddress: localhost:52879}, javascriptEnabled: true, networkConnectionEnabled: false, pageLoadStrategy: none, platform: WINDOWS, platformName: WINDOWS, proxy: Proxy(), setWindowRect: true, strictFileInteractability: false, timeouts: {implicit: 0, pageLoad: 300000, script: 30000}, unhandledPromptBehavior: dismiss and notify, webauthn:extension:largeBlob: true, webauthn:virtualAuthenticators: true}<br/>
Session ID: 3ed1d3c7d8720aa8497e2a0e3243b8d6<br/>
*** Element info: {Using=xpath, value=//div[@class=&apos;v-dialog v-dialog--active&apos;]//div[@class=&apos;v-btn__content&apos;][contains(text(),&apos;Close&apos;)]}
                        </a>
                        <br/>
                        <div class="stackTrace" id="exception-2">
                                jdk.internal.reflect.GeneratedConstructorAccessor22.newInstance(Unknown Source)<br/>
                                java.base/jdk.internal.reflect.DelegatingConstructorAccessorImpl.newInstance(DelegatingConstructorAccessorImpl.java:45)<br/>
                                java.base/java.lang.reflect.Constructor.newInstance(Constructor.java:490)<br/>
                                org.openqa.selenium.remote.http.W3CHttpResponseCodec.createException(W3CHttpResponseCodec.java:187)<br/>
                                org.openqa.selenium.remote.http.W3CHttpResponseCodec.decode(W3CHttpResponseCodec.java:122)<br/>
                                org.openqa.selenium.remote.http.W3CHttpResponseCodec.decode(W3CHttpResponseCodec.java:49)<br/>
                                org.openqa.selenium.remote.HttpCommandExecutor.execute(HttpCommandExecutor.java:158)<br/>
                                org.openqa.selenium.remote.service.DriverCommandExecutor.execute(DriverCommandExecutor.java:83)<br/>
                                org.openqa.selenium.remote.RemoteWebDriver.execute(RemoteWebDriver.java:552)<br/>
                                org.openqa.selenium.remote.RemoteWebDriver.findElement(RemoteWebDriver.java:323)<br/>
                                org.openqa.selenium.remote.RemoteWebDriver.findElementByXPath(RemoteWebDriver.java:428)<br/>
                                org.openqa.selenium.By$ByXPath.findElement(By.java:353)<br/>
                                org.openqa.selenium.remote.RemoteWebDriver.findElement(RemoteWebDriver.java:315)<br/>
                                jdk.internal.reflect.GeneratedMethodAccessor5.invoke(Unknown Source)<br/>
                                java.base/jdk.internal.reflect.DelegatingMethodAccessorImpl.invoke(DelegatingMethodAccessorImpl.java:43)<br/>
                                java.base/java.lang.reflect.Method.invoke(Method.java:566)<br/>
                                org.openqa.selenium.support.events.EventFiringWebDriver.lambda$new$1(EventFiringWebDriver.java:105)<br/>
                                com.sun.proxy.$Proxy13.findElement(Unknown Source)<br/>
                                org.openqa.selenium.support.events.EventFiringWebDriver.findElement(EventFiringWebDriver.java:194)<br/>
                                org.openqa.selenium.support.pagefactory.DefaultElementLocator.findElement(DefaultElementLocator.java:69)<br/>
                                org.openqa.selenium.support.pagefactory.AjaxElementLocator.access$001(AjaxElementLocator.java:39)<br/>
                                org.openqa.selenium.support.pagefactory.AjaxElementLocator$SlowLoadingElement.isLoaded(AjaxElementLocator.java:165)<br/>
                                org.openqa.selenium.support.ui.SlowLoadableComponent.get(SlowLoadableComponent.java:72)<br/>
                                org.openqa.selenium.support.pagefactory.AjaxElementLocator.findElement(AjaxElementLocator.java:95)<br/>
                                org.openqa.selenium.support.pagefactory.internal.LocatingElementHandler.invoke(LocatingElementHandler.java:38)<br/>
                                com.sun.proxy.$Proxy20.isDisplayed(Unknown Source)<br/>
                                org.openqa.selenium.support.ui.ExpectedConditions.elementIfVisible(ExpectedConditions.java:314)<br/>
                                org.openqa.selenium.support.ui.ExpectedConditions.access$000(ExpectedConditions.java:43)<br/>
                                org.openqa.selenium.support.ui.ExpectedConditions$10.apply(ExpectedConditions.java:300)<br/>
                                org.openqa.selenium.support.ui.ExpectedConditions$10.apply(ExpectedConditions.java:297)<br/>
                                org.openqa.selenium.support.ui.FluentWait.until(FluentWait.java:249)<br/>
                                pages.PageConsinment.clickOnFinaliseConsignment(PageConsinment.java:895)<br/>
                                pages.TestPageConsinment.doStarted(TestPageConsinment.java:348)<br/>
                                java.base/jdk.internal.reflect.NativeMethodAccessorImpl.invoke0(Native Method)<br/>
                                java.base/jdk.internal.reflect.NativeMethodAccessorImpl.invoke(NativeMethodAccessorImpl.java:62)<br/>
                                java.base/jdk.internal.reflect.DelegatingMethodAccessorImpl.invoke(DelegatingMethodAccessorImpl.java:43)<br/>
                                java.base/java.lang.reflect.Method.invoke(Method.java:566)<br/>
                                org.testng.internal.MethodInvocationHelper.invokeMethod(MethodInvocationHelper.java:134)<br/>
                                org.testng.internal.TestInvoker.invokeMethod(TestInvoker.java:597)<br/>
                                org.testng.internal.TestInvoker.invokeTestMethod(TestInvoker.java:173)<br/>
                                org.testng.internal.MethodRunner.runInSequence(MethodRunner.java:46)<br/>
                                org.testng.internal.TestInvoker$MethodInvocationAgent.invoke(TestInvoker.java:816)<br/>
                                org.testng.internal.TestInvoker.invokeTestMethods(TestInvoker.java:146)<br/>
                                org.testng.internal.TestMethodWorker.invokeTestMethods(TestMethodWorker.java:146)<br/>
                                org.testng.internal.TestMethodWorker.run(TestMethodWorker.java:128)<br/>
                                java.base/java.util.ArrayList.forEach(ArrayList.java:1540)<br/>
                                org.testng.TestRunner.privateRun(TestRunner.java:766)<br/>
                                org.testng.TestRunner.run(TestRunner.java:587)<br/>
                                org.testng.SuiteRunner.runTest(SuiteRunner.java:384)<br/>
                                org.testng.SuiteRunner.runSequentially(SuiteRunner.java:378)<br/>
                                org.testng.SuiteRunner.privateRun(SuiteRunner.java:337)<br/>
                                org.testng.SuiteRunner.run(SuiteRunner.java:286)<br/>
                                org.testng.SuiteRunnerWorker.runSuite(SuiteRunnerWorker.java:53)<br/>
                                org.testng.SuiteRunnerWorker.run(SuiteRunnerWorker.java:96)<br/>
                                org.testng.TestNG.runSuitesSequentially(TestNG.java:1187)<br/>
                                org.testng.TestNG.runSuitesSequentially(TestNG.java:1182)<br/>
                                org.testng.TestNG.runSuitesLocally(TestNG.java:1109)<br/>
                                org.testng.TestNG.runSuites(TestNG.java:1039)<br/>
                                org.testng.TestNG.run(TestNG.java:1007)<br/>
                                org.apache.maven.surefire.testng.TestNGExecutor.run(TestNGExecutor.java:283)<br/>
                                org.apache.maven.surefire.testng.TestNGXmlTestSuite.execute(TestNGXmlTestSuite.java:75)<br/>
                                org.apache.maven.surefire.testng.TestNGProvider.invoke(TestNGProvider.java:120)<br/>
                                org.apache.maven.surefire.booter.ForkedBooter.runSuitesInProcess(ForkedBooter.java:377)<br/>
                                org.apache.maven.surefire.booter.ForkedBooter.execute(ForkedBooter.java:138)<br/>
                                org.apache.maven.surefire.booter.ForkedBooter.run(ForkedBooter.java:465)<br/>
                                org.apache.maven.surefire.booter.ForkedBooter.main(ForkedBooter.java:451)<br/>
                        </div>
                </div>
        </td>
    </tr>
    <tr>
        <td class="method">
                verifyValueStepperIsNotPresentOnSelectionOfDoc
        </td>
        <td class="duration">
            55.851s
        </td>
        <td class="result">
            <!-- Display the dependencies for skipped test methods -->


            <!-- Show logger output for the test -->

                <a href="javascript:toggleElement('exception-3', 'block')"
                   title="Click to expand/collapse">
                    <b>org.openqa.selenium.StaleElementReferenceException: stale element reference: element is not attached to the page document<br/>
&nbsp; (Session info: chrome=88.0.4324.182)<br/>
For documentation on this error, please visit: https://www.seleniumhq.org/exceptions/stale_element_reference.html<br/>
Build info: version: &apos;3.141.59&apos;, revision: &apos;e82be7d358&apos;, time: &apos;2018-11-14T08:17:03&apos;<br/>
System info: host: &apos;WJLP-1098&apos;, ip: &apos;192.168.65.1&apos;, os.name: &apos;Windows 10&apos;, os.arch: &apos;amd64&apos;, os.version: &apos;10.0&apos;, java.version: &apos;11.0.7&apos;<br/>
Driver info: org.openqa.selenium.chrome.ChromeDriver<br/>
Capabilities {acceptInsecureCerts: false, browserName: chrome, browserVersion: 88.0.4324.182, chrome: {chromedriverVersion: 88.0.4324.96 (68dba2d8a0b14..., userDataDir: C:\Users\nasreenk\AppData\L...}, goog:chromeOptions: {debuggerAddress: localhost:52879}, javascriptEnabled: true, networkConnectionEnabled: false, pageLoadStrategy: none, platform: WINDOWS, platformName: WINDOWS, proxy: Proxy(), setWindowRect: true, strictFileInteractability: false, timeouts: {implicit: 0, pageLoad: 300000, script: 30000}, unhandledPromptBehavior: dismiss and notify, webauthn:extension:largeBlob: true, webauthn:virtualAuthenticators: true}<br/>
Session ID: 3ed1d3c7d8720aa8497e2a0e3243b8d6</b>
                </a>
                <br/>
                <div class="stackTrace" id="exception-3">
                        java.base/jdk.internal.reflect.NativeConstructorAccessorImpl.newInstance0(Native Method)<br/>
                        java.base/jdk.internal.reflect.NativeConstructorAccessorImpl.newInstance(NativeConstructorAccessorImpl.java:62)<br/>
                        java.base/jdk.internal.reflect.DelegatingConstructorAccessorImpl.newInstance(DelegatingConstructorAccessorImpl.java:45)<br/>
                        java.base/java.lang.reflect.Constructor.newInstance(Constructor.java:490)<br/>
                        org.openqa.selenium.remote.http.W3CHttpResponseCodec.createException(W3CHttpResponseCodec.java:187)<br/>
                        org.openqa.selenium.remote.http.W3CHttpResponseCodec.decode(W3CHttpResponseCodec.java:122)<br/>
                        org.openqa.selenium.remote.http.W3CHttpResponseCodec.decode(W3CHttpResponseCodec.java:49)<br/>
                        org.openqa.selenium.remote.HttpCommandExecutor.execute(HttpCommandExecutor.java:158)<br/>
                        org.openqa.selenium.remote.service.DriverCommandExecutor.execute(DriverCommandExecutor.java:83)<br/>
                        org.openqa.selenium.remote.RemoteWebDriver.execute(RemoteWebDriver.java:552)<br/>
                        org.openqa.selenium.remote.RemoteWebElement.execute(RemoteWebElement.java:285)<br/>
                        org.openqa.selenium.remote.RemoteWebElement.isDisplayed(RemoteWebElement.java:326)<br/>
                        jdk.internal.reflect.GeneratedMethodAccessor8.invoke(Unknown Source)<br/>
                        java.base/jdk.internal.reflect.DelegatingMethodAccessorImpl.invoke(DelegatingMethodAccessorImpl.java:43)<br/>
                        java.base/java.lang.reflect.Method.invoke(Method.java:566)<br/>
                        org.openqa.selenium.support.events.EventFiringWebDriver$EventFiringWebElement.lambda$new$0(EventFiringWebDriver.java:404)<br/>
                        com.sun.proxy.$Proxy21.isDisplayed(Unknown Source)<br/>
                        org.openqa.selenium.support.events.EventFiringWebDriver$EventFiringWebElement.isDisplayed(EventFiringWebDriver.java:470)<br/>
                        jdk.internal.reflect.GeneratedMethodAccessor8.invoke(Unknown Source)<br/>
                        java.base/jdk.internal.reflect.DelegatingMethodAccessorImpl.invoke(DelegatingMethodAccessorImpl.java:43)<br/>
                        java.base/java.lang.reflect.Method.invoke(Method.java:566)<br/>
                        org.openqa.selenium.support.pagefactory.internal.LocatingElementHandler.invoke(LocatingElementHandler.java:51)<br/>
                        com.sun.proxy.$Proxy20.isDisplayed(Unknown Source)<br/>
                        org.openqa.selenium.support.ui.ExpectedConditions.elementIfVisible(ExpectedConditions.java:314)<br/>
                        org.openqa.selenium.support.ui.ExpectedConditions.access$000(ExpectedConditions.java:43)<br/>
                        org.openqa.selenium.support.ui.ExpectedConditions$10.apply(ExpectedConditions.java:300)<br/>
                        org.openqa.selenium.support.ui.ExpectedConditions$10.apply(ExpectedConditions.java:297)<br/>
                        org.openqa.selenium.support.ui.FluentWait.until(FluentWait.java:249)<br/>
                        pages.PageConsinment.clickOnCommudityContinuePopup(PageConsinment.java:941)<br/>
                        pages.TestPageConsinment.verifyValueStepperIsNotPresentOnSelectionOfDoc(TestPageConsinment.java:68)<br/>
                        java.base/jdk.internal.reflect.NativeMethodAccessorImpl.invoke0(Native Method)<br/>
                        java.base/jdk.internal.reflect.NativeMethodAccessorImpl.invoke(NativeMethodAccessorImpl.java:62)<br/>
                        java.base/jdk.internal.reflect.DelegatingMethodAccessorImpl.invoke(DelegatingMethodAccessorImpl.java:43)<br/>
                        java.base/java.lang.reflect.Method.invoke(Method.java:566)<br/>
                        org.testng.internal.MethodInvocationHelper.invokeMethod(MethodInvocationHelper.java:134)<br/>
                        org.testng.internal.TestInvoker.invokeMethod(TestInvoker.java:597)<br/>
                        org.testng.internal.TestInvoker.invokeTestMethod(TestInvoker.java:173)<br/>
                        org.testng.internal.MethodRunner.runInSequence(MethodRunner.java:46)<br/>
                        org.testng.internal.TestInvoker$MethodInvocationAgent.invoke(TestInvoker.java:816)<br/>
                        org.testng.internal.TestInvoker.invokeTestMethods(TestInvoker.java:146)<br/>
                        org.testng.internal.TestMethodWorker.invokeTestMethods(TestMethodWorker.java:146)<br/>
                        org.testng.internal.TestMethodWorker.run(TestMethodWorker.java:128)<br/>
                        java.base/java.util.ArrayList.forEach(ArrayList.java:1540)<br/>
                        org.testng.TestRunner.privateRun(TestRunner.java:766)<br/>
                        org.testng.TestRunner.run(TestRunner.java:587)<br/>
                        org.testng.SuiteRunner.runTest(SuiteRunner.java:384)<br/>
                        org.testng.SuiteRunner.runSequentially(SuiteRunner.java:378)<br/>
                        org.testng.SuiteRunner.privateRun(SuiteRunner.java:337)<br/>
                        org.testng.SuiteRunner.run(SuiteRunner.java:286)<br/>
                        org.testng.SuiteRunnerWorker.runSuite(SuiteRunnerWorker.java:53)<br/>
                        org.testng.SuiteRunnerWorker.run(SuiteRunnerWorker.java:96)<br/>
                        org.testng.TestNG.runSuitesSequentially(TestNG.java:1187)<br/>
                        org.testng.TestNG.runSuitesSequentially(TestNG.java:1182)<br/>
                        org.testng.TestNG.runSuitesLocally(TestNG.java:1109)<br/>
                        org.testng.TestNG.runSuites(TestNG.java:1039)<br/>
                        org.testng.TestNG.run(TestNG.java:1007)<br/>
                        org.apache.maven.surefire.testng.TestNGExecutor.run(TestNGExecutor.java:283)<br/>
                        org.apache.maven.surefire.testng.TestNGXmlTestSuite.execute(TestNGXmlTestSuite.java:75)<br/>
                        org.apache.maven.surefire.testng.TestNGProvider.invoke(TestNGProvider.java:120)<br/>
                        org.apache.maven.surefire.booter.ForkedBooter.runSuitesInProcess(ForkedBooter.java:377)<br/>
                        org.apache.maven.surefire.booter.ForkedBooter.execute(ForkedBooter.java:138)<br/>
                        org.apache.maven.surefire.booter.ForkedBooter.run(ForkedBooter.java:465)<br/>
                        org.apache.maven.surefire.booter.ForkedBooter.main(ForkedBooter.java:451)<br/>
                </div>
        </td>
    </tr>
    </table>


    <table class="resultsTable" width="100%">
        <tr>
            <th colspan="3" class="header passed">Passed Tests</th>
        </tr>
            <tr>
                <td class="group" colspan="3">pages.TestPageConsinment</td>
            </tr>
    <tr>
        <td class="method">
                clickOnAccordian
        </td>
        <td class="duration">
            5.885s
        </td>
        <td class="result">
            <!-- Display the dependencies for skipped test methods -->


            <!-- Show logger output for the test -->

        </td>
    </tr>
    <tr>
        <td class="method">
                clickOnConsignment
        </td>
        <td class="duration">
            30.825s
        </td>
        <td class="result">
            <!-- Display the dependencies for skipped test methods -->


            <!-- Show logger output for the test -->

        </td>
    </tr>
    </table>

<script type="text/javascript" src="reportng.js"></script>
</body>
