{"name":"consignmentInboundEmailAndSave","status":"broken","statusDetails":{"known":false,"muted":false,"flaky":false,"message":"element click intercepted: Element <div class=\"v-stepper__step v-stepper__step--inactive\" id=\"stepReceiver\">...</div> is not clickable at point (657, 365). Other element would receive the click: <div data-v-517c2ba2=\"\" class=\"contener_mixte\">...</div>\n  (Session info: headless chrome=89.0.4389.90)\nBuild info: version: '3.141.59', revision: 'e82be7d358', time: '2018-11-14T08:17:03'\nSystem info: host: 'WJLP-1098', ip: '192.168.65.1', os.name: 'Windows 10', os.arch: 'amd64', os.version: '10.0', java.version: '11.0.7'\nDriver info: org.openqa.selenium.chrome.ChromeDriver\nCapabilities {acceptInsecureCerts: false, browserName: chrome, browserVersion: 89.0.4389.90, chrome: {chromedriverVersion: 89.0.4389.23 (61b08ee2c5002..., userDataDir: C:\\Users\\nasreenk\\AppData\\L...}, goog:chromeOptions: {debuggerAddress: localhost:57343}, javascriptEnabled: true, networkConnectionEnabled: false, pageLoadStrategy: none, platform: WINDOWS, platformName: WINDOWS, proxy: Proxy(), setWindowRect: true, strictFileInteractability: false, timeouts: {implicit: 0, pageLoad: 300000, script: 30000}, unhandledPromptBehavior: dismiss and notify, webauthn:extension:largeBlob: true, webauthn:virtualAuthenticators: true}\nSession ID: a17cb8e0199ae9ab39e73cf3a71b688a","trace":"org.openqa.selenium.ElementClickInterceptedException: element click intercepted: Element <div class=\"v-stepper__step v-stepper__step--inactive\" id=\"stepReceiver\">...</div> is not clickable at point (657, 365). Other element would receive the click: <div data-v-517c2ba2=\"\" class=\"contener_mixte\">...</div>\n  (Session info: headless chrome=89.0.4389.90)\nBuild info: version: '3.141.59', revision: 'e82be7d358', time: '2018-11-14T08:17:03'\nSystem info: host: 'WJLP-1098', ip: '192.168.65.1', os.name: 'Windows 10', os.arch: 'amd64', os.version: '10.0', java.version: '11.0.7'\nDriver info: org.openqa.selenium.chrome.ChromeDriver\nCapabilities {acceptInsecureCerts: false, browserName: chrome, browserVersion: 89.0.4389.90, chrome: {chromedriverVersion: 89.0.4389.23 (61b08ee2c5002..., userDataDir: C:\\Users\\nasreenk\\AppData\\L...}, goog:chromeOptions: {debuggerAddress: localhost:57343}, javascriptEnabled: true, networkConnectionEnabled: false, pageLoadStrategy: none, platform: WINDOWS, platformName: WINDOWS, proxy: Proxy(), setWindowRect: true, strictFileInteractability: false, timeouts: {implicit: 0, pageLoad: 300000, script: 30000}, unhandledPromptBehavior: dismiss and notify, webauthn:extension:largeBlob: true, webauthn:virtualAuthenticators: true}\nSession ID: a17cb8e0199ae9ab39e73cf3a71b688a\r\n\tat java.base/jdk.internal.reflect.NativeConstructorAccessorImpl.newInstance0(Native Method)\r\n\tat java.base/jdk.internal.reflect.NativeConstructorAccessorImpl.newInstance(NativeConstructorAccessorImpl.java:62)\r\n\tat java.base/jdk.internal.reflect.DelegatingConstructorAccessorImpl.newInstance(DelegatingConstructorAccessorImpl.java:45)\r\n\tat java.base/java.lang.reflect.Constructor.newInstance(Constructor.java:490)\r\n\tat org.openqa.selenium.remote.http.W3CHttpResponseCodec.createException(W3CHttpResponseCodec.java:187)\r\n\tat org.openqa.selenium.remote.http.W3CHttpResponseCodec.decode(W3CHttpResponseCodec.java:122)\r\n\tat org.openqa.selenium.remote.http.W3CHttpResponseCodec.decode(W3CHttpResponseCodec.java:49)\r\n\tat org.openqa.selenium.remote.HttpCommandExecutor.execute(HttpCommandExecutor.java:158)\r\n\tat org.openqa.selenium.remote.service.DriverCommandExecutor.execute(DriverCommandExecutor.java:83)\r\n\tat org.openqa.selenium.remote.RemoteWebDriver.execute(RemoteWebDriver.java:552)\r\n\tat org.openqa.selenium.remote.RemoteWebElement.execute(RemoteWebElement.java:285)\r\n\tat org.openqa.selenium.remote.RemoteWebElement.click(RemoteWebElement.java:84)\r\n\tat jdk.internal.reflect.GeneratedMethodAccessor10.invoke(Unknown Source)\r\n\tat java.base/jdk.internal.reflect.DelegatingMethodAccessorImpl.invoke(DelegatingMethodAccessorImpl.java:43)\r\n\tat java.base/java.lang.reflect.Method.invoke(Method.java:566)\r\n\tat org.openqa.selenium.support.events.EventFiringWebDriver$EventFiringWebElement.lambda$new$0(EventFiringWebDriver.java:404)\r\n\tat com.sun.proxy.$Proxy21.click(Unknown Source)\r\n\tat org.openqa.selenium.support.events.EventFiringWebDriver$EventFiringWebElement.click(EventFiringWebDriver.java:417)\r\n\tat jdk.internal.reflect.GeneratedMethodAccessor10.invoke(Unknown Source)\r\n\tat java.base/jdk.internal.reflect.DelegatingMethodAccessorImpl.invoke(DelegatingMethodAccessorImpl.java:43)\r\n\tat java.base/java.lang.reflect.Method.invoke(Method.java:566)\r\n\tat org.openqa.selenium.support.pagefactory.internal.LocatingElementHandler.invoke(LocatingElementHandler.java:51)\r\n\tat com.sun.proxy.$Proxy20.click(Unknown Source)\r\n\tat pages.PageConsinment.clickOnStepReciever(PageConsinment.java:1410)\r\n\tat pages.TestPageConsignmentInbound.consignmentInboundEmailAndSave(TestPageConsignmentInbound.java:125)\r\n\tat java.base/jdk.internal.reflect.NativeMethodAccessorImpl.invoke0(Native Method)\r\n\tat java.base/jdk.internal.reflect.NativeMethodAccessorImpl.invoke(NativeMethodAccessorImpl.java:62)\r\n\tat java.base/jdk.internal.reflect.DelegatingMethodAccessorImpl.invoke(DelegatingMethodAccessorImpl.java:43)\r\n\tat java.base/java.lang.reflect.Method.invoke(Method.java:566)\r\n\tat org.testng.internal.MethodInvocationHelper.invokeMethod(MethodInvocationHelper.java:134)\r\n\tat org.testng.internal.TestInvoker.invokeMethod(TestInvoker.java:597)\r\n\tat org.testng.internal.TestInvoker.invokeTestMethod(TestInvoker.java:173)\r\n\tat org.testng.internal.MethodRunner.runInSequence(MethodRunner.java:46)\r\n\tat org.testng.internal.TestInvoker$MethodInvocationAgent.invoke(TestInvoker.java:816)\r\n\tat org.testng.internal.TestInvoker.invokeTestMethods(TestInvoker.java:146)\r\n\tat org.testng.internal.TestMethodWorker.invokeTestMethods(TestMethodWorker.java:146)\r\n\tat org.testng.internal.TestMethodWorker.run(TestMethodWorker.java:128)\r\n\tat java.base/java.util.ArrayList.forEach(ArrayList.java:1540)\r\n\tat org.testng.TestRunner.privateRun(TestRunner.java:766)\r\n\tat org.testng.TestRunner.run(TestRunner.java:587)\r\n\tat org.testng.SuiteRunner.runTest(SuiteRunner.java:384)\r\n\tat org.testng.SuiteRunner.runSequentially(SuiteRunner.java:378)\r\n\tat org.testng.SuiteRunner.privateRun(SuiteRunner.java:337)\r\n\tat org.testng.SuiteRunner.run(SuiteRunner.java:286)\r\n\tat org.testng.SuiteRunnerWorker.runSuite(SuiteRunnerWorker.java:53)\r\n\tat org.testng.SuiteRunnerWorker.run(SuiteRunnerWorker.java:96)\r\n\tat org.testng.TestNG.runSuitesSequentially(TestNG.java:1187)\r\n\tat org.testng.TestNG.runSuitesSequentially(TestNG.java:1182)\r\n\tat org.testng.TestNG.runSuitesLocally(TestNG.java:1109)\r\n\tat org.testng.TestNG.runSuites(TestNG.java:1039)\r\n\tat org.testng.TestNG.run(TestNG.java:1007)\r\n\tat org.apache.maven.surefire.testng.TestNGExecutor.run(TestNGExecutor.java:283)\r\n\tat org.apache.maven.surefire.testng.TestNGXmlTestSuite.execute(TestNGXmlTestSuite.java:75)\r\n\tat org.apache.maven.surefire.testng.TestNGProvider.invoke(TestNGProvider.java:120)\r\n\tat org.apache.maven.surefire.booter.ForkedBooter.runSuitesInProcess(ForkedBooter.java:377)\r\n\tat org.apache.maven.surefire.booter.ForkedBooter.execute(ForkedBooter.java:138)\r\n\tat org.apache.maven.surefire.booter.ForkedBooter.run(ForkedBooter.java:465)\r\n\tat org.apache.maven.surefire.booter.ForkedBooter.main(ForkedBooter.java:451)\r\n"},"stage":"finished","steps":[{"name":"Enter txt consignment : \"UAT08000107\"","status":"passed","stage":"finished","steps":[],"attachments":[],"parameters":[{"name":"txt","value":"UAT08000107"},{"name":"keys","value":""}],"start":1616153021227,"stop":1616153035547},{"name":"click on Logistic Type and verify If there is any value for that field","status":"passed","stage":"finished","steps":[],"attachments":[],"parameters":[],"start":1616153058810,"stop":1616153058850},{"name":"Click on Logistic Type and select Inbound","status":"passed","stage":"finished","steps":[],"attachments":[],"parameters":[],"start":1616153058851,"stop":1616153061639},{"name":"Click On Second Stepper","status":"passed","stage":"finished","steps":[],"attachments":[],"parameters":[],"start":1616153069641,"stop":1616153069841},{"name":"Click On Sender Name","status":"passed","stage":"finished","steps":[],"attachments":[],"parameters":[{"name":"txt","value":"Not exist"}],"start":1616153071841,"stop":1616153072466},{"name":"Click on Advanced search button","status":"passed","stage":"finished","steps":[],"attachments":[],"parameters":[],"start":1616153072466,"stop":1616153077128},{"name":"Verify the Advanced Search window is displayed","status":"passed","stage":"finished","steps":[],"attachments":[],"parameters":[],"start":1616153077129,"stop":1616153077229},{"name":"Enter  characters in customer sender name","status":"passed","stage":"finished","steps":[],"attachments":[],"parameters":[{"name":"txt","value":"re"},{"name":"keys","value":""}],"start":1616153077229,"stop":1616153077669},{"name":"Enter  characters in customer sender name","status":"passed","stage":"finished","steps":[],"attachments":[],"parameters":[{"name":"txt","value":"Sportmans "},{"name":"keys","value":""}],"start":1616153077669,"stop":1616153078402},{"name":"CLick on search button","status":"passed","stage":"finished","steps":[],"attachments":[],"parameters":[],"start":1616153078403,"stop":1616153078612},{"name":"Click On Sender Name","status":"passed","stage":"finished","steps":[],"attachments":[],"parameters":[{"name":"txt","value":"Sportmans "}],"start":1616153078613,"stop":1616153080796},{"name":"Select from Menu Sender Name ","status":"passed","stage":"finished","steps":[],"attachments":[],"parameters":[],"start":1616153083798,"stop":1616153083981},{"name":"CLick on reset button","status":"passed","stage":"finished","steps":[],"attachments":[],"parameters":[],"start":1616153086982,"stop":1616153087347},{"name":"CLick on create new Button","status":"passed","stage":"finished","steps":[],"attachments":[],"parameters":[{"name":"txt","value":"Not Exist1"}],"start":1616153093349,"stop":1616153097502},{"name":"CLick on Sender type field","status":"passed","stage":"finished","steps":[],"attachments":[],"parameters":[],"start":1616153097503,"stop":1616153100101},{"name":"Click on New Sender Stepper and verify the validation is displayed for Individual's First and Last Name field","status":"passed","stage":"finished","steps":[],"attachments":[],"parameters":[],"start":1616153100101,"stop":1616153100539},{"name":"Enter the the individuals first name and last name","status":"passed","stage":"finished","steps":[],"attachments":[],"parameters":[{"name":"txt","value":"Nasreen12"}],"start":1616153100540,"stop":1616153101356},{"name":"Enter the the individuals last name","status":"passed","stage":"finished","steps":[],"attachments":[],"parameters":[{"name":"txt","value":"TestLast13"}],"start":1616153101356,"stop":1616153102260},{"name":"Enter the the individuals your refrence","status":"passed","stage":"finished","steps":[],"attachments":[],"parameters":[{"name":"txt","value":"NTL100"}],"start":1616153102260,"stop":1616153102907},{"name":"Click on New Sender Stepper and verify the validation is displayed for Individual's First and Last Name field","status":"passed","stage":"finished","steps":[],"attachments":[],"parameters":[],"start":1616153102908,"stop":1616153103124},{"name":"Select Home ass Destination group","status":"passed","stage":"finished","steps":[],"attachments":[],"parameters":[],"start":1616153103124,"stop":1616153105013},{"name":"Select Destination type home","status":"passed","stage":"finished","steps":[],"attachments":[],"parameters":[],"start":1616153107014,"stop":1616153108109},{"name":"Enter Delivery address and select from list","status":"passed","stage":"finished","steps":[],"attachments":[],"parameters":[{"name":"txt","value":"27 Wrench Road, Isando, Kempton Park, South Africa"}],"start":1616153108109,"stop":1616153119873},{"name":"CLick on New sender contact stepper","status":"passed","stage":"finished","steps":[],"attachments":[],"parameters":[],"start":1616153124875,"stop":1616153125138},{"name":"CLick on New sender number type and enter the number","status":"passed","stage":"finished","steps":[],"attachments":[],"parameters":[],"start":1616153125139,"stop":1616153126841},{"name":"Enter new primary number","status":"passed","stage":"finished","steps":[],"attachments":[],"parameters":[{"name":"txt","value":"9848655555"}],"start":1616153126841,"stop":1616153127743},{"name":"Enter new email address","status":"passed","stage":"finished","steps":[],"attachments":[],"parameters":[{"name":"txt","value":"Nasreen.Khan@winjit.com"}],"start":1616153127744,"stop":1616153129201},{"name":"CLick on New sender number type and enter the number","status":"passed","stage":"finished","steps":[],"attachments":[],"parameters":[],"start":1616153129202,"stop":1616153129506},{"name":"Click On Step Receiver","status":"broken","statusDetails":{"known":false,"muted":false,"flaky":false,"message":"element click intercepted: Element <div class=\"v-stepper__step v-stepper__step--inactive\" id=\"stepReceiver\">...</div> is not clickable at point (657, 365). Other element would receive the click: <div data-v-517c2ba2=\"\" class=\"contener_mixte\">...</div>\n  (Session info: headless chrome=89.0.4389.90)\nBuild info: version: '3.141.59', revision: 'e82be7d358', time: '2018-11-14T08:17:03'\nSystem info: host: 'WJLP-1098', ip: '192.168.65.1', os.name: 'Windows 10', os.arch: 'amd64', os.version: '10.0', java.version: '11.0.7'\nDriver info: org.openqa.selenium.chrome.ChromeDriver\nCapabilities {acceptInsecureCerts: false, browserName: chrome, browserVersion: 89.0.4389.90, chrome: {chromedriverVersion: 89.0.4389.23 (61b08ee2c5002..., userDataDir: C:\\Users\\nasreenk\\AppData\\L...}, goog:chromeOptions: {debuggerAddress: localhost:57343}, javascriptEnabled: true, networkConnectionEnabled: false, pageLoadStrategy: none, platform: WINDOWS, platformName: WINDOWS, proxy: Proxy(), setWindowRect: true, strictFileInteractability: false, timeouts: {implicit: 0, pageLoad: 300000, script: 30000}, unhandledPromptBehavior: dismiss and notify, webauthn:extension:largeBlob: true, webauthn:virtualAuthenticators: true}\nSession ID: a17cb8e0199ae9ab39e73cf3a71b688a","trace":"org.openqa.selenium.ElementClickInterceptedException: element click intercepted: Element <div class=\"v-stepper__step v-stepper__step--inactive\" id=\"stepReceiver\">...</div> is not clickable at point (657, 365). Other element would receive the click: <div data-v-517c2ba2=\"\" class=\"contener_mixte\">...</div>\n  (Session info: headless chrome=89.0.4389.90)\nBuild info: version: '3.141.59', revision: 'e82be7d358', time: '2018-11-14T08:17:03'\nSystem info: host: 'WJLP-1098', ip: '192.168.65.1', os.name: 'Windows 10', os.arch: 'amd64', os.version: '10.0', java.version: '11.0.7'\nDriver info: org.openqa.selenium.chrome.ChromeDriver\nCapabilities {acceptInsecureCerts: false, browserName: chrome, browserVersion: 89.0.4389.90, chrome: {chromedriverVersion: 89.0.4389.23 (61b08ee2c5002..., userDataDir: C:\\Users\\nasreenk\\AppData\\L...}, goog:chromeOptions: {debuggerAddress: localhost:57343}, javascriptEnabled: true, networkConnectionEnabled: false, pageLoadStrategy: none, platform: WINDOWS, platformName: WINDOWS, proxy: Proxy(), setWindowRect: true, strictFileInteractability: false, timeouts: {implicit: 0, pageLoad: 300000, script: 30000}, unhandledPromptBehavior: dismiss and notify, webauthn:extension:largeBlob: true, webauthn:virtualAuthenticators: true}\nSession ID: a17cb8e0199ae9ab39e73cf3a71b688a\r\n\tat java.base/jdk.internal.reflect.NativeConstructorAccessorImpl.newInstance0(Native Method)\r\n\tat java.base/jdk.internal.reflect.NativeConstructorAccessorImpl.newInstance(NativeConstructorAccessorImpl.java:62)\r\n\tat java.base/jdk.internal.reflect.DelegatingConstructorAccessorImpl.newInstance(DelegatingConstructorAccessorImpl.java:45)\r\n\tat java.base/java.lang.reflect.Constructor.newInstance(Constructor.java:490)\r\n\tat org.openqa.selenium.remote.http.W3CHttpResponseCodec.createException(W3CHttpResponseCodec.java:187)\r\n\tat org.openqa.selenium.remote.http.W3CHttpResponseCodec.decode(W3CHttpResponseCodec.java:122)\r\n\tat org.openqa.selenium.remote.http.W3CHttpResponseCodec.decode(W3CHttpResponseCodec.java:49)\r\n\tat org.openqa.selenium.remote.HttpCommandExecutor.execute(HttpCommandExecutor.java:158)\r\n\tat org.openqa.selenium.remote.service.DriverCommandExecutor.execute(DriverCommandExecutor.java:83)\r\n\tat org.openqa.selenium.remote.RemoteWebDriver.execute(RemoteWebDriver.java:552)\r\n\tat org.openqa.selenium.remote.RemoteWebElement.execute(RemoteWebElement.java:285)\r\n\tat org.openqa.selenium.remote.RemoteWebElement.click(RemoteWebElement.java:84)\r\n\tat jdk.internal.reflect.GeneratedMethodAccessor10.invoke(Unknown Source)\r\n\tat java.base/jdk.internal.reflect.DelegatingMethodAccessorImpl.invoke(DelegatingMethodAccessorImpl.java:43)\r\n\tat java.base/java.lang.reflect.Method.invoke(Method.java:566)\r\n\tat org.openqa.selenium.support.events.EventFiringWebDriver$EventFiringWebElement.lambda$new$0(EventFiringWebDriver.java:404)\r\n\tat com.sun.proxy.$Proxy21.click(Unknown Source)\r\n\tat org.openqa.selenium.support.events.EventFiringWebDriver$EventFiringWebElement.click(EventFiringWebDriver.java:417)\r\n\tat jdk.internal.reflect.GeneratedMethodAccessor10.invoke(Unknown Source)\r\n\tat java.base/jdk.internal.reflect.DelegatingMethodAccessorImpl.invoke(DelegatingMethodAccessorImpl.java:43)\r\n\tat java.base/java.lang.reflect.Method.invoke(Method.java:566)\r\n\tat org.openqa.selenium.support.pagefactory.internal.LocatingElementHandler.invoke(LocatingElementHandler.java:51)\r\n\tat com.sun.proxy.$Proxy20.click(Unknown Source)\r\n\tat pages.PageConsinment.clickOnStepReciever(PageConsinment.java:1410)\r\n\tat pages.TestPageConsignmentInbound.consignmentInboundEmailAndSave(TestPageConsignmentInbound.java:125)\r\n\tat java.base/jdk.internal.reflect.NativeMethodAccessorImpl.invoke0(Native Method)\r\n\tat java.base/jdk.internal.reflect.NativeMethodAccessorImpl.invoke(NativeMethodAccessorImpl.java:62)\r\n\tat java.base/jdk.internal.reflect.DelegatingMethodAccessorImpl.invoke(DelegatingMethodAccessorImpl.java:43)\r\n\tat java.base/java.lang.reflect.Method.invoke(Method.java:566)\r\n\tat org.testng.internal.MethodInvocationHelper.invokeMethod(MethodInvocationHelper.java:134)\r\n\tat org.testng.internal.TestInvoker.invokeMethod(TestInvoker.java:597)\r\n\tat org.testng.internal.TestInvoker.invokeTestMethod(TestInvoker.java:173)\r\n\tat org.testng.internal.MethodRunner.runInSequence(MethodRunner.java:46)\r\n\tat org.testng.internal.TestInvoker$MethodInvocationAgent.invoke(TestInvoker.java:816)\r\n\tat org.testng.internal.TestInvoker.invokeTestMethods(TestInvoker.java:146)\r\n\tat org.testng.internal.TestMethodWorker.invokeTestMethods(TestMethodWorker.java:146)\r\n\tat org.testng.internal.TestMethodWorker.run(TestMethodWorker.java:128)\r\n\tat java.base/java.util.ArrayList.forEach(ArrayList.java:1540)\r\n\tat org.testng.TestRunner.privateRun(TestRunner.java:766)\r\n\tat org.testng.TestRunner.run(TestRunner.java:587)\r\n\tat org.testng.SuiteRunner.runTest(SuiteRunner.java:384)\r\n\tat org.testng.SuiteRunner.runSequentially(SuiteRunner.java:378)\r\n\tat org.testng.SuiteRunner.privateRun(SuiteRunner.java:337)\r\n\tat org.testng.SuiteRunner.run(SuiteRunner.java:286)\r\n\tat org.testng.SuiteRunnerWorker.runSuite(SuiteRunnerWorker.java:53)\r\n\tat org.testng.SuiteRunnerWorker.run(SuiteRunnerWorker.java:96)\r\n\tat org.testng.TestNG.runSuitesSequentially(TestNG.java:1187)\r\n\tat org.testng.TestNG.runSuitesSequentially(TestNG.java:1182)\r\n\tat org.testng.TestNG.runSuitesLocally(TestNG.java:1109)\r\n\tat org.testng.TestNG.runSuites(TestNG.java:1039)\r\n\tat org.testng.TestNG.run(TestNG.java:1007)\r\n\tat org.apache.maven.surefire.testng.TestNGExecutor.run(TestNGExecutor.java:283)\r\n\tat org.apache.maven.surefire.testng.TestNGXmlTestSuite.execute(TestNGXmlTestSuite.java:75)\r\n\tat org.apache.maven.surefire.testng.TestNGProvider.invoke(TestNGProvider.java:120)\r\n\tat org.apache.maven.surefire.booter.ForkedBooter.runSuitesInProcess(ForkedBooter.java:377)\r\n\tat org.apache.maven.surefire.booter.ForkedBooter.execute(ForkedBooter.java:138)\r\n\tat org.apache.maven.surefire.booter.ForkedBooter.run(ForkedBooter.java:465)\r\n\tat org.apache.maven.surefire.booter.ForkedBooter.main(ForkedBooter.java:451)\r\n"},"stage":"finished","steps":[],"attachments":[],"parameters":[],"start":1616153141507,"stop":1616153142681}],"attachments":[{"name":"consignmentInboundEmailAndSave failed and screenshot taken!","source":"7a4ad356-19af-4252-a626-d8ed19afd673-attachment","type":"text/plain"}],"parameters":[{"name":"arg0","value":"{ConsignmentID=UAT08000107, InvalidShipperReference=bnmgfdfg, ICCIDNumber=1.11189E+18, BilledTo=GAMM02, ValidShipperReference=1Da5g, PrimaryNumber=9848655555, NewReceiverName=Automation, NewSenderName=Not exist, NumberOfParcel=1, SenderName=Sportmans , NewBusinessName=RAM Business Office, CreateNewSender=AutomationVida, NewBusinessGroupName=RAM Hand to Hand Couriers, ValueForCarrige=123, IMEINumber=9.87546E+14, NewEmailAddress=Nasreen.Khan@winjit.com, Individual Your Name=NTL100, DeliveryAddress=27 Wrench Road, Isando, Kempton Park, South Africa, Individual First Name=Nasreen12, InvalidSenderName=re, Individual Last Name=TestLast13, Description=Automation testing, UpdateEmailAddress=Nasreen.Khan@ram.co.za}"}],"start":1616153021081,"stop":1616153142714,"uuid":"4545ac29-e7b4-46cb-8b67-7dacbab21367","historyId":"d11a9de527f432774d9622b348d19036","fullName":"pages.TestPageConsignmentInbound.consignmentInboundEmailAndSave","labels":[{"name":"package","value":"pages.TestPageConsignmentInbound"},{"name":"testClass","value":"pages.TestPageConsignmentInbound"},{"name":"testMethod","value":"consignmentInboundEmailAndSave"},{"name":"parentSuite","value":"Valid Login Scenario"},{"name":"suite","value":"Test Consignment Inbound"},{"name":"subSuite","value":"pages.TestPageConsignmentInbound"},{"name":"host","value":"WJLP-1098"},{"name":"thread","value":"6908@WJLP-1098.main(1)"},{"name":"framework","value":"testng"},{"name":"language","value":"java"}],"links":[]}