{"name":"consignmentInboundEmailAndSave","status":"broken","statusDetails":{"known":false,"muted":false,"flaky":false,"message":"Expected condition failed: waiting for element to be clickable: Proxy element for: AjaxElementLocator 'By.xpath: //button[@id='ReceiverResetSearch']//div' (tried for 60 second(s) with 500 milliseconds interval)","trace":"org.openqa.selenium.TimeoutException: Expected condition failed: waiting for element to be clickable: Proxy element for: AjaxElementLocator 'By.xpath: //button[@id='ReceiverResetSearch']//div' (tried for 60 second(s) with 500 milliseconds interval)\r\n\tat org.openqa.selenium.support.ui.WebDriverWait.timeoutException(WebDriverWait.java:95)\r\n\tat org.openqa.selenium.support.ui.FluentWait.until(FluentWait.java:272)\r\n\tat pages.PageConsinment.clickOnReceiverResetButton(PageConsinment.java:1021)\r\n\tat pages.TestPageConsignmentInbound.consignmentInboundEmailAndSave(TestPageConsignmentInbound.java:128)\r\n\tat java.base/jdk.internal.reflect.NativeMethodAccessorImpl.invoke0(Native Method)\r\n\tat java.base/jdk.internal.reflect.NativeMethodAccessorImpl.invoke(NativeMethodAccessorImpl.java:62)\r\n\tat java.base/jdk.internal.reflect.DelegatingMethodAccessorImpl.invoke(DelegatingMethodAccessorImpl.java:43)\r\n\tat java.base/java.lang.reflect.Method.invoke(Method.java:566)\r\n\tat org.testng.internal.MethodInvocationHelper.invokeMethod(MethodInvocationHelper.java:134)\r\n\tat org.testng.internal.TestInvoker.invokeMethod(TestInvoker.java:597)\r\n\tat org.testng.internal.TestInvoker.invokeTestMethod(TestInvoker.java:173)\r\n\tat org.testng.internal.MethodRunner.runInSequence(MethodRunner.java:46)\r\n\tat org.testng.internal.TestInvoker$MethodInvocationAgent.invoke(TestInvoker.java:816)\r\n\tat org.testng.internal.TestInvoker.invokeTestMethods(TestInvoker.java:146)\r\n\tat org.testng.internal.TestMethodWorker.invokeTestMethods(TestMethodWorker.java:146)\r\n\tat org.testng.internal.TestMethodWorker.run(TestMethodWorker.java:128)\r\n\tat java.base/java.util.ArrayList.forEach(ArrayList.java:1541)\r\n\tat org.testng.TestRunner.privateRun(TestRunner.java:766)\r\n\tat org.testng.TestRunner.run(TestRunner.java:587)\r\n\tat org.testng.SuiteRunner.runTest(SuiteRunner.java:384)\r\n\tat org.testng.SuiteRunner.runSequentially(SuiteRunner.java:378)\r\n\tat org.testng.SuiteRunner.privateRun(SuiteRunner.java:337)\r\n\tat org.testng.SuiteRunner.run(SuiteRunner.java:286)\r\n\tat org.testng.SuiteRunnerWorker.runSuite(SuiteRunnerWorker.java:53)\r\n\tat org.testng.SuiteRunnerWorker.run(SuiteRunnerWorker.java:96)\r\n\tat org.testng.TestNG.runSuitesSequentially(TestNG.java:1187)\r\n\tat org.testng.TestNG.runSuitesSequentially(TestNG.java:1182)\r\n\tat org.testng.TestNG.runSuitesLocally(TestNG.java:1109)\r\n\tat org.testng.TestNG.runSuites(TestNG.java:1039)\r\n\tat org.testng.TestNG.run(TestNG.java:1007)\r\n\tat org.apache.maven.surefire.testng.TestNGExecutor.run(TestNGExecutor.java:283)\r\n\tat org.apache.maven.surefire.testng.TestNGXmlTestSuite.execute(TestNGXmlTestSuite.java:75)\r\n\tat org.apache.maven.surefire.testng.TestNGProvider.invoke(TestNGProvider.java:120)\r\n\tat org.apache.maven.surefire.booter.ForkedBooter.runSuitesInProcess(ForkedBooter.java:377)\r\n\tat org.apache.maven.surefire.booter.ForkedBooter.execute(ForkedBooter.java:138)\r\n\tat org.apache.maven.surefire.booter.ForkedBooter.run(ForkedBooter.java:465)\r\n\tat org.apache.maven.surefire.booter.ForkedBooter.main(ForkedBooter.java:451)\r\nCaused by: org.openqa.selenium.NoSuchElementException: Timed out after 60 seconds. Unable to locate the element\r\n\tat org.openqa.selenium.support.pagefactory.AjaxElementLocator.findElement(AjaxElementLocator.java:99)\r\n\tat org.openqa.selenium.support.pagefactory.internal.LocatingElementHandler.invoke(LocatingElementHandler.java:38)\r\n\tat com.sun.proxy.$Proxy20.isDisplayed(Unknown Source)\r\n\tat org.openqa.selenium.support.ui.ExpectedConditions.elementIfVisible(ExpectedConditions.java:314)\r\n\tat org.openqa.selenium.support.ui.ExpectedConditions.access$000(ExpectedConditions.java:43)\r\n\tat org.openqa.selenium.support.ui.ExpectedConditions$10.apply(ExpectedConditions.java:300)\r\n\tat org.openqa.selenium.support.ui.ExpectedConditions$10.apply(ExpectedConditions.java:297)\r\n\tat org.openqa.selenium.support.ui.ExpectedConditions$23.apply(ExpectedConditions.java:670)\r\n\tat org.openqa.selenium.support.ui.ExpectedConditions$23.apply(ExpectedConditions.java:666)\r\n\tat org.openqa.selenium.support.ui.FluentWait.until(FluentWait.java:249)\r\n\t... 35 more\r\nCaused by: org.openqa.selenium.NoSuchElementException: no such element: Unable to locate element: {\"method\":\"xpath\",\"selector\":\"//button[@id='ReceiverResetSearch']//div\"}\n  (Session info: headless chrome=91.0.4472.124)\nFor documentation on this error, please visit: https://www.seleniumhq.org/exceptions/no_such_element.html\nBuild info: version: '3.141.59', revision: 'e82be7d358', time: '2018-11-14T08:17:03'\nSystem info: host: 'WJLP-1270', ip: '10.1.250.3', os.name: 'Windows 10', os.arch: 'amd64', os.version: '10.0', java.version: '11.0.10'\nDriver info: org.openqa.selenium.chrome.ChromeDriver\nCapabilities {acceptInsecureCerts: false, browserName: chrome, browserVersion: 91.0.4472.124, chrome: {chromedriverVersion: 91.0.4472.19 (1bf021f248676..., userDataDir: C:\\Users\\nasreenk\\AppData\\L...}, goog:chromeOptions: {debuggerAddress: localhost:52582}, javascriptEnabled: true, networkConnectionEnabled: false, pageLoadStrategy: none, platform: WINDOWS, platformName: WINDOWS, proxy: Proxy(), setWindowRect: true, strictFileInteractability: false, timeouts: {implicit: 0, pageLoad: 300000, script: 30000}, unhandledPromptBehavior: dismiss and notify, webauthn:extension:largeBlob: true, webauthn:virtualAuthenticators: true}\nSession ID: 1afccc55956dd63566462d656a85f9d4\n*** Element info: {Using=xpath, value=//button[@id='ReceiverResetSearch']//div}\r\n\tat jdk.internal.reflect.GeneratedConstructorAccessor28.newInstance(Unknown Source)\r\n\tat java.base/jdk.internal.reflect.DelegatingConstructorAccessorImpl.newInstance(DelegatingConstructorAccessorImpl.java:45)\r\n\tat java.base/java.lang.reflect.Constructor.newInstance(Constructor.java:490)\r\n\tat org.openqa.selenium.remote.http.W3CHttpResponseCodec.createException(W3CHttpResponseCodec.java:187)\r\n\tat org.openqa.selenium.remote.http.W3CHttpResponseCodec.decode(W3CHttpResponseCodec.java:122)\r\n\tat org.openqa.selenium.remote.http.W3CHttpResponseCodec.decode(W3CHttpResponseCodec.java:49)\r\n\tat org.openqa.selenium.remote.HttpCommandExecutor.execute(HttpCommandExecutor.java:158)\r\n\tat org.openqa.selenium.remote.service.DriverCommandExecutor.execute(DriverCommandExecutor.java:83)\r\n\tat org.openqa.selenium.remote.RemoteWebDriver.execute(RemoteWebDriver.java:552)\r\n\tat org.openqa.selenium.remote.RemoteWebDriver.findElement(RemoteWebDriver.java:323)\r\n\tat org.openqa.selenium.remote.RemoteWebDriver.findElementByXPath(RemoteWebDriver.java:428)\r\n\tat org.openqa.selenium.By$ByXPath.findElement(By.java:353)\r\n\tat org.openqa.selenium.remote.RemoteWebDriver.findElement(RemoteWebDriver.java:315)\r\n\tat jdk.internal.reflect.GeneratedMethodAccessor5.invoke(Unknown Source)\r\n\tat java.base/jdk.internal.reflect.DelegatingMethodAccessorImpl.invoke(DelegatingMethodAccessorImpl.java:43)\r\n\tat java.base/java.lang.reflect.Method.invoke(Method.java:566)\r\n\tat org.openqa.selenium.support.events.EventFiringWebDriver.lambda$new$1(EventFiringWebDriver.java:105)\r\n\tat com.sun.proxy.$Proxy13.findElement(Unknown Source)\r\n\tat org.openqa.selenium.support.events.EventFiringWebDriver.findElement(EventFiringWebDriver.java:194)\r\n\tat org.openqa.selenium.support.pagefactory.DefaultElementLocator.findElement(DefaultElementLocator.java:69)\r\n\tat org.openqa.selenium.support.pagefactory.AjaxElementLocator.access$001(AjaxElementLocator.java:39)\r\n\tat org.openqa.selenium.support.pagefactory.AjaxElementLocator$SlowLoadingElement.isLoaded(AjaxElementLocator.java:165)\r\n\tat org.openqa.selenium.support.ui.SlowLoadableComponent.get(SlowLoadableComponent.java:72)\r\n\tat org.openqa.selenium.support.pagefactory.AjaxElementLocator.findElement(AjaxElementLocator.java:95)\r\n\t... 44 more\r\n"},"stage":"finished","steps":[{"name":"Enter txt consignment : \"UAT08000126\"","status":"passed","stage":"finished","steps":[],"attachments":[],"parameters":[{"name":"txt","value":"UAT08000126"},{"name":"keys","value":""}],"start":1625486116717,"stop":1625486117498},{"name":"click on Logistic Type and verify If there is any value for that field","status":"passed","stage":"finished","steps":[],"attachments":[],"parameters":[],"start":1625486141255,"stop":1625486141289},{"name":"Click on Logistic Type and select Inbound","status":"passed","stage":"finished","steps":[],"attachments":[],"parameters":[],"start":1625486141289,"stop":1625486143611},{"name":"Click On Second Stepper","status":"passed","stage":"finished","steps":[],"attachments":[],"parameters":[],"start":1625486155617,"stop":1625486155791},{"name":"Click On Sender Name","status":"passed","stage":"finished","steps":[],"attachments":[],"parameters":[{"name":"txt","value":"Not exist"}],"start":1625486157794,"stop":1625486158128},{"name":"Click on Advanced search button","status":"passed","stage":"finished","steps":[],"attachments":[],"parameters":[],"start":1625486158128,"stop":1625486163443},{"name":"Verify the Advanced Search window is displayed","status":"passed","stage":"finished","steps":[],"attachments":[],"parameters":[],"start":1625486163443,"stop":1625486163501},{"name":"Enter  characters in customer sender name","status":"passed","stage":"finished","steps":[],"attachments":[],"parameters":[{"name":"txt","value":"re"},{"name":"keys","value":""}],"start":1625486163501,"stop":1625486163880},{"name":"Enter  characters in customer sender name","status":"passed","stage":"finished","steps":[],"attachments":[],"parameters":[{"name":"txt","value":"Sportmans "},{"name":"keys","value":""}],"start":1625486163881,"stop":1625486164198},{"name":"CLick on search button","status":"passed","stage":"finished","steps":[],"attachments":[],"parameters":[],"start":1625486164198,"stop":1625486164347},{"name":"Select from Menu Sender Name ","status":"passed","stage":"finished","steps":[],"attachments":[],"parameters":[],"start":1625486164348,"stop":1625486167652},{"name":"CLick on reset button","status":"passed","stage":"finished","steps":[],"attachments":[],"parameters":[],"start":1625486172660,"stop":1625486172876},{"name":"CLick on create new Button","status":"passed","stage":"finished","steps":[],"attachments":[],"parameters":[{"name":"txt","value":"Not Exist1"}],"start":1625486178898,"stop":1625486183147},{"name":"CLick on Sender type field","status":"passed","stage":"finished","steps":[],"attachments":[],"parameters":[],"start":1625486186157,"stop":1625486187076},{"name":"Click on New Sender Stepper and verify the validation is displayed for Individual's First and Last Name field","status":"passed","stage":"finished","steps":[],"attachments":[],"parameters":[],"start":1625486190081,"stop":1625486190257},{"name":"Enter the the individuals first name and last name","status":"passed","stage":"finished","steps":[],"attachments":[],"parameters":[{"name":"txt","value":"Nasreen34"}],"start":1625486190257,"stop":1625486190744},{"name":"Enter the the individuals last name","status":"passed","stage":"finished","steps":[],"attachments":[],"parameters":[{"name":"txt","value":"TestLast35"}],"start":1625486190744,"stop":1625486191268},{"name":"Enter the the individuals your refrence","status":"passed","stage":"finished","steps":[],"attachments":[],"parameters":[{"name":"txt","value":"NTL100"}],"start":1625486191268,"stop":1625486191670},{"name":"Click on New Sender Stepper and verify the validation is displayed for Individual's First and Last Name field","status":"passed","stage":"finished","steps":[],"attachments":[],"parameters":[],"start":1625486191670,"stop":1625486191795},{"name":"Select Home ass Destination group","status":"passed","stage":"finished","steps":[],"attachments":[],"parameters":[],"start":1625486191795,"stop":1625486193321},{"name":"Select Destination type home","status":"passed","stage":"finished","steps":[],"attachments":[],"parameters":[],"start":1625486195327,"stop":1625486196259},{"name":"Enter Delivery address and select from list","status":"passed","stage":"finished","steps":[],"attachments":[],"parameters":[{"name":"txt","value":"27 Wrench Road, Isando, Kempton Park, South Africa"}],"start":1625486196260,"stop":1625486207206},{"name":"CLick on New sender contact stepper","status":"passed","stage":"finished","steps":[],"attachments":[],"parameters":[],"start":1625486212214,"stop":1625486212389},{"name":"CLick on New sender number type and enter the number","status":"passed","stage":"finished","steps":[],"attachments":[],"parameters":[],"start":1625486212389,"stop":1625486213647},{"name":"Enter new primary number","status":"passed","stage":"finished","steps":[],"attachments":[],"parameters":[{"name":"txt","value":"9848655555"}],"start":1625486213647,"stop":1625486214093},{"name":"Enter new email address","status":"passed","stage":"finished","steps":[],"attachments":[],"parameters":[{"name":"txt","value":"Nasreen.Khan@winjit.com"}],"start":1625486214093,"stop":1625486214850},{"name":"CLick on New sender number type and enter the number","status":"passed","stage":"finished","steps":[],"attachments":[],"parameters":[],"start":1625486214850,"stop":1625486215049},{"name":"Click On Step Receiver","status":"passed","stage":"finished","steps":[],"attachments":[],"parameters":[],"start":1625486245059,"stop":1625486245235},{"name":" Click on Receiver reset button","status":"broken","statusDetails":{"known":false,"muted":false,"flaky":false,"message":"Expected condition failed: waiting for element to be clickable: Proxy element for: AjaxElementLocator 'By.xpath: //button[@id='ReceiverResetSearch']//div' (tried for 60 second(s) with 500 milliseconds interval)","trace":"org.openqa.selenium.TimeoutException: Expected condition failed: waiting for element to be clickable: Proxy element for: AjaxElementLocator 'By.xpath: //button[@id='ReceiverResetSearch']//div' (tried for 60 second(s) with 500 milliseconds interval)\r\n\tat org.openqa.selenium.support.ui.WebDriverWait.timeoutException(WebDriverWait.java:95)\r\n\tat org.openqa.selenium.support.ui.FluentWait.until(FluentWait.java:272)\r\n\tat pages.PageConsinment.clickOnReceiverResetButton(PageConsinment.java:1021)\r\n\tat pages.TestPageConsignmentInbound.consignmentInboundEmailAndSave(TestPageConsignmentInbound.java:128)\r\n\tat java.base/jdk.internal.reflect.NativeMethodAccessorImpl.invoke0(Native Method)\r\n\tat java.base/jdk.internal.reflect.NativeMethodAccessorImpl.invoke(NativeMethodAccessorImpl.java:62)\r\n\tat java.base/jdk.internal.reflect.DelegatingMethodAccessorImpl.invoke(DelegatingMethodAccessorImpl.java:43)\r\n\tat java.base/java.lang.reflect.Method.invoke(Method.java:566)\r\n\tat org.testng.internal.MethodInvocationHelper.invokeMethod(MethodInvocationHelper.java:134)\r\n\tat org.testng.internal.TestInvoker.invokeMethod(TestInvoker.java:597)\r\n\tat org.testng.internal.TestInvoker.invokeTestMethod(TestInvoker.java:173)\r\n\tat org.testng.internal.MethodRunner.runInSequence(MethodRunner.java:46)\r\n\tat org.testng.internal.TestInvoker$MethodInvocationAgent.invoke(TestInvoker.java:816)\r\n\tat org.testng.internal.TestInvoker.invokeTestMethods(TestInvoker.java:146)\r\n\tat org.testng.internal.TestMethodWorker.invokeTestMethods(TestMethodWorker.java:146)\r\n\tat org.testng.internal.TestMethodWorker.run(TestMethodWorker.java:128)\r\n\tat java.base/java.util.ArrayList.forEach(ArrayList.java:1541)\r\n\tat org.testng.TestRunner.privateRun(TestRunner.java:766)\r\n\tat org.testng.TestRunner.run(TestRunner.java:587)\r\n\tat org.testng.SuiteRunner.runTest(SuiteRunner.java:384)\r\n\tat org.testng.SuiteRunner.runSequentially(SuiteRunner.java:378)\r\n\tat org.testng.SuiteRunner.privateRun(SuiteRunner.java:337)\r\n\tat org.testng.SuiteRunner.run(SuiteRunner.java:286)\r\n\tat org.testng.SuiteRunnerWorker.runSuite(SuiteRunnerWorker.java:53)\r\n\tat org.testng.SuiteRunnerWorker.run(SuiteRunnerWorker.java:96)\r\n\tat org.testng.TestNG.runSuitesSequentially(TestNG.java:1187)\r\n\tat org.testng.TestNG.runSuitesSequentially(TestNG.java:1182)\r\n\tat org.testng.TestNG.runSuitesLocally(TestNG.java:1109)\r\n\tat org.testng.TestNG.runSuites(TestNG.java:1039)\r\n\tat org.testng.TestNG.run(TestNG.java:1007)\r\n\tat org.apache.maven.surefire.testng.TestNGExecutor.run(TestNGExecutor.java:283)\r\n\tat org.apache.maven.surefire.testng.TestNGXmlTestSuite.execute(TestNGXmlTestSuite.java:75)\r\n\tat org.apache.maven.surefire.testng.TestNGProvider.invoke(TestNGProvider.java:120)\r\n\tat org.apache.maven.surefire.booter.ForkedBooter.runSuitesInProcess(ForkedBooter.java:377)\r\n\tat org.apache.maven.surefire.booter.ForkedBooter.execute(ForkedBooter.java:138)\r\n\tat org.apache.maven.surefire.booter.ForkedBooter.run(ForkedBooter.java:465)\r\n\tat org.apache.maven.surefire.booter.ForkedBooter.main(ForkedBooter.java:451)\r\nCaused by: org.openqa.selenium.NoSuchElementException: Timed out after 60 seconds. Unable to locate the element\r\n\tat org.openqa.selenium.support.pagefactory.AjaxElementLocator.findElement(AjaxElementLocator.java:99)\r\n\tat org.openqa.selenium.support.pagefactory.internal.LocatingElementHandler.invoke(LocatingElementHandler.java:38)\r\n\tat com.sun.proxy.$Proxy20.isDisplayed(Unknown Source)\r\n\tat org.openqa.selenium.support.ui.ExpectedConditions.elementIfVisible(ExpectedConditions.java:314)\r\n\tat org.openqa.selenium.support.ui.ExpectedConditions.access$000(ExpectedConditions.java:43)\r\n\tat org.openqa.selenium.support.ui.ExpectedConditions$10.apply(ExpectedConditions.java:300)\r\n\tat org.openqa.selenium.support.ui.ExpectedConditions$10.apply(ExpectedConditions.java:297)\r\n\tat org.openqa.selenium.support.ui.ExpectedConditions$23.apply(ExpectedConditions.java:670)\r\n\tat org.openqa.selenium.support.ui.ExpectedConditions$23.apply(ExpectedConditions.java:666)\r\n\tat org.openqa.selenium.support.ui.FluentWait.until(FluentWait.java:249)\r\n\t... 35 more\r\nCaused by: org.openqa.selenium.NoSuchElementException: no such element: Unable to locate element: {\"method\":\"xpath\",\"selector\":\"//button[@id='ReceiverResetSearch']//div\"}\n  (Session info: headless chrome=91.0.4472.124)\nFor documentation on this error, please visit: https://www.seleniumhq.org/exceptions/no_such_element.html\nBuild info: version: '3.141.59', revision: 'e82be7d358', time: '2018-11-14T08:17:03'\nSystem info: host: 'WJLP-1270', ip: '10.1.250.3', os.name: 'Windows 10', os.arch: 'amd64', os.version: '10.0', java.version: '11.0.10'\nDriver info: org.openqa.selenium.chrome.ChromeDriver\nCapabilities {acceptInsecureCerts: false, browserName: chrome, browserVersion: 91.0.4472.124, chrome: {chromedriverVersion: 91.0.4472.19 (1bf021f248676..., userDataDir: C:\\Users\\nasreenk\\AppData\\L...}, goog:chromeOptions: {debuggerAddress: localhost:52582}, javascriptEnabled: true, networkConnectionEnabled: false, pageLoadStrategy: none, platform: WINDOWS, platformName: WINDOWS, proxy: Proxy(), setWindowRect: true, strictFileInteractability: false, timeouts: {implicit: 0, pageLoad: 300000, script: 30000}, unhandledPromptBehavior: dismiss and notify, webauthn:extension:largeBlob: true, webauthn:virtualAuthenticators: true}\nSession ID: 1afccc55956dd63566462d656a85f9d4\n*** Element info: {Using=xpath, value=//button[@id='ReceiverResetSearch']//div}\r\n\tat jdk.internal.reflect.GeneratedConstructorAccessor28.newInstance(Unknown Source)\r\n\tat java.base/jdk.internal.reflect.DelegatingConstructorAccessorImpl.newInstance(DelegatingConstructorAccessorImpl.java:45)\r\n\tat java.base/java.lang.reflect.Constructor.newInstance(Constructor.java:490)\r\n\tat org.openqa.selenium.remote.http.W3CHttpResponseCodec.createException(W3CHttpResponseCodec.java:187)\r\n\tat org.openqa.selenium.remote.http.W3CHttpResponseCodec.decode(W3CHttpResponseCodec.java:122)\r\n\tat org.openqa.selenium.remote.http.W3CHttpResponseCodec.decode(W3CHttpResponseCodec.java:49)\r\n\tat org.openqa.selenium.remote.HttpCommandExecutor.execute(HttpCommandExecutor.java:158)\r\n\tat org.openqa.selenium.remote.service.DriverCommandExecutor.execute(DriverCommandExecutor.java:83)\r\n\tat org.openqa.selenium.remote.RemoteWebDriver.execute(RemoteWebDriver.java:552)\r\n\tat org.openqa.selenium.remote.RemoteWebDriver.findElement(RemoteWebDriver.java:323)\r\n\tat org.openqa.selenium.remote.RemoteWebDriver.findElementByXPath(RemoteWebDriver.java:428)\r\n\tat org.openqa.selenium.By$ByXPath.findElement(By.java:353)\r\n\tat org.openqa.selenium.remote.RemoteWebDriver.findElement(RemoteWebDriver.java:315)\r\n\tat jdk.internal.reflect.GeneratedMethodAccessor5.invoke(Unknown Source)\r\n\tat java.base/jdk.internal.reflect.DelegatingMethodAccessorImpl.invoke(DelegatingMethodAccessorImpl.java:43)\r\n\tat java.base/java.lang.reflect.Method.invoke(Method.java:566)\r\n\tat org.openqa.selenium.support.events.EventFiringWebDriver.lambda$new$1(EventFiringWebDriver.java:105)\r\n\tat com.sun.proxy.$Proxy13.findElement(Unknown Source)\r\n\tat org.openqa.selenium.support.events.EventFiringWebDriver.findElement(EventFiringWebDriver.java:194)\r\n\tat org.openqa.selenium.support.pagefactory.DefaultElementLocator.findElement(DefaultElementLocator.java:69)\r\n\tat org.openqa.selenium.support.pagefactory.AjaxElementLocator.access$001(AjaxElementLocator.java:39)\r\n\tat org.openqa.selenium.support.pagefactory.AjaxElementLocator$SlowLoadingElement.isLoaded(AjaxElementLocator.java:165)\r\n\tat org.openqa.selenium.support.ui.SlowLoadableComponent.get(SlowLoadableComponent.java:72)\r\n\tat org.openqa.selenium.support.pagefactory.AjaxElementLocator.findElement(AjaxElementLocator.java:95)\r\n\t... 44 more\r\n"},"stage":"finished","steps":[],"attachments":[],"parameters":[],"start":1625486245235,"stop":1625486365530}],"attachments":[],"parameters":[{"name":"arg0","value":"{ConsignmentID=UAT08000126, InvalidShipperReference=bnmgfdfg, ICCIDNumber=1.11189E+18, BilledTo=GAMM02, ValidShipperReference=1Da5g, PrimaryNumber=9848655555, NewReceiverName=Automation, NewSenderName=Not exist, NumberOfParcel=1, SenderName=Sportmans , NewBusinessName=RAM Business Office, CreateNewSender=AutomationVida, NewBusinessGroupName=RAM Hand to Hand Couriers, ValueForCarrige=123, IMEINumber=9.87546E+14, NewEmailAddress=Nasreen.Khan@winjit.com, Individual Your Name=NTL100, DeliveryAddress=27 Wrench Road, Isando, Kempton Park, South Africa, Individual First Name=Nasreen34, InvalidSenderName=re, Individual Last Name=TestLast35, Description=Automation testing, UpdateEmailAddress=Nasreen.Khan@ram.co.za}"}],"start":1625486101659,"stop":1625486365545,"uuid":"4b344255-585b-4aae-871b-e4ff5d57f73d","historyId":"b73076d94e65b8b1d6f3ec66fa1d65f5","fullName":"pages.TestPageConsignmentInbound.consignmentInboundEmailAndSave","labels":[{"name":"package","value":"pages.TestPageConsignmentInbound"},{"name":"testClass","value":"pages.TestPageConsignmentInbound"},{"name":"testMethod","value":"consignmentInboundEmailAndSave"},{"name":"parentSuite","value":"Valid Login Scenario"},{"name":"suite","value":"Test Consignment Inbound"},{"name":"subSuite","value":"pages.TestPageConsignmentInbound"},{"name":"host","value":"WJLP-1270"},{"name":"thread","value":"20820@WJLP-1270.main(1)"},{"name":"framework","value":"testng"},{"name":"language","value":"java"}],"links":[]}