{"name":"doStarted","status":"broken","statusDetails":{"known":false,"muted":false,"flaky":false,"message":"no such window: target window already closed\nfrom unknown error: web view not found\n  (Session info: chrome=89.0.4389.90)\nBuild info: version: '3.141.59', revision: 'e82be7d358', time: '2018-11-14T08:17:03'\nSystem info: host: 'WJLP-1098', ip: '192.168.65.1', os.name: 'Windows 10', os.arch: 'amd64', os.version: '10.0', java.version: '11.0.7'\nDriver info: org.openqa.selenium.chrome.ChromeDriver\nCapabilities {acceptInsecureCerts: false, browserName: chrome, browserVersion: 89.0.4389.90, chrome: {chromedriverVersion: 89.0.4389.23 (61b08ee2c5002..., userDataDir: C:\\Users\\nasreenk\\AppData\\L...}, goog:chromeOptions: {debuggerAddress: localhost:56747}, javascriptEnabled: true, networkConnectionEnabled: false, pageLoadStrategy: none, platform: WINDOWS, platformName: WINDOWS, proxy: Proxy(), setWindowRect: true, strictFileInteractability: false, timeouts: {implicit: 0, pageLoad: 300000, script: 30000}, unhandledPromptBehavior: dismiss and notify, webauthn:extension:largeBlob: true, webauthn:virtualAuthenticators: true}\nSession ID: f5d9c0d27359a1486f6bd116a1fb52ba","trace":"org.openqa.selenium.NoSuchWindowException: no such window: target window already closed\nfrom unknown error: web view not found\n  (Session info: chrome=89.0.4389.90)\nBuild info: version: '3.141.59', revision: 'e82be7d358', time: '2018-11-14T08:17:03'\nSystem info: host: 'WJLP-1098', ip: '192.168.65.1', os.name: 'Windows 10', os.arch: 'amd64', os.version: '10.0', java.version: '11.0.7'\nDriver info: org.openqa.selenium.chrome.ChromeDriver\nCapabilities {acceptInsecureCerts: false, browserName: chrome, browserVersion: 89.0.4389.90, chrome: {chromedriverVersion: 89.0.4389.23 (61b08ee2c5002..., userDataDir: C:\\Users\\nasreenk\\AppData\\L...}, goog:chromeOptions: {debuggerAddress: localhost:56747}, javascriptEnabled: true, networkConnectionEnabled: false, pageLoadStrategy: none, platform: WINDOWS, platformName: WINDOWS, proxy: Proxy(), setWindowRect: true, strictFileInteractability: false, timeouts: {implicit: 0, pageLoad: 300000, script: 30000}, unhandledPromptBehavior: dismiss and notify, webauthn:extension:largeBlob: true, webauthn:virtualAuthenticators: true}\nSession ID: f5d9c0d27359a1486f6bd116a1fb52ba\r\n\tat java.base/jdk.internal.reflect.NativeConstructorAccessorImpl.newInstance0(Native Method)\r\n\tat java.base/jdk.internal.reflect.NativeConstructorAccessorImpl.newInstance(NativeConstructorAccessorImpl.java:62)\r\n\tat java.base/jdk.internal.reflect.DelegatingConstructorAccessorImpl.newInstance(DelegatingConstructorAccessorImpl.java:45)\r\n\tat java.base/java.lang.reflect.Constructor.newInstance(Constructor.java:490)\r\n\tat org.openqa.selenium.remote.http.W3CHttpResponseCodec.createException(W3CHttpResponseCodec.java:187)\r\n\tat org.openqa.selenium.remote.http.W3CHttpResponseCodec.decode(W3CHttpResponseCodec.java:122)\r\n\tat org.openqa.selenium.remote.http.W3CHttpResponseCodec.decode(W3CHttpResponseCodec.java:49)\r\n\tat org.openqa.selenium.remote.HttpCommandExecutor.execute(HttpCommandExecutor.java:158)\r\n\tat org.openqa.selenium.remote.service.DriverCommandExecutor.execute(DriverCommandExecutor.java:83)\r\n\tat org.openqa.selenium.remote.RemoteWebDriver.execute(RemoteWebDriver.java:552)\r\n\tat org.openqa.selenium.remote.RemoteWebElement.execute(RemoteWebElement.java:285)\r\n\tat org.openqa.selenium.remote.RemoteWebElement.getAttribute(RemoteWebElement.java:134)\r\n\tat jdk.internal.reflect.GeneratedMethodAccessor1.invoke(Unknown Source)\r\n\tat java.base/jdk.internal.reflect.DelegatingMethodAccessorImpl.invoke(DelegatingMethodAccessorImpl.java:43)\r\n\tat java.base/java.lang.reflect.Method.invoke(Method.java:566)\r\n\tat org.openqa.selenium.support.events.EventFiringWebDriver$EventFiringWebElement.lambda$new$0(EventFiringWebDriver.java:404)\r\n\tat com.sun.proxy.$Proxy21.getAttribute(Unknown Source)\r\n\tat utilities.listener.WebEventListener.afterChangeValueOf(WebEventListener.java:138)\r\n\tat jdk.internal.reflect.GeneratedMethodAccessor16.invoke(Unknown Source)\r\n\tat java.base/jdk.internal.reflect.DelegatingMethodAccessorImpl.invoke(DelegatingMethodAccessorImpl.java:43)\r\n\tat java.base/java.lang.reflect.Method.invoke(Method.java:566)\r\n\tat org.openqa.selenium.support.events.EventFiringWebDriver.lambda$new$0(EventFiringWebDriver.java:84)\r\n\tat com.sun.proxy.$Proxy12.afterChangeValueOf(Unknown Source)\r\n\tat org.openqa.selenium.support.events.EventFiringWebDriver$EventFiringWebElement.sendKeys(EventFiringWebDriver.java:430)\r\n\tat jdk.internal.reflect.GeneratedMethodAccessor8.invoke(Unknown Source)\r\n\tat java.base/jdk.internal.reflect.DelegatingMethodAccessorImpl.invoke(DelegatingMethodAccessorImpl.java:43)\r\n\tat java.base/java.lang.reflect.Method.invoke(Method.java:566)\r\n\tat org.openqa.selenium.support.pagefactory.internal.LocatingElementHandler.invoke(LocatingElementHandler.java:51)\r\n\tat com.sun.proxy.$Proxy20.sendKeys(Unknown Source)\r\n\tat pages.PageConsinment.entertxtweight(PageConsinment.java:1874)\r\n\tat pages.TestPageConsinment.doStarted(TestPageConsinment.java:393)\r\n\tat java.base/jdk.internal.reflect.NativeMethodAccessorImpl.invoke0(Native Method)\r\n\tat java.base/jdk.internal.reflect.NativeMethodAccessorImpl.invoke(NativeMethodAccessorImpl.java:62)\r\n\tat java.base/jdk.internal.reflect.DelegatingMethodAccessorImpl.invoke(DelegatingMethodAccessorImpl.java:43)\r\n\tat java.base/java.lang.reflect.Method.invoke(Method.java:566)\r\n\tat org.testng.internal.MethodInvocationHelper.invokeMethod(MethodInvocationHelper.java:134)\r\n\tat org.testng.internal.TestInvoker.invokeMethod(TestInvoker.java:597)\r\n\tat org.testng.internal.TestInvoker.invokeTestMethod(TestInvoker.java:173)\r\n\tat org.testng.internal.MethodRunner.runInSequence(MethodRunner.java:46)\r\n\tat org.testng.internal.TestInvoker$MethodInvocationAgent.invoke(TestInvoker.java:816)\r\n\tat org.testng.internal.TestInvoker.invokeTestMethods(TestInvoker.java:146)\r\n\tat org.testng.internal.TestMethodWorker.invokeTestMethods(TestMethodWorker.java:146)\r\n\tat org.testng.internal.TestMethodWorker.run(TestMethodWorker.java:128)\r\n\tat java.base/java.util.ArrayList.forEach(ArrayList.java:1540)\r\n\tat org.testng.TestRunner.privateRun(TestRunner.java:766)\r\n\tat org.testng.TestRunner.run(TestRunner.java:587)\r\n\tat org.testng.SuiteRunner.runTest(SuiteRunner.java:384)\r\n\tat org.testng.SuiteRunner.runSequentially(SuiteRunner.java:378)\r\n\tat org.testng.SuiteRunner.privateRun(SuiteRunner.java:337)\r\n\tat org.testng.SuiteRunner.run(SuiteRunner.java:286)\r\n\tat org.testng.SuiteRunnerWorker.runSuite(SuiteRunnerWorker.java:53)\r\n\tat org.testng.SuiteRunnerWorker.run(SuiteRunnerWorker.java:96)\r\n\tat org.testng.TestNG.runSuitesSequentially(TestNG.java:1187)\r\n\tat org.testng.TestNG.runSuitesSequentially(TestNG.java:1182)\r\n\tat org.testng.TestNG.runSuitesLocally(TestNG.java:1109)\r\n\tat org.testng.TestNG.runSuites(TestNG.java:1039)\r\n\tat org.testng.TestNG.run(TestNG.java:1007)\r\n\tat org.apache.maven.surefire.testng.TestNGExecutor.run(TestNGExecutor.java:283)\r\n\tat org.apache.maven.surefire.testng.TestNGXmlTestSuite.execute(TestNGXmlTestSuite.java:75)\r\n\tat org.apache.maven.surefire.testng.TestNGProvider.invoke(TestNGProvider.java:120)\r\n\tat org.apache.maven.surefire.booter.ForkedBooter.runSuitesInProcess(ForkedBooter.java:377)\r\n\tat org.apache.maven.surefire.booter.ForkedBooter.execute(ForkedBooter.java:138)\r\n\tat org.apache.maven.surefire.booter.ForkedBooter.run(ForkedBooter.java:465)\r\n\tat org.apache.maven.surefire.booter.ForkedBooter.main(ForkedBooter.java:451)\r\n"},"stage":"finished","steps":[{"name":"Enter txt consignment : \"UAT42092217\"","status":"passed","stage":"finished","steps":[],"attachments":[],"parameters":[{"name":"txt","value":"UAT42092217"},{"name":"keys","value":""}],"start":1616503478234,"stop":1616503487526},{"name":"click on Logistic Type and verify If there is any value for that field","status":"passed","stage":"finished","steps":[],"attachments":[],"parameters":[],"start":1616503514191,"stop":1616503514223},{"name":"Click on Logistic Type and select Outbond","status":"passed","stage":"finished","steps":[],"attachments":[],"parameters":[],"start":1616503514223,"stop":1616503516739},{"name":"Click On Second Stepper","status":"passed","stage":"finished","steps":[],"attachments":[],"parameters":[],"start":1616503524740,"stop":1616503524974},{"name":"Verify Field Sender value reset is present","status":"passed","stage":"finished","steps":[],"attachments":[],"parameters":[],"start":1616503526974,"stop":1616503527009},{"name":"Verify the message displayed with following text","status":"passed","stage":"finished","steps":[],"attachments":[],"parameters":[],"start":1616503527009,"stop":1616503527032},{"name":"Verify the message displayed with following text","status":"passed","stage":"finished","steps":[],"attachments":[],"parameters":[],"start":1616503527033,"stop":1616503527115},{"name":"Click On Sender Name","status":"passed","stage":"finished","steps":[],"attachments":[],"parameters":[{"name":"txt","value":"GAMMATEK"}],"start":1616503527115,"stop":1616503527776},{"name":"Click on Advanced search button","status":"passed","stage":"finished","steps":[],"attachments":[],"parameters":[],"start":1616503527776,"stop":1616503531973},{"name":"Verify the Advanced Search window is displayed","status":"passed","stage":"finished","steps":[],"attachments":[],"parameters":[],"start":1616503531974,"stop":1616503532092},{"name":"Enter  characters in customer sender name","status":"passed","stage":"finished","steps":[],"attachments":[],"parameters":[{"name":"txt","value":"New"},{"name":"keys","value":""}],"start":1616503532093,"stop":1616503532578},{"name":"Enter  characters in customer sender name","status":"passed","stage":"finished","steps":[],"attachments":[],"parameters":[{"name":"txt","value":"SCOIN"},{"name":"keys","value":""}],"start":1616503532578,"stop":1616503533074},{"name":"CLick on search button","status":"passed","stage":"finished","steps":[],"attachments":[],"parameters":[],"start":1616503533075,"stop":1616503533291},{"name":"Select from Menu Sender Name ","status":"passed","stage":"finished","steps":[],"attachments":[],"parameters":[],"start":1616503533292,"stop":1616503535354},{"name":"Click On button New Contact","status":"passed","stage":"finished","steps":[],"attachments":[],"parameters":[],"start":1616503538355,"stop":1616503538798},{"name":"Click On button Cancel button","status":"passed","stage":"finished","steps":[],"attachments":[],"parameters":[],"start":1616503541799,"stop":1616503542108},{"name":"Click On Step Receiver","status":"passed","stage":"finished","steps":[],"attachments":[],"parameters":[],"start":1616503548109,"stop":1616503548397},{"name":"Verify Field receiver value","status":"passed","stage":"finished","steps":[],"attachments":[],"parameters":[],"start":1616503548398,"stop":1616503548449},{"name":"Click On Stepper Step Value","status":"passed","stage":"finished","steps":[],"attachments":[],"parameters":[],"start":1616503548449,"stop":1616503548830},{"name":"Verify the receiver field is restricted and displayed with following message","status":"passed","stage":"finished","steps":[],"attachments":[],"parameters":[],"start":1616503548830,"stop":1616503548864},{"name":"Verify the receiver field displayed with following message","status":"passed","stage":"finished","steps":[],"attachments":[],"parameters":[],"start":1616503548865,"stop":1616503548902},{"name":"Click On Stepper Step Value","status":"passed","stage":"finished","steps":[],"attachments":[],"parameters":[],"start":1616503552902,"stop":1616503553125},{"name":"Enter Text Step Value","status":"passed","stage":"finished","steps":[],"attachments":[],"parameters":[{"name":"txt","value":"456"}],"start":1616503553126,"stop":1616503553695},{"name":"Click on Stepper Requirment","status":"passed","stage":"finished","steps":[],"attachments":[],"parameters":[],"start":1616503553695,"stop":1616503553939},{"name":"Enter Text for Shipper Reference","status":"passed","stage":"finished","steps":[],"attachments":[],"parameters":[{"name":"txt","value":"wwww"}],"start":1616503553940,"stop":1616503555241},{"name":"Enter Text for Shipper Reference","status":"passed","stage":"finished","steps":[],"attachments":[],"parameters":[{"name":"txt","value":"eeeeeee"}],"start":1616503555241,"stop":1616503555859},{"name":"Click on POD field and select from list ","status":"passed","stage":"finished","steps":[],"attachments":[],"parameters":[{"name":"tab","value":""}],"start":1616503555859,"stop":1616503557912},{"name":"Click on POD field and select KYC Code  4 and select reason from list as Marketing Material ","status":"passed","stage":"finished","steps":[],"attachments":[],"parameters":[{"name":"tab","value":""}],"start":1616503559913,"stop":1616503561999},{"name":"Click on POD field and select KYC Code  5 and select reason from list as Document ","status":"passed","stage":"finished","steps":[],"attachments":[],"parameters":[{"name":"tab","value":""}],"start":1616503563999,"stop":1616503566003},{"name":"Click on POD field and select KYC Code  9 and select reason from list as others ","status":"passed","stage":"finished","steps":[],"attachments":[],"parameters":[{"name":"tab","value":""}],"start":1616503568003,"stop":1616503570019},{"name":" Click on Standard INstruction Type and Select Do not deliver on date ","status":"passed","stage":"finished","steps":[],"attachments":[],"parameters":[],"start":1616503572019,"stop":1616503574069},{"name":" Select Do nott deliverr days ","status":"passed","stage":"finished","steps":[],"attachments":[],"parameters":[],"start":1616503574070,"stop":1616503575327},{"name":"Click On stepper Services","status":"passed","stage":"finished","steps":[],"attachments":[],"parameters":[],"start":1616503575327,"stop":1616503575677},{"name":"Click On Service Type and select Next Day 17H00","status":"passed","stage":"finished","steps":[],"attachments":[],"parameters":[],"start":1616503575677,"stop":1616503577481},{"name":"Click On Service Type and select Service type2","status":"passed","stage":"finished","steps":[],"attachments":[],"parameters":[],"start":1616503579482,"stop":1616503580526},{"name":"Verify the Rica is not present","status":"passed","stage":"finished","steps":[],"attachments":[],"parameters":[],"start":1616503580526,"stop":1616503580670},{"name":"Verify Rica is selected or not","status":"passed","stage":"finished","steps":[],"attachments":[],"parameters":[],"start":1616503580671,"stop":1616503580737},{"name":"click on Service Type and select Express Road","status":"passed","stage":"finished","steps":[],"attachments":[],"parameters":[],"start":1616503580737,"stop":1616503581768},{"name":"click on Rica if not select","status":"passed","stage":"finished","steps":[],"attachments":[],"parameters":[],"start":1616503583769,"stop":1616503584022},{"name":"Click on Idnetity type and select SA ID ","status":"passed","stage":"finished","steps":[],"attachments":[],"parameters":[],"start":1616503586023,"stop":1616503586547},{"name":"Enter text in SA ID field","status":"passed","stage":"finished","steps":[],"attachments":[],"parameters":[{"name":"txt","value":"1234567891234"}],"start":1616503586548,"stop":1616503587349},{"name":"Verify FridgeLine Window field is available","status":"passed","stage":"finished","steps":[],"attachments":[],"parameters":[],"start":1616503587349,"stop":1616503587374},{"name":"Click On stepper Parcel","status":"passed","stage":"finished","steps":[],"attachments":[],"parameters":[],"start":1616503587374,"stop":1616503587664},{"name":"Enter text Number of parcel","status":"passed","stage":"finished","steps":[],"attachments":[],"parameters":[{"name":"txt","value":"1"}],"start":1616503587665,"stop":1616503588931},{"name":"Verify the parcel header is displayed","status":"passed","stage":"finished","steps":[],"attachments":[],"parameters":[],"start":1616503588932,"stop":1616503588965},{"name":"Click On Finalise Button and close the POPUP","status":"passed","stage":"finished","steps":[],"attachments":[],"parameters":[],"start":1616503588966,"stop":1616503589384},{"name":"verify the Security pack error is displayed","status":"passed","stage":"finished","steps":[],"attachments":[],"parameters":[],"start":1616503589385,"stop":1616503589567},{"name":"Click on Security Pack","status":"passed","stage":"finished","steps":[],"attachments":[],"parameters":[{"name":"txt","value":"SP12345678"}],"start":1616503589568,"stop":1616503590421},{"name":"verify the Security pack error is displayed","status":"passed","stage":"finished","steps":[],"attachments":[],"parameters":[],"start":1616503590421,"stop":1616503590578},{"name":"Enter text weight ","status":"broken","statusDetails":{"known":false,"muted":false,"flaky":false,"message":"no such window: target window already closed\nfrom unknown error: web view not found\n  (Session info: chrome=89.0.4389.90)\nBuild info: version: '3.141.59', revision: 'e82be7d358', time: '2018-11-14T08:17:03'\nSystem info: host: 'WJLP-1098', ip: '192.168.65.1', os.name: 'Windows 10', os.arch: 'amd64', os.version: '10.0', java.version: '11.0.7'\nDriver info: org.openqa.selenium.chrome.ChromeDriver\nCapabilities {acceptInsecureCerts: false, browserName: chrome, browserVersion: 89.0.4389.90, chrome: {chromedriverVersion: 89.0.4389.23 (61b08ee2c5002..., userDataDir: C:\\Users\\nasreenk\\AppData\\L...}, goog:chromeOptions: {debuggerAddress: localhost:56747}, javascriptEnabled: true, networkConnectionEnabled: false, pageLoadStrategy: none, platform: WINDOWS, platformName: WINDOWS, proxy: Proxy(), setWindowRect: true, strictFileInteractability: false, timeouts: {implicit: 0, pageLoad: 300000, script: 30000}, unhandledPromptBehavior: dismiss and notify, webauthn:extension:largeBlob: true, webauthn:virtualAuthenticators: true}\nSession ID: f5d9c0d27359a1486f6bd116a1fb52ba","trace":"org.openqa.selenium.NoSuchWindowException: no such window: target window already closed\nfrom unknown error: web view not found\n  (Session info: chrome=89.0.4389.90)\nBuild info: version: '3.141.59', revision: 'e82be7d358', time: '2018-11-14T08:17:03'\nSystem info: host: 'WJLP-1098', ip: '192.168.65.1', os.name: 'Windows 10', os.arch: 'amd64', os.version: '10.0', java.version: '11.0.7'\nDriver info: org.openqa.selenium.chrome.ChromeDriver\nCapabilities {acceptInsecureCerts: false, browserName: chrome, browserVersion: 89.0.4389.90, chrome: {chromedriverVersion: 89.0.4389.23 (61b08ee2c5002..., userDataDir: C:\\Users\\nasreenk\\AppData\\L...}, goog:chromeOptions: {debuggerAddress: localhost:56747}, javascriptEnabled: true, networkConnectionEnabled: false, pageLoadStrategy: none, platform: WINDOWS, platformName: WINDOWS, proxy: Proxy(), setWindowRect: true, strictFileInteractability: false, timeouts: {implicit: 0, pageLoad: 300000, script: 30000}, unhandledPromptBehavior: dismiss and notify, webauthn:extension:largeBlob: true, webauthn:virtualAuthenticators: true}\nSession ID: f5d9c0d27359a1486f6bd116a1fb52ba\r\n\tat java.base/jdk.internal.reflect.NativeConstructorAccessorImpl.newInstance0(Native Method)\r\n\tat java.base/jdk.internal.reflect.NativeConstructorAccessorImpl.newInstance(NativeConstructorAccessorImpl.java:62)\r\n\tat java.base/jdk.internal.reflect.DelegatingConstructorAccessorImpl.newInstance(DelegatingConstructorAccessorImpl.java:45)\r\n\tat java.base/java.lang.reflect.Constructor.newInstance(Constructor.java:490)\r\n\tat org.openqa.selenium.remote.http.W3CHttpResponseCodec.createException(W3CHttpResponseCodec.java:187)\r\n\tat org.openqa.selenium.remote.http.W3CHttpResponseCodec.decode(W3CHttpResponseCodec.java:122)\r\n\tat org.openqa.selenium.remote.http.W3CHttpResponseCodec.decode(W3CHttpResponseCodec.java:49)\r\n\tat org.openqa.selenium.remote.HttpCommandExecutor.execute(HttpCommandExecutor.java:158)\r\n\tat org.openqa.selenium.remote.service.DriverCommandExecutor.execute(DriverCommandExecutor.java:83)\r\n\tat org.openqa.selenium.remote.RemoteWebDriver.execute(RemoteWebDriver.java:552)\r\n\tat org.openqa.selenium.remote.RemoteWebElement.execute(RemoteWebElement.java:285)\r\n\tat org.openqa.selenium.remote.RemoteWebElement.getAttribute(RemoteWebElement.java:134)\r\n\tat jdk.internal.reflect.GeneratedMethodAccessor1.invoke(Unknown Source)\r\n\tat java.base/jdk.internal.reflect.DelegatingMethodAccessorImpl.invoke(DelegatingMethodAccessorImpl.java:43)\r\n\tat java.base/java.lang.reflect.Method.invoke(Method.java:566)\r\n\tat org.openqa.selenium.support.events.EventFiringWebDriver$EventFiringWebElement.lambda$new$0(EventFiringWebDriver.java:404)\r\n\tat com.sun.proxy.$Proxy21.getAttribute(Unknown Source)\r\n\tat utilities.listener.WebEventListener.afterChangeValueOf(WebEventListener.java:138)\r\n\tat jdk.internal.reflect.GeneratedMethodAccessor16.invoke(Unknown Source)\r\n\tat java.base/jdk.internal.reflect.DelegatingMethodAccessorImpl.invoke(DelegatingMethodAccessorImpl.java:43)\r\n\tat java.base/java.lang.reflect.Method.invoke(Method.java:566)\r\n\tat org.openqa.selenium.support.events.EventFiringWebDriver.lambda$new$0(EventFiringWebDriver.java:84)\r\n\tat com.sun.proxy.$Proxy12.afterChangeValueOf(Unknown Source)\r\n\tat org.openqa.selenium.support.events.EventFiringWebDriver$EventFiringWebElement.sendKeys(EventFiringWebDriver.java:430)\r\n\tat jdk.internal.reflect.GeneratedMethodAccessor8.invoke(Unknown Source)\r\n\tat java.base/jdk.internal.reflect.DelegatingMethodAccessorImpl.invoke(DelegatingMethodAccessorImpl.java:43)\r\n\tat java.base/java.lang.reflect.Method.invoke(Method.java:566)\r\n\tat org.openqa.selenium.support.pagefactory.internal.LocatingElementHandler.invoke(LocatingElementHandler.java:51)\r\n\tat com.sun.proxy.$Proxy20.sendKeys(Unknown Source)\r\n\tat pages.PageConsinment.entertxtweight(PageConsinment.java:1874)\r\n\tat pages.TestPageConsinment.doStarted(TestPageConsinment.java:393)\r\n\tat java.base/jdk.internal.reflect.NativeMethodAccessorImpl.invoke0(Native Method)\r\n\tat java.base/jdk.internal.reflect.NativeMethodAccessorImpl.invoke(NativeMethodAccessorImpl.java:62)\r\n\tat java.base/jdk.internal.reflect.DelegatingMethodAccessorImpl.invoke(DelegatingMethodAccessorImpl.java:43)\r\n\tat java.base/java.lang.reflect.Method.invoke(Method.java:566)\r\n\tat org.testng.internal.MethodInvocationHelper.invokeMethod(MethodInvocationHelper.java:134)\r\n\tat org.testng.internal.TestInvoker.invokeMethod(TestInvoker.java:597)\r\n\tat org.testng.internal.TestInvoker.invokeTestMethod(TestInvoker.java:173)\r\n\tat org.testng.internal.MethodRunner.runInSequence(MethodRunner.java:46)\r\n\tat org.testng.internal.TestInvoker$MethodInvocationAgent.invoke(TestInvoker.java:816)\r\n\tat org.testng.internal.TestInvoker.invokeTestMethods(TestInvoker.java:146)\r\n\tat org.testng.internal.TestMethodWorker.invokeTestMethods(TestMethodWorker.java:146)\r\n\tat org.testng.internal.TestMethodWorker.run(TestMethodWorker.java:128)\r\n\tat java.base/java.util.ArrayList.forEach(ArrayList.java:1540)\r\n\tat org.testng.TestRunner.privateRun(TestRunner.java:766)\r\n\tat org.testng.TestRunner.run(TestRunner.java:587)\r\n\tat org.testng.SuiteRunner.runTest(SuiteRunner.java:384)\r\n\tat org.testng.SuiteRunner.runSequentially(SuiteRunner.java:378)\r\n\tat org.testng.SuiteRunner.privateRun(SuiteRunner.java:337)\r\n\tat org.testng.SuiteRunner.run(SuiteRunner.java:286)\r\n\tat org.testng.SuiteRunnerWorker.runSuite(SuiteRunnerWorker.java:53)\r\n\tat org.testng.SuiteRunnerWorker.run(SuiteRunnerWorker.java:96)\r\n\tat org.testng.TestNG.runSuitesSequentially(TestNG.java:1187)\r\n\tat org.testng.TestNG.runSuitesSequentially(TestNG.java:1182)\r\n\tat org.testng.TestNG.runSuitesLocally(TestNG.java:1109)\r\n\tat org.testng.TestNG.runSuites(TestNG.java:1039)\r\n\tat org.testng.TestNG.run(TestNG.java:1007)\r\n\tat org.apache.maven.surefire.testng.TestNGExecutor.run(TestNGExecutor.java:283)\r\n\tat org.apache.maven.surefire.testng.TestNGXmlTestSuite.execute(TestNGXmlTestSuite.java:75)\r\n\tat org.apache.maven.surefire.testng.TestNGProvider.invoke(TestNGProvider.java:120)\r\n\tat org.apache.maven.surefire.booter.ForkedBooter.runSuitesInProcess(ForkedBooter.java:377)\r\n\tat org.apache.maven.surefire.booter.ForkedBooter.execute(ForkedBooter.java:138)\r\n\tat org.apache.maven.surefire.booter.ForkedBooter.run(ForkedBooter.java:465)\r\n\tat org.apache.maven.surefire.booter.ForkedBooter.main(ForkedBooter.java:451)\r\n"},"stage":"finished","steps":[],"attachments":[],"parameters":[{"name":"txt","value":"0.1"}],"start":1616503590578,"stop":1616503590900}],"attachments":[],"parameters":[{"name":"arg0","value":"{SecurityPack=SP12345678, ValueForCarrige=456, ReceiverName=A, BilledTo=SAGO44, ValidShipperReference=eeeeeee, InvalidShipperReference=wwww, ReceiverName2=Automation, SenderName=GAMMATEK, NumberOfParcel=1, ConsignmentID=UAT42092217, InvalidSenderName=New, ValidSenderName=SCOIN}"}],"start":1616503478152,"stop":1616503590907,"uuid":"cb36c636-d422-4cda-b521-1cc310a35016","historyId":"186f1551fb432f23a52edf2611bb85b6","fullName":"pages.TestPageConsinment.doStarted","labels":[{"name":"package","value":"pages.TestPageConsinment"},{"name":"testClass","value":"pages.TestPageConsinment"},{"name":"testMethod","value":"doStarted"},{"name":"parentSuite","value":"Valid Login Scenario"},{"name":"suite","value":"Test Consignment"},{"name":"subSuite","value":"pages.TestPageConsinment"},{"name":"host","value":"WJLP-1098"},{"name":"thread","value":"14704@WJLP-1098.main(1)"},{"name":"framework","value":"testng"},{"name":"language","value":"java"}],"links":[]}