<!DOCTYPE html>

<html>
  <head>
  <meta charset='utf-8'>
  <title>TestNG reports</title>

    <link type="text/css" href="testng-reports.css" rel="stylesheet" />
    <script type="text/javascript" src="jquery-3.4.1.min.js"></script>
    <script type="text/javascript" src="testng-reports.js"></script>
    <script type="text/javascript" src="https://www.google.com/jsapi"></script>
    <script type='text/javascript'>
      google.load('visualization', '1', {packages:['table']});
      google.setOnLoadCallback(drawTable);
      var suiteTableInitFunctions = new Array();
      var suiteTableData = new Array();
    </script>
    <!--
      <script type="text/javascript" src="jquery-ui/js/jquery-ui-1.8.16.custom.min.js"></script>
     -->
  </head>

  <body>
    <div class="top-banner-root">
      <span class="top-banner-title-font">Test results</span>
      <br/>
      <span class="top-banner-font-1">3 suites, 5 failed tests</span>
    </div> <!-- top-banner-root -->
    <div class="navigator-root">
      <div class="navigator-suite-header">
        <span>All suites</span>
        <a href="#" title="Collapse/expand all the suites" class="collapse-all-link">
          <img src="collapseall.gif" class="collapse-all-icon">
          </img> <!-- collapse-all-icon -->
        </a> <!-- collapse-all-link -->
      </div> <!-- navigator-suite-header -->
      <div class="suite">
        <div class="rounded-window">
          <div class="suite-header light-rounded-window-top">
            <a href="#" panel-name="suite-Valid_Login_Scenario__0_" class="navigator-link">
              <span class="suite-name border-failed">Valid Login Scenario (0)</span>
            </a> <!-- navigator-link -->
          </div> <!-- suite-header light-rounded-window-top -->
          <div class="navigator-suite-content">
            <div class="suite-section-title">
              <span>Info</span>
            </div> <!-- suite-section-title -->
            <div class="suite-section-content">
              <ul>
                <li>
                  <a href="#" panel-name="test-xml-Valid_Login_Scenario__0_" class="navigator-link ">
                    <span>E:\InelliJ\SeleniumTestJavaArtifact2july\SeleniumTestJavaArtifact\src\test\resources\suites\ConsignmentInbound.xml</span>
                  </a> <!-- navigator-link  -->
                </li>
                <li>
                  <a href="#" panel-name="testlist-Valid_Login_Scenario__0_" class="navigator-link ">
                    <span class="test-stats">2 tests</span>
                  </a> <!-- navigator-link  -->
                </li>
                <li>
                  <a href="#" panel-name="group-Valid_Login_Scenario__0_" class="navigator-link ">
                    <span>0 groups</span>
                  </a> <!-- navigator-link  -->
                </li>
                <li>
                  <a href="#" panel-name="times-Valid_Login_Scenario__0_" class="navigator-link ">
                    <span>Times</span>
                  </a> <!-- navigator-link  -->
                </li>
                <li>
                  <a href="#" panel-name="reporter-Valid_Login_Scenario__0_" class="navigator-link ">
                    <span>Reporter output</span>
                  </a> <!-- navigator-link  -->
                </li>
                <li>
                  <a href="#" panel-name="ignored-methods-Valid_Login_Scenario__0_" class="navigator-link ">
                    <span>Ignored methods</span>
                  </a> <!-- navigator-link  -->
                </li>
                <li>
                  <a href="#" panel-name="chronological-Valid_Login_Scenario__0_" class="navigator-link ">
                    <span>Chronological view</span>
                  </a> <!-- navigator-link  -->
                </li>
              </ul>
            </div> <!-- suite-section-content -->
            <div class="result-section">
              <div class="suite-section-title">
                <span>Results</span>
              </div> <!-- suite-section-title -->
              <div class="suite-section-content">
                <ul>
                  <li>
                    <span class="method-stats">5 methods, 4 failed,   1 passed</span>
                  </li>
                  <li>
                    <span class="method-list-title failed">Failed methods</span>
                    <span class="show-or-hide-methods failed">
                      <a href="#" panel-name="suite-Valid_Login_Scenario__0_" class="hide-methods failed suite-Valid_Login_Scenario__0_"> (hide)</a> <!-- hide-methods failed suite-Valid_Login_Scenario__0_ -->
                      <a href="#" panel-name="suite-Valid_Login_Scenario__0_" class="show-methods failed suite-Valid_Login_Scenario__0_"> (show)</a> <!-- show-methods failed suite-Valid_Login_Scenario__0_ -->
                    </span>
                    <div class="method-list-content failed suite-Valid_Login_Scenario__0_">
                      <span>
                        <img src="failed.png" width="3%"/>
                        <a href="#" panel-name="suite-Valid_Login_Scenario__0_" title="pages.TestPageConsignmentInbound" class="method navigator-link" hash-for-method="clickOnAccordian">clickOnAccordian</a> <!-- method navigator-link -->
                      </span>
                      <br/>
                      <span>
                        <img src="failed.png" width="3%"/>
                        <a href="#" panel-name="suite-Valid_Login_Scenario__0_" title="pages.TestPageConsignmentInbound" class="method navigator-link" hash-for-method="clickOnConsignment">clickOnConsignment</a> <!-- method navigator-link -->
                      </span>
                      <br/>
                      <span>
                        <img src="failed.png" width="3%"/>
                        <a href="#" panel-name="suite-Valid_Login_Scenario__0_" title="pages.TestPageConsignmentInbound" class="method navigator-link" hash-for-method="consignmentInboundEmailAndSave({ConsignmentID=UAT08000106, InvalidShipperReference=bnmgfdfg, ICCIDNumber=1.11189E+18, BilledTo=GAMM...)">consignmentInboundEmailAndSave({ConsignmentID=UAT08000106, InvalidShipperReference=bnmgfdfg, ICCIDNumber=1.11189E+18, BilledTo=GAMM...)</a> <!-- method navigator-link -->
                      </span>
                      <br/>
                      <span>
                        <img src="failed.png" width="3%"/>
                        <a href="#" panel-name="suite-Valid_Login_Scenario__0_" title="pages.TestPageConsignmentInbound" class="method navigator-link" hash-for-method="consignmentInboundSave({ConsignmentID=UAT07000105, InvalidShipperReference=Ddsd23, NewSenderContactFirstName=Nasreen, Bille...)">consignmentInboundSave({ConsignmentID=UAT07000105, InvalidShipperReference=Ddsd23, NewSenderContactFirstName=Nasreen, Bille...)</a> <!-- method navigator-link -->
                      </span>
                      <br/>
                    </div> <!-- method-list-content failed suite-Valid_Login_Scenario__0_ -->
                  </li>
                  <li>
                    <span class="method-list-title passed">Passed methods</span>
                    <span class="show-or-hide-methods passed">
                      <a href="#" panel-name="suite-Valid_Login_Scenario__0_" class="hide-methods passed suite-Valid_Login_Scenario__0_"> (hide)</a> <!-- hide-methods passed suite-Valid_Login_Scenario__0_ -->
                      <a href="#" panel-name="suite-Valid_Login_Scenario__0_" class="show-methods passed suite-Valid_Login_Scenario__0_"> (show)</a> <!-- show-methods passed suite-Valid_Login_Scenario__0_ -->
                    </span>
                    <div class="method-list-content passed suite-Valid_Login_Scenario__0_">
                      <span>
                        <img src="passed.png" width="3%"/>
                        <a href="#" panel-name="suite-Valid_Login_Scenario__0_" title="pages.LoginPageTest" class="method navigator-link" hash-for-method="signIn({Status=, Message=, Password=Nasreen@123, UserName=Nasreen.khan@ram.co.za})">signIn({Status=, Message=, Password=Nasreen@123, UserName=Nasreen.khan@ram.co.za})</a> <!-- method navigator-link -->
                      </span>
                      <br/>
                    </div> <!-- method-list-content passed suite-Valid_Login_Scenario__0_ -->
                  </li>
                </ul>
              </div> <!-- suite-section-content -->
            </div> <!-- result-section -->
          </div> <!-- navigator-suite-content -->
        </div> <!-- rounded-window -->
      </div> <!-- suite -->
      <div class="suite">
        <div class="rounded-window">
          <div class="suite-header light-rounded-window-top">
            <a href="#" panel-name="suite-Valid_Login_Scenario" class="navigator-link">
              <span class="suite-name border-failed">Valid Login Scenario</span>
            </a> <!-- navigator-link -->
          </div> <!-- suite-header light-rounded-window-top -->
          <div class="navigator-suite-content">
            <div class="suite-section-title">
              <span>Info</span>
            </div> <!-- suite-section-title -->
            <div class="suite-section-content">
              <ul>
                <li>
                  <a href="#" panel-name="test-xml-Valid_Login_Scenario" class="navigator-link ">
                    <span>E:\InelliJ\SeleniumTestJavaArtifact2july\SeleniumTestJavaArtifact\src\test\resources\suites\ConsignmentOutbound.xml</span>
                  </a> <!-- navigator-link  -->
                </li>
                <li>
                  <a href="#" panel-name="testlist-Valid_Login_Scenario" class="navigator-link ">
                    <span class="test-stats">2 tests</span>
                  </a> <!-- navigator-link  -->
                </li>
                <li>
                  <a href="#" panel-name="group-Valid_Login_Scenario" class="navigator-link ">
                    <span>0 groups</span>
                  </a> <!-- navigator-link  -->
                </li>
                <li>
                  <a href="#" panel-name="times-Valid_Login_Scenario" class="navigator-link ">
                    <span>Times</span>
                  </a> <!-- navigator-link  -->
                </li>
                <li>
                  <a href="#" panel-name="reporter-Valid_Login_Scenario" class="navigator-link ">
                    <span>Reporter output</span>
                  </a> <!-- navigator-link  -->
                </li>
                <li>
                  <a href="#" panel-name="ignored-methods-Valid_Login_Scenario" class="navigator-link ">
                    <span>Ignored methods</span>
                  </a> <!-- navigator-link  -->
                </li>
                <li>
                  <a href="#" panel-name="chronological-Valid_Login_Scenario" class="navigator-link ">
                    <span>Chronological view</span>
                  </a> <!-- navigator-link  -->
                </li>
              </ul>
            </div> <!-- suite-section-content -->
            <div class="result-section">
              <div class="suite-section-title">
                <span>Results</span>
              </div> <!-- suite-section-title -->
              <div class="suite-section-content">
                <ul>
                  <li>
                    <span class="method-stats">5 methods, 1 failed,   4 passed</span>
                  </li>
                  <li>
                    <span class="method-list-title failed">Failed methods</span>
                    <span class="show-or-hide-methods failed">
                      <a href="#" panel-name="suite-Valid_Login_Scenario" class="hide-methods failed suite-Valid_Login_Scenario"> (hide)</a> <!-- hide-methods failed suite-Valid_Login_Scenario -->
                      <a href="#" panel-name="suite-Valid_Login_Scenario" class="show-methods failed suite-Valid_Login_Scenario"> (show)</a> <!-- show-methods failed suite-Valid_Login_Scenario -->
                    </span>
                    <div class="method-list-content failed suite-Valid_Login_Scenario">
                      <span>
                        <img src="failed.png" width="3%"/>
                        <a href="#" panel-name="suite-Valid_Login_Scenario" title="pages.TestPageConsinment" class="method navigator-link" hash-for-method="verifyValueStepperIsNotPresentOnSelectionOfDoc">verifyValueStepperIsNotPresentOnSelectionOfDoc</a> <!-- method navigator-link -->
                      </span>
                      <br/>
                    </div> <!-- method-list-content failed suite-Valid_Login_Scenario -->
                  </li>
                  <li>
                    <span class="method-list-title passed">Passed methods</span>
                    <span class="show-or-hide-methods passed">
                      <a href="#" panel-name="suite-Valid_Login_Scenario" class="hide-methods passed suite-Valid_Login_Scenario"> (hide)</a> <!-- hide-methods passed suite-Valid_Login_Scenario -->
                      <a href="#" panel-name="suite-Valid_Login_Scenario" class="show-methods passed suite-Valid_Login_Scenario"> (show)</a> <!-- show-methods passed suite-Valid_Login_Scenario -->
                    </span>
                    <div class="method-list-content passed suite-Valid_Login_Scenario">
                      <span>
                        <img src="passed.png" width="3%"/>
                        <a href="#" panel-name="suite-Valid_Login_Scenario" title="pages.TestPageConsinment" class="method navigator-link" hash-for-method="clickOnAccordian">clickOnAccordian</a> <!-- method navigator-link -->
                      </span>
                      <br/>
                      <span>
                        <img src="passed.png" width="3%"/>
                        <a href="#" panel-name="suite-Valid_Login_Scenario" title="pages.TestPageConsinment" class="method navigator-link" hash-for-method="clickOnConsignment">clickOnConsignment</a> <!-- method navigator-link -->
                      </span>
                      <br/>
                      <span>
                        <img src="passed.png" width="3%"/>
                        <a href="#" panel-name="suite-Valid_Login_Scenario" title="pages.TestPageConsinment" class="method navigator-link" hash-for-method="doStarted({SecurityPack=SP12345678, ValueForCarrige=456, ReceiverName=A, BilledTo=SAGO44, ValidShipperReferenc...)">doStarted({SecurityPack=SP12345678, ValueForCarrige=456, ReceiverName=A, BilledTo=SAGO44, ValidShipperReferenc...)</a> <!-- method navigator-link -->
                      </span>
                      <br/>
                      <span>
                        <img src="passed.png" width="3%"/>
                        <a href="#" panel-name="suite-Valid_Login_Scenario" title="pages.LoginPageTest" class="method navigator-link" hash-for-method="signIn({Status=, Message=, Password=Nasreen@123, UserName=Nasreen.khan@ram.co.za})">signIn({Status=, Message=, Password=Nasreen@123, UserName=Nasreen.khan@ram.co.za})</a> <!-- method navigator-link -->
                      </span>
                      <br/>
                    </div> <!-- method-list-content passed suite-Valid_Login_Scenario -->
                  </li>
                </ul>
              </div> <!-- suite-section-content -->
            </div> <!-- result-section -->
          </div> <!-- navigator-suite-content -->
        </div> <!-- rounded-window -->
      </div> <!-- suite -->
    </div> <!-- navigator-root -->
    <div class="wrapper">
      <div class="main-panel-root">
        <div panel-name="suite-Valid_Login_Scenario__0_" class="panel Valid_Login_Scenario__0_">
          <div class="suite-Valid_Login_Scenario__0_-class-failed">
            <div class="main-panel-header rounded-window-top">
              <img src="failed.png"/>
              <span class="class-name">pages.TestPageConsignmentInbound</span>
            </div> <!-- main-panel-header rounded-window-top -->
            <div class="main-panel-content rounded-window-bottom">
              <div class="method">
                <div class="method-content">
                  <a name="clickOnAccordian">
                  </a> <!-- clickOnAccordian -->
                  <span class="method-name">clickOnAccordian</span>
                  <div class="stack-trace">org.openqa.selenium.TimeoutException: Expected condition failed: waiting for element to be clickable: Proxy element for: AjaxElementLocator &apos;By.cssSelector: .v-expansion-panel__container:nth-child(5) .panel-header&apos; (tried for 60 second(s) with 500 milliseconds interval)
	at org.openqa.selenium.support.ui.WebDriverWait.timeoutException(WebDriverWait.java:95)
	at org.openqa.selenium.support.ui.FluentWait.until(FluentWait.java:272)
	at pages.PageDashBoard.clickOnConsignViaAccordion(PageDashBoard.java:81)
	at pages.TestPageConsignmentInbound.clickOnAccordian(TestPageConsignmentInbound.java:43)
	at java.base/java.util.ArrayList.forEach(ArrayList.java:1540)
Caused by: org.openqa.selenium.NoSuchElementException: Timed out after 60 seconds. Unable to locate the element
	at org.openqa.selenium.support.pagefactory.AjaxElementLocator.findElement(AjaxElementLocator.java:99)
	at org.openqa.selenium.support.pagefactory.internal.LocatingElementHandler.invoke(LocatingElementHandler.java:38)
	at com.sun.proxy.$Proxy20.isDisplayed(Unknown Source)
	at org.openqa.selenium.support.ui.ExpectedConditions.elementIfVisible(ExpectedConditions.java:314)
	at org.openqa.selenium.support.ui.ExpectedConditions.access$000(ExpectedConditions.java:43)
	at org.openqa.selenium.support.ui.ExpectedConditions$10.apply(ExpectedConditions.java:300)
	at org.openqa.selenium.support.ui.ExpectedConditions$10.apply(ExpectedConditions.java:297)
	at org.openqa.selenium.support.ui.ExpectedConditions$23.apply(ExpectedConditions.java:670)
	at org.openqa.selenium.support.ui.ExpectedConditions$23.apply(ExpectedConditions.java:666)
	at org.openqa.selenium.support.ui.FluentWait.until(FluentWait.java:249)
	... 35 more
Caused by: org.openqa.selenium.NoSuchElementException: no such element: Unable to locate element: {&quot;method&quot;:&quot;css selector&quot;,&quot;selector&quot;:&quot;.v-expansion-panel__container:nth-child(5) .panel-header&quot;}
  (Session info: headless chrome=89.0.4389.90)
For documentation on this error, please visit: https://www.seleniumhq.org/exceptions/no_such_element.html
Build info: version: &apos;3.141.59&apos;, revision: &apos;e82be7d358&apos;, time: &apos;2018-11-14T08:17:03&apos;
System info: host: &apos;WJLP-1098&apos;, ip: &apos;192.168.65.1&apos;, os.name: &apos;Windows 10&apos;, os.arch: &apos;amd64&apos;, os.version: &apos;10.0&apos;, java.version: &apos;11.0.7&apos;
Driver info: org.openqa.selenium.chrome.ChromeDriver
Capabilities {acceptInsecureCerts: false, browserName: chrome, browserVersion: 89.0.4389.90, chrome: {chromedriverVersion: 89.0.4389.23 (61b08ee2c5002..., userDataDir: C:\Users\nasreenk\AppData\L...}, goog:chromeOptions: {debuggerAddress: localhost:53878}, javascriptEnabled: true, networkConnectionEnabled: false, pageLoadStrategy: none, platform: WINDOWS, platformName: WINDOWS, proxy: Proxy(), setWindowRect: true, strictFileInteractability: false, timeouts: {implicit: 0, pageLoad: 300000, script: 30000}, unhandledPromptBehavior: dismiss and notify, webauthn:extension:largeBlob: true, webauthn:virtualAuthenticators: true}
Session ID: 2c385f64303c21b7fc3507e4f9935a94
*** Element info: {Using=css selector, value=.v-expansion-panel__container:nth-child(5) .panel-header}
	at org.openqa.selenium.remote.http.W3CHttpResponseCodec.createException(W3CHttpResponseCodec.java:187)
	at org.openqa.selenium.remote.http.W3CHttpResponseCodec.decode(W3CHttpResponseCodec.java:122)
	at org.openqa.selenium.remote.http.W3CHttpResponseCodec.decode(W3CHttpResponseCodec.java:49)
	at org.openqa.selenium.remote.HttpCommandExecutor.execute(HttpCommandExecutor.java:158)
	at org.openqa.selenium.remote.service.DriverCommandExecutor.execute(DriverCommandExecutor.java:83)
	at org.openqa.selenium.remote.RemoteWebDriver.execute(RemoteWebDriver.java:552)
	at org.openqa.selenium.remote.RemoteWebDriver.findElement(RemoteWebDriver.java:323)
	at org.openqa.selenium.remote.RemoteWebDriver.findElementByCssSelector(RemoteWebDriver.java:420)
	at org.openqa.selenium.By$ByCssSelector.findElement(By.java:431)
	at org.openqa.selenium.remote.RemoteWebDriver.findElement(RemoteWebDriver.java:315)
	at org.openqa.selenium.support.events.EventFiringWebDriver.lambda$new$1(EventFiringWebDriver.java:105)
	at com.sun.proxy.$Proxy13.findElement(Unknown Source)
	at org.openqa.selenium.support.events.EventFiringWebDriver.findElement(EventFiringWebDriver.java:194)
	at org.openqa.selenium.support.pagefactory.DefaultElementLocator.findElement(DefaultElementLocator.java:69)
	at org.openqa.selenium.support.pagefactory.AjaxElementLocator.access$001(AjaxElementLocator.java:39)
	at org.openqa.selenium.support.pagefactory.AjaxElementLocator$SlowLoadingElement.isLoaded(AjaxElementLocator.java:165)
	at org.openqa.selenium.support.ui.SlowLoadableComponent.get(SlowLoadableComponent.java:72)
	at org.openqa.selenium.support.pagefactory.AjaxElementLocator.findElement(AjaxElementLocator.java:95)
	... 44 more
... Removed 38 stack frames
</div> <!-- stack-trace -->
                </div> <!-- method-content -->
              </div> <!-- method -->
              <div class="method">
                <div class="method-content">
                  <a name="clickOnConsignment">
                  </a> <!-- clickOnConsignment -->
                  <span class="method-name">clickOnConsignment</span>
                  <div class="stack-trace">org.openqa.selenium.TimeoutException: Expected condition failed: waiting for element to be clickable: Proxy element for: AjaxElementLocator &apos;By.xpath: //div[@class=&apos;flex xs1 md1&apos;]&apos; (tried for 60 second(s) with 500 milliseconds interval)
	at org.openqa.selenium.support.ui.WebDriverWait.timeoutException(WebDriverWait.java:95)
	at org.openqa.selenium.support.ui.FluentWait.until(FluentWait.java:272)
	at pages.PageDashBoard.clickOnNavBar(PageDashBoard.java:60)
	at pages.TestPageConsignmentInbound.clickOnConsignment(TestPageConsignmentInbound.java:26)
	at java.base/java.util.ArrayList.forEach(ArrayList.java:1540)
Caused by: org.openqa.selenium.NoSuchElementException: Timed out after 60 seconds. Unable to locate the element
	at org.openqa.selenium.support.pagefactory.AjaxElementLocator.findElement(AjaxElementLocator.java:99)
	at org.openqa.selenium.support.pagefactory.internal.LocatingElementHandler.invoke(LocatingElementHandler.java:38)
	at com.sun.proxy.$Proxy20.isDisplayed(Unknown Source)
	at org.openqa.selenium.support.ui.ExpectedConditions.elementIfVisible(ExpectedConditions.java:314)
	at org.openqa.selenium.support.ui.ExpectedConditions.access$000(ExpectedConditions.java:43)
	at org.openqa.selenium.support.ui.ExpectedConditions$10.apply(ExpectedConditions.java:300)
	at org.openqa.selenium.support.ui.ExpectedConditions$10.apply(ExpectedConditions.java:297)
	at org.openqa.selenium.support.ui.ExpectedConditions$23.apply(ExpectedConditions.java:670)
	at org.openqa.selenium.support.ui.ExpectedConditions$23.apply(ExpectedConditions.java:666)
	at org.openqa.selenium.support.ui.FluentWait.until(FluentWait.java:249)
	... 35 more
Caused by: org.openqa.selenium.NoSuchElementException: no such element: Unable to locate element: {&quot;method&quot;:&quot;xpath&quot;,&quot;selector&quot;:&quot;//div[@class=&apos;flex xs1 md1&apos;]&quot;}
  (Session info: headless chrome=89.0.4389.90)
For documentation on this error, please visit: https://www.seleniumhq.org/exceptions/no_such_element.html
Build info: version: &apos;3.141.59&apos;, revision: &apos;e82be7d358&apos;, time: &apos;2018-11-14T08:17:03&apos;
System info: host: &apos;WJLP-1098&apos;, ip: &apos;192.168.65.1&apos;, os.name: &apos;Windows 10&apos;, os.arch: &apos;amd64&apos;, os.version: &apos;10.0&apos;, java.version: &apos;11.0.7&apos;
Driver info: org.openqa.selenium.chrome.ChromeDriver
Capabilities {acceptInsecureCerts: false, browserName: chrome, browserVersion: 89.0.4389.90, chrome: {chromedriverVersion: 89.0.4389.23 (61b08ee2c5002..., userDataDir: C:\Users\nasreenk\AppData\L...}, goog:chromeOptions: {debuggerAddress: localhost:53878}, javascriptEnabled: true, networkConnectionEnabled: false, pageLoadStrategy: none, platform: WINDOWS, platformName: WINDOWS, proxy: Proxy(), setWindowRect: true, strictFileInteractability: false, timeouts: {implicit: 0, pageLoad: 300000, script: 30000}, unhandledPromptBehavior: dismiss and notify, webauthn:extension:largeBlob: true, webauthn:virtualAuthenticators: true}
Session ID: 2c385f64303c21b7fc3507e4f9935a94
*** Element info: {Using=xpath, value=//div[@class=&apos;flex xs1 md1&apos;]}
	at org.openqa.selenium.remote.http.W3CHttpResponseCodec.createException(W3CHttpResponseCodec.java:187)
	at org.openqa.selenium.remote.http.W3CHttpResponseCodec.decode(W3CHttpResponseCodec.java:122)
	at org.openqa.selenium.remote.http.W3CHttpResponseCodec.decode(W3CHttpResponseCodec.java:49)
	at org.openqa.selenium.remote.HttpCommandExecutor.execute(HttpCommandExecutor.java:158)
	at org.openqa.selenium.remote.service.DriverCommandExecutor.execute(DriverCommandExecutor.java:83)
	at org.openqa.selenium.remote.RemoteWebDriver.execute(RemoteWebDriver.java:552)
	at org.openqa.selenium.remote.RemoteWebDriver.findElement(RemoteWebDriver.java:323)
	at org.openqa.selenium.remote.RemoteWebDriver.findElementByXPath(RemoteWebDriver.java:428)
	at org.openqa.selenium.By$ByXPath.findElement(By.java:353)
	at org.openqa.selenium.remote.RemoteWebDriver.findElement(RemoteWebDriver.java:315)
	at org.openqa.selenium.support.events.EventFiringWebDriver.lambda$new$1(EventFiringWebDriver.java:105)
	at com.sun.proxy.$Proxy13.findElement(Unknown Source)
	at org.openqa.selenium.support.events.EventFiringWebDriver.findElement(EventFiringWebDriver.java:194)
	at org.openqa.selenium.support.pagefactory.DefaultElementLocator.findElement(DefaultElementLocator.java:69)
	at org.openqa.selenium.support.pagefactory.AjaxElementLocator.access$001(AjaxElementLocator.java:39)
	at org.openqa.selenium.support.pagefactory.AjaxElementLocator$SlowLoadingElement.isLoaded(AjaxElementLocator.java:165)
	at org.openqa.selenium.support.ui.SlowLoadableComponent.get(SlowLoadableComponent.java:72)
	at org.openqa.selenium.support.pagefactory.AjaxElementLocator.findElement(AjaxElementLocator.java:95)
	... 44 more
... Removed 38 stack frames
</div> <!-- stack-trace -->
                </div> <!-- method-content -->
              </div> <!-- method -->
              <div class="method">
                <div class="method-content">
                  <a name="consignmentInboundEmailAndSave({ConsignmentID=UAT08000106, InvalidShipperReference=bnmgfdfg, ICCIDNumber=1.11189E+18, BilledTo=GAMM...)">
                  </a> <!-- consignmentInboundEmailAndSave({ConsignmentID=UAT08000106, InvalidShipperReference=bnmgfdfg, ICCIDNumber=1.11189E+18, BilledTo=GAMM...) -->
                  <span class="method-name">consignmentInboundEmailAndSave</span>
                  <span class="parameters">({ConsignmentID=UAT08000106, InvalidShipperReference=bnmgfdfg, ICCIDNumber=1.11189E+18, BilledTo=GAMM02, ValidShipperReference=1Da5g, PrimaryNumber=9848655555, NewReceiverName=Automation, NewSenderName=Not exist, NumberOfParcel=1, SenderName=Sportmans , NewBusinessName=RAM Business Office, CreateNewSender=AutomationVida, NewBusinessGroupName=RAM Hand to Hand Couriers, ValueForCarrige=123, IMEINumber=9.87546E+14, NewEmailAddress=Nasreen.Khan@winjit.com, Individual Your Name=NTL100, DeliveryAddress=27 Wrench Road, Isando, Kempton Park, South Africa, Individual First Name=Nasreen11, InvalidSenderName=re, Individual Last Name=TestLast12, Description=Automation testing, UpdateEmailAddress=Nasreen.Khan@ram.co.za})</span>
                  <div class="stack-trace">org.openqa.selenium.TimeoutException: Expected condition failed: waiting for visibility of Proxy element for: AjaxElementLocator &apos;By.xpath: //input[@id=&apos;ConsignmentID&apos;]&apos; (tried for 60 second(s) with 500 milliseconds interval)
	at org.openqa.selenium.support.ui.WebDriverWait.timeoutException(WebDriverWait.java:95)
	at org.openqa.selenium.support.ui.FluentWait.until(FluentWait.java:272)
	at pages.PageConsinment.enterTxtConsignmentID(PageConsinment.java:1198)
	at pages.TestPageConsignmentInbound.consignmentInboundEmailAndSave(TestPageConsignmentInbound.java:55)
	at java.base/java.util.ArrayList.forEach(ArrayList.java:1540)
Caused by: org.openqa.selenium.NoSuchElementException: Timed out after 60 seconds. Unable to locate the element
	at org.openqa.selenium.support.pagefactory.AjaxElementLocator.findElement(AjaxElementLocator.java:99)
	at org.openqa.selenium.support.pagefactory.internal.LocatingElementHandler.invoke(LocatingElementHandler.java:38)
	at com.sun.proxy.$Proxy20.isDisplayed(Unknown Source)
	at org.openqa.selenium.support.ui.ExpectedConditions.elementIfVisible(ExpectedConditions.java:314)
	at org.openqa.selenium.support.ui.ExpectedConditions.access$000(ExpectedConditions.java:43)
	at org.openqa.selenium.support.ui.ExpectedConditions$10.apply(ExpectedConditions.java:300)
	at org.openqa.selenium.support.ui.ExpectedConditions$10.apply(ExpectedConditions.java:297)
	at org.openqa.selenium.support.ui.FluentWait.until(FluentWait.java:249)
	... 35 more
Caused by: org.openqa.selenium.NoSuchElementException: no such element: Unable to locate element: {&quot;method&quot;:&quot;xpath&quot;,&quot;selector&quot;:&quot;//input[@id=&apos;ConsignmentID&apos;]&quot;}
  (Session info: headless chrome=89.0.4389.90)
For documentation on this error, please visit: https://www.seleniumhq.org/exceptions/no_such_element.html
Build info: version: &apos;3.141.59&apos;, revision: &apos;e82be7d358&apos;, time: &apos;2018-11-14T08:17:03&apos;
System info: host: &apos;WJLP-1098&apos;, ip: &apos;192.168.65.1&apos;, os.name: &apos;Windows 10&apos;, os.arch: &apos;amd64&apos;, os.version: &apos;10.0&apos;, java.version: &apos;11.0.7&apos;
Driver info: org.openqa.selenium.chrome.ChromeDriver
Capabilities {acceptInsecureCerts: false, browserName: chrome, browserVersion: 89.0.4389.90, chrome: {chromedriverVersion: 89.0.4389.23 (61b08ee2c5002..., userDataDir: C:\Users\nasreenk\AppData\L...}, goog:chromeOptions: {debuggerAddress: localhost:53878}, javascriptEnabled: true, networkConnectionEnabled: false, pageLoadStrategy: none, platform: WINDOWS, platformName: WINDOWS, proxy: Proxy(), setWindowRect: true, strictFileInteractability: false, timeouts: {implicit: 0, pageLoad: 300000, script: 30000}, unhandledPromptBehavior: dismiss and notify, webauthn:extension:largeBlob: true, webauthn:virtualAuthenticators: true}
Session ID: 2c385f64303c21b7fc3507e4f9935a94
*** Element info: {Using=xpath, value=//input[@id=&apos;ConsignmentID&apos;]}
	at org.openqa.selenium.remote.http.W3CHttpResponseCodec.createException(W3CHttpResponseCodec.java:187)
	at org.openqa.selenium.remote.http.W3CHttpResponseCodec.decode(W3CHttpResponseCodec.java:122)
	at org.openqa.selenium.remote.http.W3CHttpResponseCodec.decode(W3CHttpResponseCodec.java:49)
	at org.openqa.selenium.remote.HttpCommandExecutor.execute(HttpCommandExecutor.java:158)
	at org.openqa.selenium.remote.service.DriverCommandExecutor.execute(DriverCommandExecutor.java:83)
	at org.openqa.selenium.remote.RemoteWebDriver.execute(RemoteWebDriver.java:552)
	at org.openqa.selenium.remote.RemoteWebDriver.findElement(RemoteWebDriver.java:323)
	at org.openqa.selenium.remote.RemoteWebDriver.findElementByXPath(RemoteWebDriver.java:428)
	at org.openqa.selenium.By$ByXPath.findElement(By.java:353)
	at org.openqa.selenium.remote.RemoteWebDriver.findElement(RemoteWebDriver.java:315)
	at org.openqa.selenium.support.events.EventFiringWebDriver.lambda$new$1(EventFiringWebDriver.java:105)
	at com.sun.proxy.$Proxy13.findElement(Unknown Source)
	at org.openqa.selenium.support.events.EventFiringWebDriver.findElement(EventFiringWebDriver.java:194)
	at org.openqa.selenium.support.pagefactory.DefaultElementLocator.findElement(DefaultElementLocator.java:69)
	at org.openqa.selenium.support.pagefactory.AjaxElementLocator.access$001(AjaxElementLocator.java:39)
	at org.openqa.selenium.support.pagefactory.AjaxElementLocator$SlowLoadingElement.isLoaded(AjaxElementLocator.java:165)
	at org.openqa.selenium.support.ui.SlowLoadableComponent.get(SlowLoadableComponent.java:72)
	at org.openqa.selenium.support.pagefactory.AjaxElementLocator.findElement(AjaxElementLocator.java:95)
	... 42 more
... Removed 38 stack frames
</div> <!-- stack-trace -->
                </div> <!-- method-content -->
              </div> <!-- method -->
              <div class="method">
                <div class="method-content">
                  <a name="consignmentInboundSave({ConsignmentID=UAT07000105, InvalidShipperReference=Ddsd23, NewSenderContactFirstName=Nasreen, Bille...)">
                  </a> <!-- consignmentInboundSave({ConsignmentID=UAT07000105, InvalidShipperReference=Ddsd23, NewSenderContactFirstName=Nasreen, Bille...) -->
                  <span class="method-name">consignmentInboundSave</span>
                  <span class="parameters">({ConsignmentID=UAT07000105, InvalidShipperReference=Ddsd23, NewSenderContactFirstName=Nasreen, BilledTo=GAMM02, RcvNewContactFirstName=FNAutomation11, ValidShipperReference=1Da5g, PrimaryNumber=9848655555, NewSenderName=Not exist, NumberOfParcel=2, RcvNewContactEmailAddress=Nasreen.Khan@gmail.com, RetailChainName=Retail, RcvNewContactLastName=LNAutomation12, SpecialInstruction=Automation test, ValueForCarrige=107, NewEmailAddress=Nasreen.Khan@winjit.com, RcvNewContactPrimaryTelNumber=9876543210, RetailStoreName=RetailChainDest, NewSenderContactLastName=Khan})</span>
                  <div class="stack-trace">org.openqa.selenium.TimeoutException: Expected condition failed: waiting for visibility of Proxy element for: AjaxElementLocator &apos;By.xpath: //input[@id=&apos;ConsignmentID&apos;]&apos; (tried for 60 second(s) with 500 milliseconds interval)
	at org.openqa.selenium.support.ui.WebDriverWait.timeoutException(WebDriverWait.java:95)
	at org.openqa.selenium.support.ui.FluentWait.until(FluentWait.java:272)
	at pages.PageConsinment.enterTxtConsignmentID(PageConsinment.java:1198)
	at pages.TestPageConsignmentInbound.consignmentInboundSave(TestPageConsignmentInbound.java:232)
	at java.base/java.util.ArrayList.forEach(ArrayList.java:1540)
Caused by: org.openqa.selenium.NoSuchElementException: Timed out after 60 seconds. Unable to locate the element
	at org.openqa.selenium.support.pagefactory.AjaxElementLocator.findElement(AjaxElementLocator.java:99)
	at org.openqa.selenium.support.pagefactory.internal.LocatingElementHandler.invoke(LocatingElementHandler.java:38)
	at com.sun.proxy.$Proxy20.isDisplayed(Unknown Source)
	at org.openqa.selenium.support.ui.ExpectedConditions.elementIfVisible(ExpectedConditions.java:314)
	at org.openqa.selenium.support.ui.ExpectedConditions.access$000(ExpectedConditions.java:43)
	at org.openqa.selenium.support.ui.ExpectedConditions$10.apply(ExpectedConditions.java:300)
	at org.openqa.selenium.support.ui.ExpectedConditions$10.apply(ExpectedConditions.java:297)
	at org.openqa.selenium.support.ui.FluentWait.until(FluentWait.java:249)
	... 35 more
Caused by: org.openqa.selenium.NoSuchElementException: no such element: Unable to locate element: {&quot;method&quot;:&quot;xpath&quot;,&quot;selector&quot;:&quot;//input[@id=&apos;ConsignmentID&apos;]&quot;}
  (Session info: headless chrome=89.0.4389.90)
For documentation on this error, please visit: https://www.seleniumhq.org/exceptions/no_such_element.html
Build info: version: &apos;3.141.59&apos;, revision: &apos;e82be7d358&apos;, time: &apos;2018-11-14T08:17:03&apos;
System info: host: &apos;WJLP-1098&apos;, ip: &apos;192.168.65.1&apos;, os.name: &apos;Windows 10&apos;, os.arch: &apos;amd64&apos;, os.version: &apos;10.0&apos;, java.version: &apos;11.0.7&apos;
Driver info: org.openqa.selenium.chrome.ChromeDriver
Capabilities {acceptInsecureCerts: false, browserName: chrome, browserVersion: 89.0.4389.90, chrome: {chromedriverVersion: 89.0.4389.23 (61b08ee2c5002..., userDataDir: C:\Users\nasreenk\AppData\L...}, goog:chromeOptions: {debuggerAddress: localhost:53878}, javascriptEnabled: true, networkConnectionEnabled: false, pageLoadStrategy: none, platform: WINDOWS, platformName: WINDOWS, proxy: Proxy(), setWindowRect: true, strictFileInteractability: false, timeouts: {implicit: 0, pageLoad: 300000, script: 30000}, unhandledPromptBehavior: dismiss and notify, webauthn:extension:largeBlob: true, webauthn:virtualAuthenticators: true}
Session ID: 2c385f64303c21b7fc3507e4f9935a94
*** Element info: {Using=xpath, value=//input[@id=&apos;ConsignmentID&apos;]}
	at org.openqa.selenium.remote.http.W3CHttpResponseCodec.createException(W3CHttpResponseCodec.java:187)
	at org.openqa.selenium.remote.http.W3CHttpResponseCodec.decode(W3CHttpResponseCodec.java:122)
	at org.openqa.selenium.remote.http.W3CHttpResponseCodec.decode(W3CHttpResponseCodec.java:49)
	at org.openqa.selenium.remote.HttpCommandExecutor.execute(HttpCommandExecutor.java:158)
	at org.openqa.selenium.remote.service.DriverCommandExecutor.execute(DriverCommandExecutor.java:83)
	at org.openqa.selenium.remote.RemoteWebDriver.execute(RemoteWebDriver.java:552)
	at org.openqa.selenium.remote.RemoteWebDriver.findElement(RemoteWebDriver.java:323)
	at org.openqa.selenium.remote.RemoteWebDriver.findElementByXPath(RemoteWebDriver.java:428)
	at org.openqa.selenium.By$ByXPath.findElement(By.java:353)
	at org.openqa.selenium.remote.RemoteWebDriver.findElement(RemoteWebDriver.java:315)
	at org.openqa.selenium.support.events.EventFiringWebDriver.lambda$new$1(EventFiringWebDriver.java:105)
	at com.sun.proxy.$Proxy13.findElement(Unknown Source)
	at org.openqa.selenium.support.events.EventFiringWebDriver.findElement(EventFiringWebDriver.java:194)
	at org.openqa.selenium.support.pagefactory.DefaultElementLocator.findElement(DefaultElementLocator.java:69)
	at org.openqa.selenium.support.pagefactory.AjaxElementLocator.access$001(AjaxElementLocator.java:39)
	at org.openqa.selenium.support.pagefactory.AjaxElementLocator$SlowLoadingElement.isLoaded(AjaxElementLocator.java:165)
	at org.openqa.selenium.support.ui.SlowLoadableComponent.get(SlowLoadableComponent.java:72)
	at org.openqa.selenium.support.pagefactory.AjaxElementLocator.findElement(AjaxElementLocator.java:95)
	... 42 more
... Removed 38 stack frames
</div> <!-- stack-trace -->
                </div> <!-- method-content -->
              </div> <!-- method -->
            </div> <!-- main-panel-content rounded-window-bottom -->
          </div> <!-- suite-Valid_Login_Scenario__0_-class-failed -->
          <div class="suite-Valid_Login_Scenario__0_-class-passed">
            <div class="main-panel-header rounded-window-top">
              <img src="passed.png"/>
              <span class="class-name">pages.LoginPageTest</span>
            </div> <!-- main-panel-header rounded-window-top -->
            <div class="main-panel-content rounded-window-bottom">
              <div class="method">
                <div class="method-content">
                  <a name="signIn({Status=, Message=, Password=Nasreen@123, UserName=Nasreen.khan@ram.co.za})">
                  </a> <!-- signIn({Status=, Message=, Password=Nasreen@123, UserName=Nasreen.khan@ram.co.za}) -->
                  <span class="method-name">signIn</span>
                  <span class="parameters">({Status=, Message=, Password=Nasreen@123, UserName=Nasreen.khan@ram.co.za})</span>
                </div> <!-- method-content -->
              </div> <!-- method -->
            </div> <!-- main-panel-content rounded-window-bottom -->
          </div> <!-- suite-Valid_Login_Scenario__0_-class-passed -->
        </div> <!-- panel Valid_Login_Scenario__0_ -->
        <div panel-name="suite-Valid_Login_Scenario" class="panel Valid_Login_Scenario">
          <div class="suite-Valid_Login_Scenario-class-failed">
            <div class="main-panel-header rounded-window-top">
              <img src="failed.png"/>
              <span class="class-name">pages.TestPageConsinment</span>
            </div> <!-- main-panel-header rounded-window-top -->
            <div class="main-panel-content rounded-window-bottom">
              <div class="method">
                <div class="method-content">
                  <a name="verifyValueStepperIsNotPresentOnSelectionOfDoc">
                  </a> <!-- verifyValueStepperIsNotPresentOnSelectionOfDoc -->
                  <span class="method-name">verifyValueStepperIsNotPresentOnSelectionOfDoc</span>
                  <div class="stack-trace">org.openqa.selenium.ElementClickInterceptedException: element click intercepted: Element &lt;div class=&quot;v-menu v-menu--inline&quot;&gt;...&lt;/div&gt; is not clickable at point (1063, 28). Other element would receive the click: &lt;div class=&quot;v-overlay v-overlay--active&quot; style=&quot;z-index: 201;&quot;&gt;&lt;/div&gt;
  (Session info: headless chrome=89.0.4389.90)
Build info: version: &apos;3.141.59&apos;, revision: &apos;e82be7d358&apos;, time: &apos;2018-11-14T08:17:03&apos;
System info: host: &apos;WJLP-1098&apos;, ip: &apos;192.168.65.1&apos;, os.name: &apos;Windows 10&apos;, os.arch: &apos;amd64&apos;, os.version: &apos;10.0&apos;, java.version: &apos;11.0.7&apos;
Driver info: org.openqa.selenium.chrome.ChromeDriver
Capabilities {acceptInsecureCerts: false, browserName: chrome, browserVersion: 89.0.4389.90, chrome: {chromedriverVersion: 89.0.4389.23 (61b08ee2c5002..., userDataDir: C:\Users\nasreenk\AppData\L...}, goog:chromeOptions: {debuggerAddress: localhost:53748}, javascriptEnabled: true, networkConnectionEnabled: false, pageLoadStrategy: none, platform: WINDOWS, platformName: WINDOWS, proxy: Proxy(), setWindowRect: true, strictFileInteractability: false, timeouts: {implicit: 0, pageLoad: 300000, script: 30000}, unhandledPromptBehavior: dismiss and notify, webauthn:extension:largeBlob: true, webauthn:virtualAuthenticators: true}
Session ID: 4fac41a26d96408ad66db42786186454
	at org.openqa.selenium.remote.http.W3CHttpResponseCodec.createException(W3CHttpResponseCodec.java:187)
	at org.openqa.selenium.remote.http.W3CHttpResponseCodec.decode(W3CHttpResponseCodec.java:122)
	at org.openqa.selenium.remote.http.W3CHttpResponseCodec.decode(W3CHttpResponseCodec.java:49)
	at org.openqa.selenium.remote.HttpCommandExecutor.execute(HttpCommandExecutor.java:158)
	at org.openqa.selenium.remote.service.DriverCommandExecutor.execute(DriverCommandExecutor.java:83)
	at org.openqa.selenium.remote.RemoteWebDriver.execute(RemoteWebDriver.java:552)
	at org.openqa.selenium.remote.RemoteWebElement.execute(RemoteWebElement.java:285)
	at org.openqa.selenium.remote.RemoteWebElement.click(RemoteWebElement.java:84)
	at org.openqa.selenium.support.events.EventFiringWebDriver$EventFiringWebElement.lambda$new$0(EventFiringWebDriver.java:404)
	at com.sun.proxy.$Proxy21.click(Unknown Source)
	at org.openqa.selenium.support.events.EventFiringWebDriver$EventFiringWebElement.click(EventFiringWebDriver.java:417)
	at org.openqa.selenium.support.pagefactory.internal.LocatingElementHandler.invoke(LocatingElementHandler.java:51)
	at com.sun.proxy.$Proxy20.click(Unknown Source)
	at pages.PageConsinment.clickOnSettingsIcon(PageConsinment.java:643)
	at pages.TestPageConsinment.verifyValueStepperIsNotPresentOnSelectionOfDoc(TestPageConsinment.java:64)
	at java.base/java.util.ArrayList.forEach(ArrayList.java:1540)
... Removed 44 stack frames
</div> <!-- stack-trace -->
                </div> <!-- method-content -->
              </div> <!-- method -->
            </div> <!-- main-panel-content rounded-window-bottom -->
          </div> <!-- suite-Valid_Login_Scenario-class-failed -->
          <div class="suite-Valid_Login_Scenario-class-passed">
            <div class="main-panel-header rounded-window-top">
              <img src="passed.png"/>
              <span class="class-name">pages.TestPageConsinment</span>
            </div> <!-- main-panel-header rounded-window-top -->
            <div class="main-panel-content rounded-window-bottom">
              <div class="method">
                <div class="method-content">
                  <a name="clickOnAccordian">
                  </a> <!-- clickOnAccordian -->
                  <span class="method-name">clickOnAccordian</span>
                </div> <!-- method-content -->
              </div> <!-- method -->
              <div class="method">
                <div class="method-content">
                  <a name="clickOnConsignment">
                  </a> <!-- clickOnConsignment -->
                  <span class="method-name">clickOnConsignment</span>
                </div> <!-- method-content -->
              </div> <!-- method -->
              <div class="method">
                <div class="method-content">
                  <a name="doStarted({SecurityPack=SP12345678, ValueForCarrige=456, ReceiverName=A, BilledTo=SAGO44, ValidShipperReferenc...)">
                  </a> <!-- doStarted({SecurityPack=SP12345678, ValueForCarrige=456, ReceiverName=A, BilledTo=SAGO44, ValidShipperReferenc...) -->
                  <span class="method-name">doStarted</span>
                  <span class="parameters">({SecurityPack=SP12345678, ValueForCarrige=456, ReceiverName=A, BilledTo=SAGO44, ValidShipperReference=eeeeeee, InvalidShipperReference=wwww, ReceiverName2=Automation, SenderName=GAMMATEK, NumberOfParcel=1, ConsignmentID=UAT42092203, InvalidSenderName=New, ValidSenderName=SCOIN})</span>
                </div> <!-- method-content -->
              </div> <!-- method -->
            </div> <!-- main-panel-content rounded-window-bottom -->
          </div> <!-- suite-Valid_Login_Scenario-class-passed -->
          <div class="suite-Valid_Login_Scenario-class-passed">
            <div class="main-panel-header rounded-window-top">
              <img src="passed.png"/>
              <span class="class-name">pages.LoginPageTest</span>
            </div> <!-- main-panel-header rounded-window-top -->
            <div class="main-panel-content rounded-window-bottom">
              <div class="method">
                <div class="method-content">
                  <a name="signIn({Status=, Message=, Password=Nasreen@123, UserName=Nasreen.khan@ram.co.za})">
                  </a> <!-- signIn({Status=, Message=, Password=Nasreen@123, UserName=Nasreen.khan@ram.co.za}) -->
                  <span class="method-name">signIn</span>
                  <span class="parameters">({Status=, Message=, Password=Nasreen@123, UserName=Nasreen.khan@ram.co.za})</span>
                </div> <!-- method-content -->
              </div> <!-- method -->
            </div> <!-- main-panel-content rounded-window-bottom -->
          </div> <!-- suite-Valid_Login_Scenario-class-passed -->
        </div> <!-- panel Valid_Login_Scenario -->
        <div panel-name="suite-CCS_Functional_and_Regression_Testing" class="panel CCS_Functional_and_Regression_Testing">
        </div> <!-- panel CCS_Functional_and_Regression_Testing -->
        <div panel-name="test-xml-Valid_Login_Scenario__0_" class="panel">
          <div class="main-panel-header rounded-window-top">
            <span class="header-content">E:\InelliJ\SeleniumTestJavaArtifact2july\SeleniumTestJavaArtifact\src\test\resources\suites\ConsignmentInbound.xml</span>
          </div> <!-- main-panel-header rounded-window-top -->
          <div class="main-panel-content rounded-window-bottom">
            <pre>
&lt;?xml version=&quot;1.0&quot; encoding=&quot;UTF-8&quot;?&gt;
&lt;!DOCTYPE suite SYSTEM &quot;https://testng.org/testng-1.0.dtd&quot;&gt;
&lt;suite name=&quot;Valid Login Scenario (0)&quot; guice-stage=&quot;DEVELOPMENT&quot; verbose=&quot;0&quot;&gt;
  &lt;listeners&gt;
    &lt;listener class-name=&quot;utilities.listener.TestListener&quot;/&gt;
  &lt;/listeners&gt;
  &lt;test thread-count=&quot;5&quot; name=&quot;Check login and logout successfully&quot; verbose=&quot;0&quot;&gt;
    &lt;classes&gt;
      &lt;class name=&quot;pages.LoginPageTest&quot;/&gt;
    &lt;/classes&gt;
  &lt;/test&gt; &lt;!-- Check login and logout successfully --&gt;
  &lt;test thread-count=&quot;5&quot; name=&quot;Test Consignment Inbound&quot; verbose=&quot;0&quot;&gt;
    &lt;classes&gt;
      &lt;class name=&quot;pages.TestPageConsignmentInbound&quot;&gt;
        &lt;methods&gt;
          &lt;include name=&quot;clickOnConsignment&quot;/&gt;
          &lt;include name=&quot;clickOnAccordian&quot;/&gt;
          &lt;include name=&quot;consignmentInboundEmailAndSave&quot;/&gt;
          &lt;include name=&quot;consignmentInboundSave&quot;/&gt;
        &lt;/methods&gt;
      &lt;/class&gt; &lt;!-- pages.TestPageConsignmentInbound --&gt;
    &lt;/classes&gt;
  &lt;/test&gt; &lt;!-- Test Consignment Inbound --&gt;
&lt;/suite&gt; &lt;!-- Valid Login Scenario (0) --&gt;
            </pre>
          </div> <!-- main-panel-content rounded-window-bottom -->
        </div> <!-- panel -->
        <div panel-name="test-xml-Valid_Login_Scenario" class="panel">
          <div class="main-panel-header rounded-window-top">
            <span class="header-content">E:\InelliJ\SeleniumTestJavaArtifact2july\SeleniumTestJavaArtifact\src\test\resources\suites\ConsignmentOutbound.xml</span>
          </div> <!-- main-panel-header rounded-window-top -->
          <div class="main-panel-content rounded-window-bottom">
            <pre>
&lt;?xml version=&quot;1.0&quot; encoding=&quot;UTF-8&quot;?&gt;
&lt;!DOCTYPE suite SYSTEM &quot;https://testng.org/testng-1.0.dtd&quot;&gt;
&lt;suite name=&quot;Valid Login Scenario&quot; guice-stage=&quot;DEVELOPMENT&quot; verbose=&quot;0&quot;&gt;
  &lt;listeners&gt;
    &lt;listener class-name=&quot;utilities.listener.TestListener&quot;/&gt;
  &lt;/listeners&gt;
  &lt;test thread-count=&quot;5&quot; name=&quot;Check login and logout successfully&quot; verbose=&quot;0&quot;&gt;
    &lt;classes&gt;
      &lt;class name=&quot;pages.LoginPageTest&quot;/&gt;
    &lt;/classes&gt;
  &lt;/test&gt; &lt;!-- Check login and logout successfully --&gt;
  &lt;test thread-count=&quot;5&quot; name=&quot;Test Consignment&quot; verbose=&quot;0&quot;&gt;
    &lt;classes&gt;
      &lt;class name=&quot;pages.TestPageConsinment&quot;&gt;
        &lt;methods&gt;
          &lt;include name=&quot;clickOnConsignment&quot;/&gt;
          &lt;include name=&quot;clickOnAccordian&quot;/&gt;
          &lt;include name=&quot;verifyValueStepperIsNotPresentOnSelectionOfDoc&quot;/&gt;
          &lt;include name=&quot;doStarted&quot;/&gt;
        &lt;/methods&gt;
      &lt;/class&gt; &lt;!-- pages.TestPageConsinment --&gt;
    &lt;/classes&gt;
  &lt;/test&gt; &lt;!-- Test Consignment --&gt;
&lt;/suite&gt; &lt;!-- Valid Login Scenario --&gt;
            </pre>
          </div> <!-- main-panel-content rounded-window-bottom -->
        </div> <!-- panel -->
        <div panel-name="test-xml-CCS_Functional_and_Regression_Testing" class="panel">
          <div class="main-panel-header rounded-window-top">
            <span class="header-content">E:\InelliJ\SeleniumTestJavaArtifact2july\SeleniumTestJavaArtifact\src\test\resources\suites\MainSuite.xml</span>
          </div> <!-- main-panel-header rounded-window-top -->
          <div class="main-panel-content rounded-window-bottom">
            <pre>
&lt;?xml version=&quot;1.0&quot; encoding=&quot;UTF-8&quot;?&gt;
&lt;!DOCTYPE suite SYSTEM &quot;https://testng.org/testng-1.0.dtd&quot;&gt;
&lt;suite name=&quot;CCS Functional and Regression Testing&quot; guice-stage=&quot;DEVELOPMENT&quot; verbose=&quot;0&quot;&gt;
  &lt;suite-files&gt;
    &lt;suite-file path=&quot;ConsignmentOutbound.xml&quot;/&gt;
    &lt;suite-file path=&quot;ConsignmentInbound.xml&quot;/&gt;
  &lt;/suite-files&gt;
&lt;/suite&gt; &lt;!-- CCS Functional and Regression Testing --&gt;
            </pre>
          </div> <!-- main-panel-content rounded-window-bottom -->
        </div> <!-- panel -->
        <div panel-name="testlist-Valid_Login_Scenario__0_" class="panel">
          <div class="main-panel-header rounded-window-top">
            <span class="header-content">Tests for Valid Login Scenario (0)</span>
          </div> <!-- main-panel-header rounded-window-top -->
          <div class="main-panel-content rounded-window-bottom">
            <ul>
              <li>
                <span class="test-name">Check login and logout successfully (1 class)</span>
              </li>
              <li>
                <span class="test-name">Test Consignment Inbound (1 class)</span>
              </li>
            </ul>
          </div> <!-- main-panel-content rounded-window-bottom -->
        </div> <!-- panel -->
        <div panel-name="testlist-Valid_Login_Scenario" class="panel">
          <div class="main-panel-header rounded-window-top">
            <span class="header-content">Tests for Valid Login Scenario</span>
          </div> <!-- main-panel-header rounded-window-top -->
          <div class="main-panel-content rounded-window-bottom">
            <ul>
              <li>
                <span class="test-name">Check login and logout successfully (1 class)</span>
              </li>
              <li>
                <span class="test-name">Test Consignment (1 class)</span>
              </li>
            </ul>
          </div> <!-- main-panel-content rounded-window-bottom -->
        </div> <!-- panel -->
        <div panel-name="testlist-CCS_Functional_and_Regression_Testing" class="panel">
          <div class="main-panel-header rounded-window-top">
            <span class="header-content">Tests for CCS Functional and Regression Testing</span>
          </div> <!-- main-panel-header rounded-window-top -->
          <div class="main-panel-content rounded-window-bottom">
            <ul>
            </ul>
          </div> <!-- main-panel-content rounded-window-bottom -->
        </div> <!-- panel -->
        <div panel-name="group-Valid_Login_Scenario__0_" class="panel">
          <div class="main-panel-header rounded-window-top">
            <span class="header-content">Groups for Valid Login Scenario (0)</span>
          </div> <!-- main-panel-header rounded-window-top -->
          <div class="main-panel-content rounded-window-bottom">
          </div> <!-- main-panel-content rounded-window-bottom -->
        </div> <!-- panel -->
        <div panel-name="group-Valid_Login_Scenario" class="panel">
          <div class="main-panel-header rounded-window-top">
            <span class="header-content">Groups for Valid Login Scenario</span>
          </div> <!-- main-panel-header rounded-window-top -->
          <div class="main-panel-content rounded-window-bottom">
          </div> <!-- main-panel-content rounded-window-bottom -->
        </div> <!-- panel -->
        <div panel-name="group-CCS_Functional_and_Regression_Testing" class="panel">
          <div class="main-panel-header rounded-window-top">
            <span class="header-content">Groups for CCS Functional and Regression Testing</span>
          </div> <!-- main-panel-header rounded-window-top -->
          <div class="main-panel-content rounded-window-bottom">
          </div> <!-- main-panel-content rounded-window-bottom -->
        </div> <!-- panel -->
        <div panel-name="times-Valid_Login_Scenario__0_" class="panel">
          <div class="main-panel-header rounded-window-top">
            <span class="header-content">Times for Valid Login Scenario (0)</span>
          </div> <!-- main-panel-header rounded-window-top -->
          <div class="main-panel-content rounded-window-bottom">
            <div class="times-div">
              <script type="text/javascript">
suiteTableInitFunctions.push('tableData_Valid_Login_Scenario__0_');
function tableData_Valid_Login_Scenario__0_() {
var data = new google.visualization.DataTable();
data.addColumn('number', 'Number');
data.addColumn('string', 'Method');
data.addColumn('string', 'Class');
data.addColumn('number', 'Time (ms)');
data.addRows(5);
data.setCell(0, 0, 0)
data.setCell(0, 1, 'clickOnConsignment')
data.setCell(0, 2, 'pages.TestPageConsignmentInbound')
data.setCell(0, 3, 150260);
data.setCell(1, 0, 1)
data.setCell(1, 1, 'clickOnAccordian')
data.setCell(1, 2, 'pages.TestPageConsignmentInbound')
data.setCell(1, 3, 141302);
data.setCell(2, 0, 2)
data.setCell(2, 1, 'consignmentInboundSave')
data.setCell(2, 2, 'pages.TestPageConsignmentInbound')
data.setCell(2, 3, 120608);
data.setCell(3, 0, 3)
data.setCell(3, 1, 'consignmentInboundEmailAndSave')
data.setCell(3, 2, 'pages.TestPageConsignmentInbound')
data.setCell(3, 3, 120452);
data.setCell(4, 0, 4)
data.setCell(4, 1, 'signIn')
data.setCell(4, 2, 'pages.LoginPageTest')
data.setCell(4, 3, 5606);
window.suiteTableData['Valid_Login_Scenario__0_']= { tableData: data, tableDiv: 'times-div-Valid_Login_Scenario__0_'}
return data;
}
              </script>
              <span class="suite-total-time">Total running time: 8 minutes</span>
              <div id="times-div-Valid_Login_Scenario__0_">
              </div> <!-- times-div-Valid_Login_Scenario__0_ -->
            </div> <!-- times-div -->
          </div> <!-- main-panel-content rounded-window-bottom -->
        </div> <!-- panel -->
        <div panel-name="times-Valid_Login_Scenario" class="panel">
          <div class="main-panel-header rounded-window-top">
            <span class="header-content">Times for Valid Login Scenario</span>
          </div> <!-- main-panel-header rounded-window-top -->
          <div class="main-panel-content rounded-window-bottom">
            <div class="times-div">
              <script type="text/javascript">
suiteTableInitFunctions.push('tableData_Valid_Login_Scenario');
function tableData_Valid_Login_Scenario() {
var data = new google.visualization.DataTable();
data.addColumn('number', 'Number');
data.addColumn('string', 'Method');
data.addColumn('string', 'Class');
data.addColumn('number', 'Time (ms)');
data.addRows(5);
data.setCell(0, 0, 0)
data.setCell(0, 1, 'doStarted')
data.setCell(0, 2, 'pages.TestPageConsinment')
data.setCell(0, 3, 92107);
data.setCell(1, 0, 1)
data.setCell(1, 1, 'clickOnConsignment')
data.setCell(1, 2, 'pages.TestPageConsinment')
data.setCell(1, 3, 31285);
data.setCell(2, 0, 2)
data.setCell(2, 1, 'signIn')
data.setCell(2, 2, 'pages.LoginPageTest')
data.setCell(2, 3, 24716);
data.setCell(3, 0, 3)
data.setCell(3, 1, 'verifyValueStepperIsNotPresentOnSelectionOfDoc')
data.setCell(3, 2, 'pages.TestPageConsinment')
data.setCell(3, 3, 15875);
data.setCell(4, 0, 4)
data.setCell(4, 1, 'clickOnAccordian')
data.setCell(4, 2, 'pages.TestPageConsinment')
data.setCell(4, 3, 5928);
window.suiteTableData['Valid_Login_Scenario']= { tableData: data, tableDiv: 'times-div-Valid_Login_Scenario'}
return data;
}
              </script>
              <span class="suite-total-time">Total running time: 2 minutes</span>
              <div id="times-div-Valid_Login_Scenario">
              </div> <!-- times-div-Valid_Login_Scenario -->
            </div> <!-- times-div -->
          </div> <!-- main-panel-content rounded-window-bottom -->
        </div> <!-- panel -->
        <div panel-name="times-CCS_Functional_and_Regression_Testing" class="panel">
          <div class="main-panel-header rounded-window-top">
            <span class="header-content">Times for CCS Functional and Regression Testing</span>
          </div> <!-- main-panel-header rounded-window-top -->
          <div class="main-panel-content rounded-window-bottom">
            <div class="times-div">
              <script type="text/javascript">
suiteTableInitFunctions.push('tableData_CCS_Functional_and_Regression_Testing');
function tableData_CCS_Functional_and_Regression_Testing() {
var data = new google.visualization.DataTable();
data.addColumn('number', 'Number');
data.addColumn('string', 'Method');
data.addColumn('string', 'Class');
data.addColumn('number', 'Time (ms)');
data.addRows(0);
window.suiteTableData['CCS_Functional_and_Regression_Testing']= { tableData: data, tableDiv: 'times-div-CCS_Functional_and_Regression_Testing'}
return data;
}
              </script>
              <span class="suite-total-time">Total running time: 0 ms</span>
              <div id="times-div-CCS_Functional_and_Regression_Testing">
              </div> <!-- times-div-CCS_Functional_and_Regression_Testing -->
            </div> <!-- times-div -->
          </div> <!-- main-panel-content rounded-window-bottom -->
        </div> <!-- panel -->
        <div panel-name="reporter-Valid_Login_Scenario__0_" class="panel">
          <div class="main-panel-header rounded-window-top">
            <span class="header-content">Reporter output for Valid Login Scenario (0)</span>
          </div> <!-- main-panel-header rounded-window-top -->
          <div class="main-panel-content rounded-window-bottom">
          </div> <!-- main-panel-content rounded-window-bottom -->
        </div> <!-- panel -->
        <div panel-name="reporter-Valid_Login_Scenario" class="panel">
          <div class="main-panel-header rounded-window-top">
            <span class="header-content">Reporter output for Valid Login Scenario</span>
          </div> <!-- main-panel-header rounded-window-top -->
          <div class="main-panel-content rounded-window-bottom">
          </div> <!-- main-panel-content rounded-window-bottom -->
        </div> <!-- panel -->
        <div panel-name="reporter-CCS_Functional_and_Regression_Testing" class="panel">
          <div class="main-panel-header rounded-window-top">
            <span class="header-content">Reporter output for CCS Functional and Regression Testing</span>
          </div> <!-- main-panel-header rounded-window-top -->
          <div class="main-panel-content rounded-window-bottom">
          </div> <!-- main-panel-content rounded-window-bottom -->
        </div> <!-- panel -->
        <div panel-name="ignored-methods-Valid_Login_Scenario__0_" class="panel">
          <div class="main-panel-header rounded-window-top">
            <span class="header-content">0 ignored methods</span>
          </div> <!-- main-panel-header rounded-window-top -->
          <div class="main-panel-content rounded-window-bottom">
          </div> <!-- main-panel-content rounded-window-bottom -->
        </div> <!-- panel -->
        <div panel-name="ignored-methods-Valid_Login_Scenario" class="panel">
          <div class="main-panel-header rounded-window-top">
            <span class="header-content">1 ignored method</span>
          </div> <!-- main-panel-header rounded-window-top -->
          <div class="main-panel-content rounded-window-bottom">
            <div class="ignored-class-div">
              <span class="ignored-class-name">pages.TestPageConsinment</span>
              <div class="ignored-methods-div">
                <span class="ignored-method-name">doStartPrinterSetup</span>
                <br/>
              </div> <!-- ignored-methods-div -->
            </div> <!-- ignored-class-div -->
          </div> <!-- main-panel-content rounded-window-bottom -->
        </div> <!-- panel -->
        <div panel-name="ignored-methods-CCS_Functional_and_Regression_Testing" class="panel">
          <div class="main-panel-header rounded-window-top">
            <span class="header-content">0 ignored methods</span>
          </div> <!-- main-panel-header rounded-window-top -->
          <div class="main-panel-content rounded-window-bottom">
          </div> <!-- main-panel-content rounded-window-bottom -->
        </div> <!-- panel -->
        <div panel-name="chronological-Valid_Login_Scenario__0_" class="panel">
          <div class="main-panel-header rounded-window-top">
            <span class="header-content">Methods in chronological order</span>
          </div> <!-- main-panel-header rounded-window-top -->
          <div class="main-panel-content rounded-window-bottom">
            <div class="chronological-class">
              <div class="chronological-class-name">pages.TestPageConsignmentInbound</div> <!-- chronological-class-name -->
              <div class="configuration-suite before">
                <span class="method-name">setUp</span>
                <span class="method-start">0 ms</span>
              </div> <!-- configuration-suite before -->
            </div> <!-- chronological-class -->
            <div class="chronological-class">
              <div class="chronological-class-name">pages.LoginPageTest</div> <!-- chronological-class-name -->
              <div class="configuration-class before">
                <span class="method-name">waitForLoad</span>
                <span class="method-start">30860 ms</span>
              </div> <!-- configuration-class before -->
              <div class="test-method">
                <span class="method-name">signIn({Status=, Message=, Password=Nasreen@123, UserName=Nasreen.khan@ram.co.za})</span>
                <span class="method-start">30928 ms</span>
              </div> <!-- test-method -->
            </div> <!-- chronological-class -->
            <div class="chronological-class">
              <div class="chronological-class-name">pages.TestPageConsignmentInbound</div> <!-- chronological-class-name -->
              <div class="configuration-class before">
                <span class="method-name">waitForLoad</span>
                <span class="method-start">37333 ms</span>
              </div> <!-- configuration-class before -->
              <div class="test-method">
                <img src="failed.png">
                </img>
                <span class="method-name">clickOnConsignment</span>
                <span class="method-start">37335 ms</span>
              </div> <!-- test-method -->
              <div class="test-method">
                <img src="failed.png">
                </img>
                <span class="method-name">clickOnAccordian</span>
                <span class="method-start">187620 ms</span>
              </div> <!-- test-method -->
              <div class="test-method">
                <img src="failed.png">
                </img>
                <span class="method-name">consignmentInboundEmailAndSave({ConsignmentID=UAT08000106, InvalidShipperReference=bnmgfdfg, ICCIDNumber=1.11189E+18, BilledTo=GAMM...)</span>
                <span class="method-start">329855 ms</span>
              </div> <!-- test-method -->
              <div class="test-method">
                <img src="failed.png">
                </img>
                <span class="method-name">consignmentInboundSave({ConsignmentID=UAT07000105, InvalidShipperReference=Ddsd23, NewSenderContactFirstName=Nasreen, Bille...)</span>
                <span class="method-start">451049 ms</span>
              </div> <!-- test-method -->
              <div class="configuration-suite after">
                <span class="method-name">tearBrowser</span>
                <span class="method-start">571766 ms</span>
              </div> <!-- configuration-suite after -->
          </div> <!-- main-panel-content rounded-window-bottom -->
        </div> <!-- panel -->
        <div panel-name="chronological-Valid_Login_Scenario" class="panel">
          <div class="main-panel-header rounded-window-top">
            <span class="header-content">Methods in chronological order</span>
          </div> <!-- main-panel-header rounded-window-top -->
          <div class="main-panel-content rounded-window-bottom">
            <div class="chronological-class">
              <div class="chronological-class-name">pages.TestPageConsinment</div> <!-- chronological-class-name -->
              <div class="configuration-suite before">
                <span class="method-name">setUp</span>
                <span class="method-start">0 ms</span>
              </div> <!-- configuration-suite before -->
            </div> <!-- chronological-class -->
            <div class="chronological-class">
              <div class="chronological-class-name">pages.LoginPageTest</div> <!-- chronological-class-name -->
              <div class="configuration-class before">
                <span class="method-name">waitForLoad</span>
                <span class="method-start">29571 ms</span>
              </div> <!-- configuration-class before -->
              <div class="test-method">
                <span class="method-name">signIn({Status=, Message=, Password=Nasreen@123, UserName=Nasreen.khan@ram.co.za})</span>
                <span class="method-start">33639 ms</span>
              </div> <!-- test-method -->
            </div> <!-- chronological-class -->
            <div class="chronological-class">
              <div class="chronological-class-name">pages.TestPageConsinment</div> <!-- chronological-class-name -->
              <div class="configuration-class before">
                <span class="method-name">waitForLoad</span>
                <span class="method-start">60995 ms</span>
              </div> <!-- configuration-class before -->
              <div class="test-method">
                <span class="method-name">clickOnConsignment</span>
                <span class="method-start">61000 ms</span>
              </div> <!-- test-method -->
              <div class="test-method">
                <span class="method-name">clickOnAccordian</span>
                <span class="method-start">93404 ms</span>
              </div> <!-- test-method -->
              <div class="test-method">
                <img src="failed.png">
                </img>
                <span class="method-name">verifyValueStepperIsNotPresentOnSelectionOfDoc</span>
                <span class="method-start">100153 ms</span>
              </div> <!-- test-method -->
              <div class="test-method">
                <span class="method-name">doStarted({SecurityPack=SP12345678, ValueForCarrige=456, ReceiverName=A, BilledTo=SAGO44, ValidShipperReferenc...)</span>
                <span class="method-start">117067 ms</span>
              </div> <!-- test-method -->
              <div class="configuration-suite after">
                <span class="method-name">tearBrowser</span>
                <span class="method-start">209702 ms</span>
              </div> <!-- configuration-suite after -->
          </div> <!-- main-panel-content rounded-window-bottom -->
        </div> <!-- panel -->
        <div panel-name="chronological-CCS_Functional_and_Regression_Testing" class="panel">
          <div class="main-panel-header rounded-window-top">
            <span class="header-content">Methods in chronological order</span>
          </div> <!-- main-panel-header rounded-window-top -->
          <div class="main-panel-content rounded-window-bottom">
          </div> <!-- main-panel-content rounded-window-bottom -->
        </div> <!-- panel -->
      </div> <!-- main-panel-root -->
    </div> <!-- wrapper -->
  </body>
</html>
