{
  "uid" : "80b9659f9fc38e19",
  "name" : "doStarted",
  "fullName" : "pages.TestPageConsinment.doStarted",
  "historyId" : "775e0fabc15113bd852a999b5874b987",
  "time" : {
    "start" : 1598448229360,
    "stop" : 1598448229362,
    "duration" : 2
  },
  "status" : "skipped",
  "statusMessage" : "Expected condition failed: waiting for pages.TestBase$$Lambda$375/0x00000001003ba840@1b317e7d (tried for 60 second(s) with 500 milliseconds interval)\nBuild info: version: '3.141.59', revision: 'e82be7d358', time: '2018-11-14T08:17:03'\nSystem info: host: 'WJLP-1098', ip: '192.168.65.1', os.name: 'Windows 10', os.arch: 'amd64', os.version: '10.0', java.version: '11.0.7'\nDriver info: org.openqa.selenium.chrome.ChromeDriver\nCapabilities {acceptInsecureCerts: false, browserName: chrome, browserVersion: 84.0.4147.135, chrome: {chromedriverVersion: 84.0.4147.30 (48b3e868b4cc0..., userDataDir: C:\\Users\\nasreenk\\AppData\\L...}, goog:chromeOptions: {debuggerAddress: localhost:61674}, javascriptEnabled: true, networkConnectionEnabled: false, pageLoadStrategy: none, platform: WINDOWS, platformName: WINDOWS, proxy: Proxy(), setWindowRect: true, strictFileInteractability: false, timeouts: {implicit: 0, pageLoad: 300000, script: 30000}, unhandledPromptBehavior: dismiss and notify, webauthn:virtualAuthenticators: true}\nSession ID: 795d5ac0f097fbe248756c0b2e736de0",
  "statusTrace" : "org.openqa.selenium.TimeoutException: Expected condition failed: waiting for pages.TestBase$$Lambda$375/0x00000001003ba840@1b317e7d (tried for 60 second(s) with 500 milliseconds interval)\nBuild info: version: '3.141.59', revision: 'e82be7d358', time: '2018-11-14T08:17:03'\nSystem info: host: 'WJLP-1098', ip: '192.168.65.1', os.name: 'Windows 10', os.arch: 'amd64', os.version: '10.0', java.version: '11.0.7'\nDriver info: org.openqa.selenium.chrome.ChromeDriver\nCapabilities {acceptInsecureCerts: false, browserName: chrome, browserVersion: 84.0.4147.135, chrome: {chromedriverVersion: 84.0.4147.30 (48b3e868b4cc0..., userDataDir: C:\\Users\\nasreenk\\AppData\\L...}, goog:chromeOptions: {debuggerAddress: localhost:61674}, javascriptEnabled: true, networkConnectionEnabled: false, pageLoadStrategy: none, platform: WINDOWS, platformName: WINDOWS, proxy: Proxy(), setWindowRect: true, strictFileInteractability: false, timeouts: {implicit: 0, pageLoad: 300000, script: 30000}, unhandledPromptBehavior: dismiss and notify, webauthn:virtualAuthenticators: true}\nSession ID: 795d5ac0f097fbe248756c0b2e736de0\r\n\tat org.openqa.selenium.support.ui.WebDriverWait.timeoutException(WebDriverWait.java:95)\r\n\tat org.openqa.selenium.support.ui.FluentWait.until(FluentWait.java:272)\r\n\tat pages.TestBase.waitForPageLoad(TestBase.java:101)\r\n\tat pages.TestBase.openBrowser(TestBase.java:59)\r\n\tat pages.TestBase.setUp(TestBase.java:78)\r\n\tat java.base/jdk.internal.reflect.NativeMethodAccessorImpl.invoke0(Native Method)\r\n\tat java.base/jdk.internal.reflect.NativeMethodAccessorImpl.invoke(NativeMethodAccessorImpl.java:62)\r\n\tat java.base/jdk.internal.reflect.DelegatingMethodAccessorImpl.invoke(DelegatingMethodAccessorImpl.java:43)\r\n\tat java.base/java.lang.reflect.Method.invoke(Method.java:566)\r\n\tat org.testng.internal.MethodInvocationHelper.invokeMethod(MethodInvocationHelper.java:134)\r\n\tat org.testng.internal.MethodInvocationHelper.invokeMethodConsideringTimeout(MethodInvocationHelper.java:63)\r\n\tat org.testng.internal.ConfigInvoker.invokeConfigurationMethod(ConfigInvoker.java:348)\r\n\tat org.testng.internal.ConfigInvoker.invokeConfigurations(ConfigInvoker.java:302)\r\n\tat org.testng.SuiteRunner.privateRun(SuiteRunner.java:327)\r\n\tat org.testng.SuiteRunner.run(SuiteRunner.java:286)\r\n\tat org.testng.SuiteRunnerWorker.runSuite(SuiteRunnerWorker.java:53)\r\n\tat org.testng.SuiteRunnerWorker.run(SuiteRunnerWorker.java:96)\r\n\tat org.testng.TestNG.runSuitesSequentially(TestNG.java:1187)\r\n\tat org.testng.TestNG.runSuitesSequentially(TestNG.java:1182)\r\n\tat org.testng.TestNG.runSuitesLocally(TestNG.java:1109)\r\n\tat org.testng.TestNG.runSuites(TestNG.java:1039)\r\n\tat org.testng.TestNG.run(TestNG.java:1007)\r\n\tat org.apache.maven.surefire.testng.TestNGExecutor.run(TestNGExecutor.java:283)\r\n\tat org.apache.maven.surefire.testng.TestNGXmlTestSuite.execute(TestNGXmlTestSuite.java:75)\r\n\tat org.apache.maven.surefire.testng.TestNGProvider.invoke(TestNGProvider.java:120)\r\n\tat org.apache.maven.surefire.booter.ForkedBooter.runSuitesInProcess(ForkedBooter.java:377)\r\n\tat org.apache.maven.surefire.booter.ForkedBooter.execute(ForkedBooter.java:138)\r\n\tat org.apache.maven.surefire.booter.ForkedBooter.run(ForkedBooter.java:465)\r\n\tat org.apache.maven.surefire.booter.ForkedBooter.main(ForkedBooter.java:451)\r\n",
  "flaky" : false,
  "beforeStages" : [ {
    "name" : "waitForLoad",
    "time" : {
      "start" : 1598448228844,
      "stop" : 1598448228844,
      "duration" : 0
    },
    "description" : "",
    "status" : "broken",
    "steps" : [ ],
    "attachments" : [ ],
    "parameters" : [ ],
    "hasContent" : false,
    "stepsCount" : 0,
    "shouldDisplayMessage" : false,
    "attachmentsCount" : 0
  }, {
    "name" : "setUp",
    "time" : {
      "start" : 1598448155477,
      "stop" : 1598448224742,
      "duration" : 69265
    },
    "description" : "",
    "status" : "broken",
    "statusMessage" : "Expected condition failed: waiting for pages.TestBase$$Lambda$375/0x00000001003ba840@1b317e7d (tried for 60 second(s) with 500 milliseconds interval)\nBuild info: version: '3.141.59', revision: 'e82be7d358', time: '2018-11-14T08:17:03'\nSystem info: host: 'WJLP-1098', ip: '192.168.65.1', os.name: 'Windows 10', os.arch: 'amd64', os.version: '10.0', java.version: '11.0.7'\nDriver info: org.openqa.selenium.chrome.ChromeDriver\nCapabilities {acceptInsecureCerts: false, browserName: chrome, browserVersion: 84.0.4147.135, chrome: {chromedriverVersion: 84.0.4147.30 (48b3e868b4cc0..., userDataDir: C:\\Users\\nasreenk\\AppData\\L...}, goog:chromeOptions: {debuggerAddress: localhost:61674}, javascriptEnabled: true, networkConnectionEnabled: false, pageLoadStrategy: none, platform: WINDOWS, platformName: WINDOWS, proxy: Proxy(), setWindowRect: true, strictFileInteractability: false, timeouts: {implicit: 0, pageLoad: 300000, script: 30000}, unhandledPromptBehavior: dismiss and notify, webauthn:virtualAuthenticators: true}\nSession ID: 795d5ac0f097fbe248756c0b2e736de0",
    "statusTrace" : "org.openqa.selenium.TimeoutException: Expected condition failed: waiting for pages.TestBase$$Lambda$375/0x00000001003ba840@1b317e7d (tried for 60 second(s) with 500 milliseconds interval)\nBuild info: version: '3.141.59', revision: 'e82be7d358', time: '2018-11-14T08:17:03'\nSystem info: host: 'WJLP-1098', ip: '192.168.65.1', os.name: 'Windows 10', os.arch: 'amd64', os.version: '10.0', java.version: '11.0.7'\nDriver info: org.openqa.selenium.chrome.ChromeDriver\nCapabilities {acceptInsecureCerts: false, browserName: chrome, browserVersion: 84.0.4147.135, chrome: {chromedriverVersion: 84.0.4147.30 (48b3e868b4cc0..., userDataDir: C:\\Users\\nasreenk\\AppData\\L...}, goog:chromeOptions: {debuggerAddress: localhost:61674}, javascriptEnabled: true, networkConnectionEnabled: false, pageLoadStrategy: none, platform: WINDOWS, platformName: WINDOWS, proxy: Proxy(), setWindowRect: true, strictFileInteractability: false, timeouts: {implicit: 0, pageLoad: 300000, script: 30000}, unhandledPromptBehavior: dismiss and notify, webauthn:virtualAuthenticators: true}\nSession ID: 795d5ac0f097fbe248756c0b2e736de0\r\n\tat org.openqa.selenium.support.ui.WebDriverWait.timeoutException(WebDriverWait.java:95)\r\n\tat org.openqa.selenium.support.ui.FluentWait.until(FluentWait.java:272)\r\n\tat pages.TestBase.waitForPageLoad(TestBase.java:101)\r\n\tat pages.TestBase.openBrowser(TestBase.java:59)\r\n\tat pages.TestBase.setUp(TestBase.java:78)\r\n\tat java.base/jdk.internal.reflect.NativeMethodAccessorImpl.invoke0(Native Method)\r\n\tat java.base/jdk.internal.reflect.NativeMethodAccessorImpl.invoke(NativeMethodAccessorImpl.java:62)\r\n\tat java.base/jdk.internal.reflect.DelegatingMethodAccessorImpl.invoke(DelegatingMethodAccessorImpl.java:43)\r\n\tat java.base/java.lang.reflect.Method.invoke(Method.java:566)\r\n\tat org.testng.internal.MethodInvocationHelper.invokeMethod(MethodInvocationHelper.java:134)\r\n\tat org.testng.internal.MethodInvocationHelper.invokeMethodConsideringTimeout(MethodInvocationHelper.java:63)\r\n\tat org.testng.internal.ConfigInvoker.invokeConfigurationMethod(ConfigInvoker.java:348)\r\n\tat org.testng.internal.ConfigInvoker.invokeConfigurations(ConfigInvoker.java:302)\r\n\tat org.testng.SuiteRunner.privateRun(SuiteRunner.java:327)\r\n\tat org.testng.SuiteRunner.run(SuiteRunner.java:286)\r\n\tat org.testng.SuiteRunnerWorker.runSuite(SuiteRunnerWorker.java:53)\r\n\tat org.testng.SuiteRunnerWorker.run(SuiteRunnerWorker.java:96)\r\n\tat org.testng.TestNG.runSuitesSequentially(TestNG.java:1187)\r\n\tat org.testng.TestNG.runSuitesSequentially(TestNG.java:1182)\r\n\tat org.testng.TestNG.runSuitesLocally(TestNG.java:1109)\r\n\tat org.testng.TestNG.runSuites(TestNG.java:1039)\r\n\tat org.testng.TestNG.run(TestNG.java:1007)\r\n\tat org.apache.maven.surefire.testng.TestNGExecutor.run(TestNGExecutor.java:283)\r\n\tat org.apache.maven.surefire.testng.TestNGXmlTestSuite.execute(TestNGXmlTestSuite.java:75)\r\n\tat org.apache.maven.surefire.testng.TestNGProvider.invoke(TestNGProvider.java:120)\r\n\tat org.apache.maven.surefire.booter.ForkedBooter.runSuitesInProcess(ForkedBooter.java:377)\r\n\tat org.apache.maven.surefire.booter.ForkedBooter.execute(ForkedBooter.java:138)\r\n\tat org.apache.maven.surefire.booter.ForkedBooter.run(ForkedBooter.java:465)\r\n\tat org.apache.maven.surefire.booter.ForkedBooter.main(ForkedBooter.java:451)\r\n",
    "steps" : [ ],
    "attachments" : [ ],
    "parameters" : [ ],
    "hasContent" : true,
    "stepsCount" : 0,
    "shouldDisplayMessage" : true,
    "attachmentsCount" : 0
  } ],
  "afterStages" : [ {
    "name" : "tearBrowser",
    "time" : {
      "start" : 1598448229551,
      "stop" : 1598448229551,
      "duration" : 0
    },
    "description" : "",
    "status" : "broken",
    "steps" : [ ],
    "attachments" : [ ],
    "parameters" : [ ],
    "hasContent" : false,
    "stepsCount" : 0,
    "shouldDisplayMessage" : false,
    "attachmentsCount" : 0
  } ],
  "labels" : [ {
    "name" : "package",
    "value" : "pages.TestPageConsinment"
  }, {
    "name" : "testClass",
    "value" : "pages.TestPageConsinment"
  }, {
    "name" : "testMethod",
    "value" : "doStarted"
  }, {
    "name" : "parentSuite",
    "value" : "Valid Login Scenario"
  }, {
    "name" : "suite",
    "value" : "Check login and logout successfully"
  }, {
    "name" : "subSuite",
    "value" : "pages.TestPageConsinment"
  }, {
    "name" : "host",
    "value" : "WJLP-1098"
  }, {
    "name" : "thread",
    "value" : "17456@WJLP-1098.main(1)"
  }, {
    "name" : "framework",
    "value" : "testng"
  }, {
    "name" : "language",
    "value" : "java"
  }, {
    "name" : "resultFormat",
    "value" : "allure2"
  } ],
  "parameters" : [ ],
  "links" : [ ],
  "hidden" : false,
  "retry" : false,
  "extra" : {
    "severity" : "normal",
    "retries" : [ {
      "uid" : "bf8f02d7a4ceefc9",
      "status" : "skipped",
      "statusDetails" : "Expected condition failed: waiting for pages.TestBase$$Lambda$375/0x00000001003ba840@210d3a42 (tried for 60 second(s) with 500 milliseconds interval)\nBuild info: version: '3.141.59', revision: 'e82be7d358', time: '2018-11-14T08:17:03'\nSystem info: host: 'WJLP-1098', ip: '192.168.65.1', os.name: 'Windows 10', os.arch: 'amd64', os.version: '10.0', java.version: '11.0.7'\nDriver info: org.openqa.selenium.chrome.ChromeDriver\nCapabilities {acceptInsecureCerts: false, browserName: chrome, browserVersion: 84.0.4147.135, chrome: {chromedriverVersion: 84.0.4147.30 (48b3e868b4cc0..., userDataDir: C:\\Users\\nasreenk\\AppData\\L...}, goog:chromeOptions: {debuggerAddress: localhost:59405}, javascriptEnabled: true, networkConnectionEnabled: false, pageLoadStrategy: none, platform: WINDOWS, platformName: WINDOWS, proxy: Proxy(), setWindowRect: true, strictFileInteractability: false, timeouts: {implicit: 0, pageLoad: 300000, script: 30000}, unhandledPromptBehavior: dismiss and notify, webauthn:virtualAuthenticators: true}\nSession ID: 5ae5b6ce481405c809347b580be3c90f",
      "time" : {
        "start" : 1598249195004,
        "stop" : 1598249195007,
        "duration" : 3
      }
    }, {
      "uid" : "91196b4e2bb86506",
      "status" : "skipped",
      "statusDetails" : "Expected condition failed: waiting for pages.TestBase$$Lambda$375/0x00000001003ba840@210d3a42 (tried for 60 second(s) with 500 milliseconds interval)\nBuild info: version: '3.141.59', revision: 'e82be7d358', time: '2018-11-14T08:17:03'\nSystem info: host: 'WJLP-1098', ip: '192.168.65.1', os.name: 'Windows 10', os.arch: 'amd64', os.version: '10.0', java.version: '11.0.7'\nDriver info: org.openqa.selenium.chrome.ChromeDriver\nCapabilities {acceptInsecureCerts: false, browserName: chrome, browserVersion: 84.0.4147.135, chrome: {chromedriverVersion: 84.0.4147.30 (48b3e868b4cc0..., userDataDir: C:\\Users\\nasreenk\\AppData\\L...}, goog:chromeOptions: {debuggerAddress: localhost:59405}, javascriptEnabled: true, networkConnectionEnabled: false, pageLoadStrategy: none, platform: WINDOWS, platformName: WINDOWS, proxy: Proxy(), setWindowRect: true, strictFileInteractability: false, timeouts: {implicit: 0, pageLoad: 300000, script: 30000}, unhandledPromptBehavior: dismiss and notify, webauthn:virtualAuthenticators: true}\nSession ID: 5ae5b6ce481405c809347b580be3c90f",
      "time" : {
        "start" : 1598249194971,
        "stop" : 1598249194972,
        "duration" : 1
      }
    }, {
      "uid" : "3b5d358e911c242e",
      "status" : "skipped",
      "statusDetails" : "Expected condition failed: waiting for pages.TestBase$$Lambda$375/0x00000001003ba840@3578a45b (tried for 60 second(s) with 500 milliseconds interval)\nBuild info: version: '3.141.59', revision: 'e82be7d358', time: '2018-11-14T08:17:03'\nSystem info: host: 'WJLP-1098', ip: '192.168.65.1', os.name: 'Windows 10', os.arch: 'amd64', os.version: '10.0', java.version: '11.0.7'\nDriver info: org.openqa.selenium.chrome.ChromeDriver\nCapabilities {acceptInsecureCerts: false, browserName: chrome, browserVersion: 84.0.4147.135, chrome: {chromedriverVersion: 84.0.4147.30 (48b3e868b4cc0..., userDataDir: C:\\Users\\nasreenk\\AppData\\L...}, goog:chromeOptions: {debuggerAddress: localhost:58577}, javascriptEnabled: true, networkConnectionEnabled: false, pageLoadStrategy: none, platform: WINDOWS, platformName: WINDOWS, proxy: Proxy(), setWindowRect: true, strictFileInteractability: false, timeouts: {implicit: 0, pageLoad: 300000, script: 30000}, unhandledPromptBehavior: dismiss and notify, webauthn:virtualAuthenticators: true}\nSession ID: 361c6f462afb05db8e5dc57f567aec68",
      "time" : {
        "start" : 1598247974894,
        "stop" : 1598247974895,
        "duration" : 1
      }
    }, {
      "uid" : "dff4d8ca10448f6",
      "status" : "skipped",
      "statusDetails" : "Expected condition failed: waiting for pages.TestBase$$Lambda$375/0x00000001003ba840@3578a45b (tried for 60 second(s) with 500 milliseconds interval)\nBuild info: version: '3.141.59', revision: 'e82be7d358', time: '2018-11-14T08:17:03'\nSystem info: host: 'WJLP-1098', ip: '192.168.65.1', os.name: 'Windows 10', os.arch: 'amd64', os.version: '10.0', java.version: '11.0.7'\nDriver info: org.openqa.selenium.chrome.ChromeDriver\nCapabilities {acceptInsecureCerts: false, browserName: chrome, browserVersion: 84.0.4147.135, chrome: {chromedriverVersion: 84.0.4147.30 (48b3e868b4cc0..., userDataDir: C:\\Users\\nasreenk\\AppData\\L...}, goog:chromeOptions: {debuggerAddress: localhost:58577}, javascriptEnabled: true, networkConnectionEnabled: false, pageLoadStrategy: none, platform: WINDOWS, platformName: WINDOWS, proxy: Proxy(), setWindowRect: true, strictFileInteractability: false, timeouts: {implicit: 0, pageLoad: 300000, script: 30000}, unhandledPromptBehavior: dismiss and notify, webauthn:virtualAuthenticators: true}\nSession ID: 361c6f462afb05db8e5dc57f567aec68",
      "time" : {
        "start" : 1598247974882,
        "stop" : 1598247974883,
        "duration" : 1
      }
    }, {
      "uid" : "7682f48a6811e6dc",
      "status" : "skipped",
      "statusDetails" : "Expected condition failed: waiting for pages.TestBase$$Lambda$375/0x00000001003ba840@111fe921 (tried for 60 second(s) with 500 milliseconds interval)\nBuild info: version: '3.141.59', revision: 'e82be7d358', time: '2018-11-14T08:17:03'\nSystem info: host: 'WJLP-1098', ip: '192.168.65.1', os.name: 'Windows 10', os.arch: 'amd64', os.version: '10.0', java.version: '11.0.7'\nDriver info: org.openqa.selenium.chrome.ChromeDriver\nCapabilities {acceptInsecureCerts: false, browserName: chrome, browserVersion: 84.0.4147.135, chrome: {chromedriverVersion: 84.0.4147.30 (48b3e868b4cc0..., userDataDir: C:\\Users\\nasreenk\\AppData\\L...}, goog:chromeOptions: {debuggerAddress: localhost:56762}, javascriptEnabled: true, networkConnectionEnabled: false, pageLoadStrategy: none, platform: WINDOWS, platformName: WINDOWS, proxy: Proxy(), setWindowRect: true, strictFileInteractability: false, timeouts: {implicit: 0, pageLoad: 300000, script: 30000}, unhandledPromptBehavior: dismiss and notify, webauthn:virtualAuthenticators: true}\nSession ID: 06af75607af68b29a6ed6d1d0a73a969",
      "time" : {
        "start" : 1598245154286,
        "stop" : 1598245154286,
        "duration" : 0
      }
    }, {
      "uid" : "8ea4db967239dc0",
      "status" : "skipped",
      "statusDetails" : "Expected condition failed: waiting for pages.TestBase$$Lambda$375/0x00000001003ba840@111fe921 (tried for 60 second(s) with 500 milliseconds interval)\nBuild info: version: '3.141.59', revision: 'e82be7d358', time: '2018-11-14T08:17:03'\nSystem info: host: 'WJLP-1098', ip: '192.168.65.1', os.name: 'Windows 10', os.arch: 'amd64', os.version: '10.0', java.version: '11.0.7'\nDriver info: org.openqa.selenium.chrome.ChromeDriver\nCapabilities {acceptInsecureCerts: false, browserName: chrome, browserVersion: 84.0.4147.135, chrome: {chromedriverVersion: 84.0.4147.30 (48b3e868b4cc0..., userDataDir: C:\\Users\\nasreenk\\AppData\\L...}, goog:chromeOptions: {debuggerAddress: localhost:56762}, javascriptEnabled: true, networkConnectionEnabled: false, pageLoadStrategy: none, platform: WINDOWS, platformName: WINDOWS, proxy: Proxy(), setWindowRect: true, strictFileInteractability: false, timeouts: {implicit: 0, pageLoad: 300000, script: 30000}, unhandledPromptBehavior: dismiss and notify, webauthn:virtualAuthenticators: true}\nSession ID: 06af75607af68b29a6ed6d1d0a73a969",
      "time" : {
        "start" : 1598245154273,
        "stop" : 1598245154274,
        "duration" : 1
      }
    }, {
      "uid" : "2c46b7cdebb907f",
      "status" : "skipped",
      "statusDetails" : "Expected condition failed: waiting for pages.TestBase$$Lambda$375/0x00000001003ba840@343d1d25 (tried for 60 second(s) with 500 milliseconds interval)\nBuild info: version: '3.141.59', revision: 'e82be7d358', time: '2018-11-14T08:17:03'\nSystem info: host: 'WJLP-1098', ip: '192.168.65.1', os.name: 'Windows 10', os.arch: 'amd64', os.version: '10.0', java.version: '11.0.7'\nDriver info: org.openqa.selenium.chrome.ChromeDriver\nCapabilities {acceptInsecureCerts: false, browserName: chrome, browserVersion: 84.0.4147.135, chrome: {chromedriverVersion: 84.0.4147.30 (48b3e868b4cc0..., userDataDir: C:\\Users\\nasreenk\\AppData\\L...}, goog:chromeOptions: {debuggerAddress: localhost:56483}, javascriptEnabled: true, networkConnectionEnabled: false, pageLoadStrategy: none, platform: WINDOWS, platformName: WINDOWS, proxy: Proxy(), setWindowRect: true, strictFileInteractability: false, timeouts: {implicit: 0, pageLoad: 300000, script: 30000}, unhandledPromptBehavior: dismiss and notify, webauthn:virtualAuthenticators: true}\nSession ID: 3796f38e17b9d39af309b114fdc12a7d",
      "time" : {
        "start" : 1598244767186,
        "stop" : 1598244767187,
        "duration" : 1
      }
    }, {
      "uid" : "2d6bd1f41ac12a90",
      "status" : "skipped",
      "statusDetails" : "Expected condition failed: waiting for pages.TestBase$$Lambda$375/0x00000001003ba840@343d1d25 (tried for 60 second(s) with 500 milliseconds interval)\nBuild info: version: '3.141.59', revision: 'e82be7d358', time: '2018-11-14T08:17:03'\nSystem info: host: 'WJLP-1098', ip: '192.168.65.1', os.name: 'Windows 10', os.arch: 'amd64', os.version: '10.0', java.version: '11.0.7'\nDriver info: org.openqa.selenium.chrome.ChromeDriver\nCapabilities {acceptInsecureCerts: false, browserName: chrome, browserVersion: 84.0.4147.135, chrome: {chromedriverVersion: 84.0.4147.30 (48b3e868b4cc0..., userDataDir: C:\\Users\\nasreenk\\AppData\\L...}, goog:chromeOptions: {debuggerAddress: localhost:56483}, javascriptEnabled: true, networkConnectionEnabled: false, pageLoadStrategy: none, platform: WINDOWS, platformName: WINDOWS, proxy: Proxy(), setWindowRect: true, strictFileInteractability: false, timeouts: {implicit: 0, pageLoad: 300000, script: 30000}, unhandledPromptBehavior: dismiss and notify, webauthn:virtualAuthenticators: true}\nSession ID: 3796f38e17b9d39af309b114fdc12a7d",
      "time" : {
        "start" : 1598244767169,
        "stop" : 1598244767170,
        "duration" : 1
      }
    }, {
      "uid" : "e8fcc2fce311f6a1",
      "status" : "skipped",
      "statusDetails" : "Expected condition failed: waiting for pages.TestBase$$Lambda$375/0x00000001003ba840@6bc25ac2 (tried for 60 second(s) with 500 milliseconds interval)\nBuild info: version: '3.141.59', revision: 'e82be7d358', time: '2018-11-14T08:17:03'\nSystem info: host: 'WJLP-1098', ip: '192.168.65.1', os.name: 'Windows 10', os.arch: 'amd64', os.version: '10.0', java.version: '11.0.7'\nDriver info: org.openqa.selenium.chrome.ChromeDriver\nCapabilities {acceptInsecureCerts: false, browserName: chrome, browserVersion: 84.0.4147.135, chrome: {chromedriverVersion: 84.0.4147.30 (48b3e868b4cc0..., userDataDir: C:\\Users\\nasreenk\\AppData\\L...}, goog:chromeOptions: {debuggerAddress: localhost:56277}, javascriptEnabled: true, networkConnectionEnabled: false, pageLoadStrategy: none, platform: WINDOWS, platformName: WINDOWS, proxy: Proxy(), setWindowRect: true, strictFileInteractability: false, timeouts: {implicit: 0, pageLoad: 300000, script: 30000}, unhandledPromptBehavior: dismiss and notify, webauthn:virtualAuthenticators: true}\nSession ID: c95af6eaafbe3a1f8002e007ef0efcfa",
      "time" : {
        "start" : 1598244516724,
        "stop" : 1598244516726,
        "duration" : 2
      }
    }, {
      "uid" : "7cb3e63aac2428c1",
      "status" : "skipped",
      "statusDetails" : "Expected condition failed: waiting for pages.TestBase$$Lambda$375/0x00000001003ba840@6bc25ac2 (tried for 60 second(s) with 500 milliseconds interval)\nBuild info: version: '3.141.59', revision: 'e82be7d358', time: '2018-11-14T08:17:03'\nSystem info: host: 'WJLP-1098', ip: '192.168.65.1', os.name: 'Windows 10', os.arch: 'amd64', os.version: '10.0', java.version: '11.0.7'\nDriver info: org.openqa.selenium.chrome.ChromeDriver\nCapabilities {acceptInsecureCerts: false, browserName: chrome, browserVersion: 84.0.4147.135, chrome: {chromedriverVersion: 84.0.4147.30 (48b3e868b4cc0..., userDataDir: C:\\Users\\nasreenk\\AppData\\L...}, goog:chromeOptions: {debuggerAddress: localhost:56277}, javascriptEnabled: true, networkConnectionEnabled: false, pageLoadStrategy: none, platform: WINDOWS, platformName: WINDOWS, proxy: Proxy(), setWindowRect: true, strictFileInteractability: false, timeouts: {implicit: 0, pageLoad: 300000, script: 30000}, unhandledPromptBehavior: dismiss and notify, webauthn:virtualAuthenticators: true}\nSession ID: c95af6eaafbe3a1f8002e007ef0efcfa",
      "time" : {
        "start" : 1598244516710,
        "stop" : 1598244516711,
        "duration" : 1
      }
    }, {
      "uid" : "93851a583b2aa11b",
      "status" : "skipped",
      "statusDetails" : "Expected condition failed: waiting for pages.TestBase$$Lambda$375/0x00000001003ba840@e5c5e6 (tried for 60 second(s) with 500 milliseconds interval)\nBuild info: version: '3.141.59', revision: 'e82be7d358', time: '2018-11-14T08:17:03'\nSystem info: host: 'WJLP-1098', ip: '192.168.65.1', os.name: 'Windows 10', os.arch: 'amd64', os.version: '10.0', java.version: '11.0.7'\nDriver info: org.openqa.selenium.chrome.ChromeDriver\nCapabilities {acceptInsecureCerts: false, browserName: chrome, browserVersion: 84.0.4147.135, chrome: {chromedriverVersion: 84.0.4147.30 (48b3e868b4cc0..., userDataDir: C:\\Users\\nasreenk\\AppData\\L...}, goog:chromeOptions: {debuggerAddress: localhost:59093}, javascriptEnabled: true, networkConnectionEnabled: false, pageLoadStrategy: none, platform: WINDOWS, platformName: WINDOWS, proxy: Proxy(), setWindowRect: true, strictFileInteractability: false, timeouts: {implicit: 0, pageLoad: 300000, script: 30000}, unhandledPromptBehavior: dismiss and notify, webauthn:virtualAuthenticators: true}\nSession ID: 13d1d31618f8f2b2ea28ad759a298100",
      "time" : {
        "start" : 1597992766502,
        "stop" : 1597992766504,
        "duration" : 2
      }
    }, {
      "uid" : "1a0fae5bf9f1b94d",
      "status" : "skipped",
      "statusDetails" : "Expected condition failed: waiting for pages.TestBase$$Lambda$375/0x00000001003ba840@e5c5e6 (tried for 60 second(s) with 500 milliseconds interval)\nBuild info: version: '3.141.59', revision: 'e82be7d358', time: '2018-11-14T08:17:03'\nSystem info: host: 'WJLP-1098', ip: '192.168.65.1', os.name: 'Windows 10', os.arch: 'amd64', os.version: '10.0', java.version: '11.0.7'\nDriver info: org.openqa.selenium.chrome.ChromeDriver\nCapabilities {acceptInsecureCerts: false, browserName: chrome, browserVersion: 84.0.4147.135, chrome: {chromedriverVersion: 84.0.4147.30 (48b3e868b4cc0..., userDataDir: C:\\Users\\nasreenk\\AppData\\L...}, goog:chromeOptions: {debuggerAddress: localhost:59093}, javascriptEnabled: true, networkConnectionEnabled: false, pageLoadStrategy: none, platform: WINDOWS, platformName: WINDOWS, proxy: Proxy(), setWindowRect: true, strictFileInteractability: false, timeouts: {implicit: 0, pageLoad: 300000, script: 30000}, unhandledPromptBehavior: dismiss and notify, webauthn:virtualAuthenticators: true}\nSession ID: 13d1d31618f8f2b2ea28ad759a298100",
      "time" : {
        "start" : 1597992766327,
        "stop" : 1597992766328,
        "duration" : 1
      }
    }, {
      "uid" : "8e8bd3ba436c5e6a",
      "status" : "skipped",
      "statusDetails" : "Expected condition failed: waiting for pages.TestBase$$Lambda$375/0x00000001003ba840@2a54c92e (tried for 60 second(s) with 500 milliseconds interval)\nBuild info: version: '3.141.59', revision: 'e82be7d358', time: '2018-11-14T08:17:03'\nSystem info: host: 'WJLP-1098', ip: '192.168.65.1', os.name: 'Windows 10', os.arch: 'amd64', os.version: '10.0', java.version: '11.0.7'\nDriver info: org.openqa.selenium.chrome.ChromeDriver\nCapabilities {acceptInsecureCerts: false, browserName: chrome, browserVersion: 84.0.4147.125, chrome: {chromedriverVersion: 84.0.4147.30 (48b3e868b4cc0..., userDataDir: C:\\Users\\nasreenk\\AppData\\L...}, goog:chromeOptions: {debuggerAddress: localhost:58525}, javascriptEnabled: true, networkConnectionEnabled: false, pageLoadStrategy: none, platform: WINDOWS, platformName: WINDOWS, proxy: Proxy(), setWindowRect: true, strictFileInteractability: false, timeouts: {implicit: 0, pageLoad: 300000, script: 30000}, unhandledPromptBehavior: dismiss and notify, webauthn:virtualAuthenticators: true}\nSession ID: f7c9da5aa972713fc4a5f858767d5318",
      "time" : {
        "start" : 1597988148681,
        "stop" : 1597988148683,
        "duration" : 2
      }
    }, {
      "uid" : "176cc4c8a07f4348",
      "status" : "skipped",
      "statusDetails" : "Expected condition failed: waiting for pages.TestBase$$Lambda$375/0x00000001003ba840@2a54c92e (tried for 60 second(s) with 500 milliseconds interval)\nBuild info: version: '3.141.59', revision: 'e82be7d358', time: '2018-11-14T08:17:03'\nSystem info: host: 'WJLP-1098', ip: '192.168.65.1', os.name: 'Windows 10', os.arch: 'amd64', os.version: '10.0', java.version: '11.0.7'\nDriver info: org.openqa.selenium.chrome.ChromeDriver\nCapabilities {acceptInsecureCerts: false, browserName: chrome, browserVersion: 84.0.4147.125, chrome: {chromedriverVersion: 84.0.4147.30 (48b3e868b4cc0..., userDataDir: C:\\Users\\nasreenk\\AppData\\L...}, goog:chromeOptions: {debuggerAddress: localhost:58525}, javascriptEnabled: true, networkConnectionEnabled: false, pageLoadStrategy: none, platform: WINDOWS, platformName: WINDOWS, proxy: Proxy(), setWindowRect: true, strictFileInteractability: false, timeouts: {implicit: 0, pageLoad: 300000, script: 30000}, unhandledPromptBehavior: dismiss and notify, webauthn:virtualAuthenticators: true}\nSession ID: f7c9da5aa972713fc4a5f858767d5318",
      "time" : {
        "start" : 1597988148664,
        "stop" : 1597988148666,
        "duration" : 2
      }
    }, {
      "uid" : "88aaba073b8fc5d",
      "status" : "skipped",
      "statusDetails" : "Expected condition failed: waiting for pages.TestBase$$Lambda$375/0x00000001003ba840@6fa3def8 (tried for 60 second(s) with 500 milliseconds interval)\nBuild info: version: '3.141.59', revision: 'e82be7d358', time: '2018-11-14T08:17:03'\nSystem info: host: 'WJLP-1098', ip: '192.168.65.1', os.name: 'Windows 10', os.arch: 'amd64', os.version: '10.0', java.version: '11.0.7'\nDriver info: org.openqa.selenium.chrome.ChromeDriver\nCapabilities {acceptInsecureCerts: false, browserName: chrome, browserVersion: 84.0.4147.125, chrome: {chromedriverVersion: 84.0.4147.30 (48b3e868b4cc0..., userDataDir: C:\\Users\\nasreenk\\AppData\\L...}, goog:chromeOptions: {debuggerAddress: localhost:57115}, javascriptEnabled: true, networkConnectionEnabled: false, pageLoadStrategy: none, platform: WINDOWS, platformName: WINDOWS, proxy: Proxy(), setWindowRect: true, strictFileInteractability: false, timeouts: {implicit: 0, pageLoad: 300000, script: 30000}, unhandledPromptBehavior: dismiss and notify, webauthn:virtualAuthenticators: true}\nSession ID: 29aa09d79d1581d9340611e24dbcc1af",
      "time" : {
        "start" : 1597985550290,
        "stop" : 1597985550292,
        "duration" : 2
      }
    }, {
      "uid" : "8394a6fc23f9808e",
      "status" : "skipped",
      "statusDetails" : "Expected condition failed: waiting for pages.TestBase$$Lambda$375/0x00000001003ba840@6fa3def8 (tried for 60 second(s) with 500 milliseconds interval)\nBuild info: version: '3.141.59', revision: 'e82be7d358', time: '2018-11-14T08:17:03'\nSystem info: host: 'WJLP-1098', ip: '192.168.65.1', os.name: 'Windows 10', os.arch: 'amd64', os.version: '10.0', java.version: '11.0.7'\nDriver info: org.openqa.selenium.chrome.ChromeDriver\nCapabilities {acceptInsecureCerts: false, browserName: chrome, browserVersion: 84.0.4147.125, chrome: {chromedriverVersion: 84.0.4147.30 (48b3e868b4cc0..., userDataDir: C:\\Users\\nasreenk\\AppData\\L...}, goog:chromeOptions: {debuggerAddress: localhost:57115}, javascriptEnabled: true, networkConnectionEnabled: false, pageLoadStrategy: none, platform: WINDOWS, platformName: WINDOWS, proxy: Proxy(), setWindowRect: true, strictFileInteractability: false, timeouts: {implicit: 0, pageLoad: 300000, script: 30000}, unhandledPromptBehavior: dismiss and notify, webauthn:virtualAuthenticators: true}\nSession ID: 29aa09d79d1581d9340611e24dbcc1af",
      "time" : {
        "start" : 1597985550266,
        "stop" : 1597985550267,
        "duration" : 1
      }
    } ],
    "categories" : [ {
      "name" : "Skipped tests",
      "messageRegex" : ".*",
      "matchedStatuses" : [ "skipped" ],
      "flaky" : false
    } ],
    "tags" : [ ]
  },
  "source" : "80b9659f9fc38e19.json",
  "parameterValues" : [ ]
}