{
  "uid" : "adc583b4ca787b1",
  "name" : "signIn",
  "fullName" : "pages.TestPageLoginSecurity.signIn",
  "historyId" : "f7e1b2fb2cea937950ae75d3928afa0",
  "time" : {
    "start" : 1616758728629,
    "stop" : 1616758780870,
    "duration" : 52241
  },
  "description" : "Verify valid user are allowed to access",
  "descriptionHtml" : "<p>Verify valid user are allowed to access</p>\n",
  "status" : "failed",
  "statusMessage" : "expected [true] but found [false]",
  "statusTrace" : "java.lang.AssertionError: expected [true] but found [false]\r\n\tat org.testng.Assert.fail(Assert.java:96)\r\n\tat org.testng.Assert.failNotEquals(Assert.java:776)\r\n\tat org.testng.Assert.assertTrue(Assert.java:44)\r\n\tat org.testng.Assert.assertTrue(Assert.java:54)\r\n\tat pages.PageDashBoard.consignURL(PageDashBoard.java:78)\r\n\tat pages.TestPageLoginSecurity.signIn(TestPageLoginSecurity.java:46)\r\n\tat java.base/jdk.internal.reflect.NativeMethodAccessorImpl.invoke0(Native Method)\r\n\tat java.base/jdk.internal.reflect.NativeMethodAccessorImpl.invoke(NativeMethodAccessorImpl.java:78)\r\n\tat java.base/jdk.internal.reflect.DelegatingMethodAccessorImpl.invoke(DelegatingMethodAccessorImpl.java:43)\r\n\tat java.base/java.lang.reflect.Method.invoke(Method.java:567)\r\n\tat org.testng.internal.MethodInvocationHelper.invokeMethod(MethodInvocationHelper.java:124)\r\n\tat org.testng.internal.Invoker.invokeMethod(Invoker.java:583)\r\n\tat org.testng.internal.Invoker.invokeTestMethod(Invoker.java:719)\r\n\tat org.testng.internal.Invoker.invokeTestMethods(Invoker.java:989)\r\n\tat org.testng.internal.TestMethodWorker.invokeTestMethods(TestMethodWorker.java:125)\r\n\tat org.testng.internal.TestMethodWorker.run(TestMethodWorker.java:109)\r\n\tat org.testng.TestRunner.privateRun(TestRunner.java:648)\r\n\tat org.testng.TestRunner.run(TestRunner.java:505)\r\n\tat org.testng.SuiteRunner.runTest(SuiteRunner.java:455)\r\n\tat org.testng.SuiteRunner.runSequentially(SuiteRunner.java:450)\r\n\tat org.testng.SuiteRunner.privateRun(SuiteRunner.java:415)\r\n\tat org.testng.SuiteRunner.run(SuiteRunner.java:364)\r\n\tat org.testng.SuiteRunnerWorker.runSuite(SuiteRunnerWorker.java:52)\r\n\tat org.testng.SuiteRunnerWorker.run(SuiteRunnerWorker.java:84)\r\n\tat org.testng.TestNG.runSuitesSequentially(TestNG.java:1208)\r\n\tat org.testng.TestNG.runSuitesSequentially(TestNG.java:1204)\r\n\tat org.testng.TestNG.runSuitesLocally(TestNG.java:1137)\r\n\tat org.testng.TestNG.runSuites(TestNG.java:1049)\r\n\tat org.testng.TestNG.run(TestNG.java:1017)\r\n\tat org.apache.maven.surefire.testng.TestNGExecutor.run(TestNGExecutor.java:283)\r\n\tat org.apache.maven.surefire.testng.TestNGXmlTestSuite.execute(TestNGXmlTestSuite.java:75)\r\n\tat org.apache.maven.surefire.testng.TestNGProvider.invoke(TestNGProvider.java:120)\r\n\tat org.apache.maven.surefire.booter.ForkedBooter.runSuitesInProcess(ForkedBooter.java:377)\r\n\tat org.apache.maven.surefire.booter.ForkedBooter.execute(ForkedBooter.java:138)\r\n\tat org.apache.maven.surefire.booter.ForkedBooter.run(ForkedBooter.java:465)\r\n\tat org.apache.maven.surefire.booter.ForkedBooter.main(ForkedBooter.java:451)\r\n",
  "flaky" : true,
  "beforeStages" : [ {
    "name" : "waitForLoad",
    "time" : {
      "start" : 1616758725952,
      "stop" : 1616758725952,
      "duration" : 0
    },
    "description" : "",
    "status" : "passed",
    "steps" : [ ],
    "attachments" : [ ],
    "parameters" : [ ],
    "hasContent" : false,
    "stepsCount" : 0,
    "shouldDisplayMessage" : false,
    "attachmentsCount" : 0
  }, {
    "name" : "setUp",
    "time" : {
      "start" : 1616758681926,
      "stop" : 1616758725921,
      "duration" : 43995
    },
    "description" : "",
    "status" : "passed",
    "steps" : [ ],
    "attachments" : [ ],
    "parameters" : [ ],
    "hasContent" : false,
    "stepsCount" : 0,
    "shouldDisplayMessage" : false,
    "attachmentsCount" : 0
  } ],
  "testStage" : {
    "description" : "Verify valid user are allowed to access",
    "status" : "failed",
    "statusMessage" : "expected [true] but found [false]",
    "statusTrace" : "java.lang.AssertionError: expected [true] but found [false]\r\n\tat org.testng.Assert.fail(Assert.java:96)\r\n\tat org.testng.Assert.failNotEquals(Assert.java:776)\r\n\tat org.testng.Assert.assertTrue(Assert.java:44)\r\n\tat org.testng.Assert.assertTrue(Assert.java:54)\r\n\tat pages.PageDashBoard.consignURL(PageDashBoard.java:78)\r\n\tat pages.TestPageLoginSecurity.signIn(TestPageLoginSecurity.java:46)\r\n\tat java.base/jdk.internal.reflect.NativeMethodAccessorImpl.invoke0(Native Method)\r\n\tat java.base/jdk.internal.reflect.NativeMethodAccessorImpl.invoke(NativeMethodAccessorImpl.java:78)\r\n\tat java.base/jdk.internal.reflect.DelegatingMethodAccessorImpl.invoke(DelegatingMethodAccessorImpl.java:43)\r\n\tat java.base/java.lang.reflect.Method.invoke(Method.java:567)\r\n\tat org.testng.internal.MethodInvocationHelper.invokeMethod(MethodInvocationHelper.java:124)\r\n\tat org.testng.internal.Invoker.invokeMethod(Invoker.java:583)\r\n\tat org.testng.internal.Invoker.invokeTestMethod(Invoker.java:719)\r\n\tat org.testng.internal.Invoker.invokeTestMethods(Invoker.java:989)\r\n\tat org.testng.internal.TestMethodWorker.invokeTestMethods(TestMethodWorker.java:125)\r\n\tat org.testng.internal.TestMethodWorker.run(TestMethodWorker.java:109)\r\n\tat org.testng.TestRunner.privateRun(TestRunner.java:648)\r\n\tat org.testng.TestRunner.run(TestRunner.java:505)\r\n\tat org.testng.SuiteRunner.runTest(SuiteRunner.java:455)\r\n\tat org.testng.SuiteRunner.runSequentially(SuiteRunner.java:450)\r\n\tat org.testng.SuiteRunner.privateRun(SuiteRunner.java:415)\r\n\tat org.testng.SuiteRunner.run(SuiteRunner.java:364)\r\n\tat org.testng.SuiteRunnerWorker.runSuite(SuiteRunnerWorker.java:52)\r\n\tat org.testng.SuiteRunnerWorker.run(SuiteRunnerWorker.java:84)\r\n\tat org.testng.TestNG.runSuitesSequentially(TestNG.java:1208)\r\n\tat org.testng.TestNG.runSuitesSequentially(TestNG.java:1204)\r\n\tat org.testng.TestNG.runSuitesLocally(TestNG.java:1137)\r\n\tat org.testng.TestNG.runSuites(TestNG.java:1049)\r\n\tat org.testng.TestNG.run(TestNG.java:1017)\r\n\tat org.apache.maven.surefire.testng.TestNGExecutor.run(TestNGExecutor.java:283)\r\n\tat org.apache.maven.surefire.testng.TestNGXmlTestSuite.execute(TestNGXmlTestSuite.java:75)\r\n\tat org.apache.maven.surefire.testng.TestNGProvider.invoke(TestNGProvider.java:120)\r\n\tat org.apache.maven.surefire.booter.ForkedBooter.runSuitesInProcess(ForkedBooter.java:377)\r\n\tat org.apache.maven.surefire.booter.ForkedBooter.execute(ForkedBooter.java:138)\r\n\tat org.apache.maven.surefire.booter.ForkedBooter.run(ForkedBooter.java:465)\r\n\tat org.apache.maven.surefire.booter.ForkedBooter.main(ForkedBooter.java:451)\r\n",
    "steps" : [ {
      "name" : "Enter UserName: \"Consign.permission@ram.co.za\"",
      "time" : {
        "start" : 1616758748761,
        "stop" : 1616758749308,
        "duration" : 547
      },
      "status" : "passed",
      "steps" : [ {
        "name" : "Enter webelement [[[[ChromeDriver: chrome on WINDOWS (f1c42fc5b3988f819c0b0a6e369b26ac)] -> xpath: //form[1]]] -> xpath: //child::input[@type='email' or @type='text']] value [[[[ChromeDriver: chrome on WINDOWS (f1c42fc5b3988f819c0b0a6e369b26ac)] -> xpath: //form[1]]] -> xpath: //child::input[@type='email' or @type='text']]",
        "time" : {
          "start" : 1616758748854,
          "stop" : 1616758749308,
          "duration" : 454
        },
        "status" : "passed",
        "steps" : [ ],
        "attachments" : [ ],
        "parameters" : [ {
          "name" : "webElement",
          "value" : "[[[[ChromeDriver: chrome on WINDOWS (f1c42fc5b3988f819c0b0a6e369b26ac)] -> xpath: //form[1]]] -> xpath: //child::input[@type='email' or @type='text']]"
        }, {
          "name" : "inputTxt",
          "value" : "Consign.permission@ram.co.za"
        } ],
        "hasContent" : true,
        "stepsCount" : 0,
        "shouldDisplayMessage" : false,
        "attachmentsCount" : 0
      } ],
      "attachments" : [ ],
      "parameters" : [ {
        "name" : "userName",
        "value" : "Consign.permission@ram.co.za"
      } ],
      "hasContent" : true,
      "stepsCount" : 1,
      "shouldDisplayMessage" : false,
      "attachmentsCount" : 0
    }, {
      "name" : "Enter Password: \"Test@123\"",
      "time" : {
        "start" : 1616758749308,
        "stop" : 1616758749631,
        "duration" : 323
      },
      "status" : "passed",
      "steps" : [ {
        "name" : "Enter webelement [[[[ChromeDriver: chrome on WINDOWS (f1c42fc5b3988f819c0b0a6e369b26ac)] -> xpath: //form[1]]] -> xpath: //child::input[@type='password']] value [[[[ChromeDriver: chrome on WINDOWS (f1c42fc5b3988f819c0b0a6e369b26ac)] -> xpath: //form[1]]] -> xpath: //child::input[@type='password']]",
        "time" : {
          "start" : 1616758749343,
          "stop" : 1616758749631,
          "duration" : 288
        },
        "status" : "passed",
        "steps" : [ ],
        "attachments" : [ ],
        "parameters" : [ {
          "name" : "webElement",
          "value" : "[[[[ChromeDriver: chrome on WINDOWS (f1c42fc5b3988f819c0b0a6e369b26ac)] -> xpath: //form[1]]] -> xpath: //child::input[@type='password']]"
        }, {
          "name" : "inputTxt",
          "value" : "Test@123"
        } ],
        "hasContent" : true,
        "stepsCount" : 0,
        "shouldDisplayMessage" : false,
        "attachmentsCount" : 0
      } ],
      "attachments" : [ ],
      "parameters" : [ {
        "name" : "password",
        "value" : "Test@123"
      } ],
      "hasContent" : true,
      "stepsCount" : 1,
      "shouldDisplayMessage" : false,
      "attachmentsCount" : 0
    }, {
      "name" : "Click Login button",
      "time" : {
        "start" : 1616758749632,
        "stop" : 1616758749742,
        "duration" : 110
      },
      "status" : "passed",
      "steps" : [ ],
      "attachments" : [ ],
      "parameters" : [ ],
      "hasContent" : false,
      "stepsCount" : 0,
      "shouldDisplayMessage" : false,
      "attachmentsCount" : 0
    } ],
    "attachments" : [ {
      "uid" : "32f88536d1ed1d0",
      "name" : "signIn failed and screenshot taken!",
      "source" : "32f88536d1ed1d0.txt",
      "type" : "text/plain",
      "size" : 35
    } ],
    "parameters" : [ ],
    "hasContent" : true,
    "stepsCount" : 5,
    "shouldDisplayMessage" : true,
    "attachmentsCount" : 1
  },
  "afterStages" : [ {
    "name" : "tearBrowser",
    "time" : {
      "start" : 1616758781095,
      "stop" : 1616758784492,
      "duration" : 3397
    },
    "description" : "",
    "status" : "passed",
    "steps" : [ ],
    "attachments" : [ ],
    "parameters" : [ ],
    "hasContent" : false,
    "stepsCount" : 0,
    "shouldDisplayMessage" : false,
    "attachmentsCount" : 0
  } ],
  "labels" : [ {
    "name" : "package",
    "value" : "pages.TestPageLoginSecurity"
  }, {
    "name" : "testClass",
    "value" : "pages.TestPageLoginSecurity"
  }, {
    "name" : "testMethod",
    "value" : "signIn"
  }, {
    "name" : "parentSuite",
    "value" : "Valid Login Scenario"
  }, {
    "name" : "suite",
    "value" : "Check login and logout successfully"
  }, {
    "name" : "subSuite",
    "value" : "pages.TestPageLoginSecurity"
  }, {
    "name" : "host",
    "value" : "WJLP-1270"
  }, {
    "name" : "thread",
    "value" : "15968@WJLP-1270.main(1)"
  }, {
    "name" : "framework",
    "value" : "testng"
  }, {
    "name" : "language",
    "value" : "java"
  }, {
    "name" : "severity",
    "value" : "critical"
  }, {
    "name" : "resultFormat",
    "value" : "allure2"
  } ],
  "parameters" : [ {
    "name" : "arg0",
    "value" : "{Status=, Message=, Password=Nasreen@123, UserName=Nasreen.khan@ram.co.za}"
  } ],
  "links" : [ ],
  "hidden" : false,
  "retry" : false,
  "extra" : {
    "severity" : "critical",
    "retries" : [ {
      "uid" : "980e13e56c55944c",
      "status" : "failed",
      "statusDetails" : "expected [true] but found [false]",
      "time" : {
        "start" : 1616758442963,
        "stop" : 1616758494898,
        "duration" : 51935
      }
    }, {
      "uid" : "f840106b6919db0f",
      "status" : "passed",
      "time" : {
        "start" : 1616757061411,
        "stop" : 1616757175222,
        "duration" : 113811
      }
    }, {
      "uid" : "a8ca5cc1e07bbfcf",
      "status" : "passed",
      "time" : {
        "start" : 1616756614341,
        "stop" : 1616756721622,
        "duration" : 107281
      }
    }, {
      "uid" : "225141e7f20dab68",
      "status" : "passed",
      "time" : {
        "start" : 1616756399321,
        "stop" : 1616756487868,
        "duration" : 88547
      }
    }, {
      "uid" : "448b4e47a6b3594e",
      "status" : "passed",
      "time" : {
        "start" : 1616744700610,
        "stop" : 1616744775312,
        "duration" : 74702
      }
    }, {
      "uid" : "39e5431403d8108",
      "status" : "passed",
      "time" : {
        "start" : 1616744212422,
        "stop" : 1616744289768,
        "duration" : 77346
      }
    }, {
      "uid" : "cf629f137bb1aa2f",
      "status" : "passed",
      "time" : {
        "start" : 1616744063922,
        "stop" : 1616744145922,
        "duration" : 82000
      }
    }, {
      "uid" : "4b9e1eba8e3b80c8",
      "status" : "broken",
      "statusDetails" : "Index 1 out of bounds for length 1",
      "time" : {
        "start" : 1616742660589,
        "stop" : 1616742713070,
        "duration" : 52481
      }
    }, {
      "uid" : "43b71debe765941a",
      "status" : "passed",
      "time" : {
        "start" : 1616742227939,
        "stop" : 1616742331008,
        "duration" : 103069
      }
    }, {
      "uid" : "8f5d4787d0d98f7",
      "status" : "broken",
      "statusDetails" : "Index 1 out of bounds for length 1",
      "time" : {
        "start" : 1616741743475,
        "stop" : 1616741815269,
        "duration" : 71794
      }
    }, {
      "uid" : "9e3c9247e4671b00",
      "status" : "broken",
      "statusDetails" : "element click intercepted: Element <div data-v-2a902fd3=\"\" class=\"flex xs1 md1\">...</div> is not clickable at point (63, 24). Other element would receive the click: <div data-v-517c2ba2=\"\" class=\"spinner spinner--circle-8\">...</div>\n  (Session info: chrome=89.0.4389.90)\nBuild info: version: '3.141.59', revision: 'e82be7d358', time: '2018-11-14T08:17:03'\nSystem info: host: 'WJLP-1270', ip: '192.168.0.6', os.name: 'Windows 10', os.arch: 'amd64', os.version: '10.0', java.version: '16'\nDriver info: org.openqa.selenium.chrome.ChromeDriver\nCapabilities {acceptInsecureCerts: false, browserName: chrome, browserVersion: 89.0.4389.90, chrome: {chromedriverVersion: 89.0.4389.23 (61b08ee2c5002..., userDataDir: C:\\Users\\nasreenk\\AppData\\L...}, goog:chromeOptions: {debuggerAddress: localhost:60588}, javascriptEnabled: true, networkConnectionEnabled: false, pageLoadStrategy: none, platform: WINDOWS, platformName: WINDOWS, proxy: Proxy(), setWindowRect: true, strictFileInteractability: false, timeouts: {implicit: 0, pageLoad: 300000, script: 30000}, unhandledPromptBehavior: dismiss and notify, webauthn:extension:largeBlob: true, webauthn:virtualAuthenticators: true}\nSession ID: 8a5f858f5ede1e1a2a2c3f660d7c719e",
      "time" : {
        "start" : 1616741609190,
        "stop" : 1616741636244,
        "duration" : 27054
      }
    }, {
      "uid" : "6e334cc6013e6cc5",
      "status" : "broken",
      "statusDetails" : "Cannot invoke \"String.equals(Object)\" because the return value of \"org.openqa.selenium.WebElement.getAttribute(String)\" is null",
      "time" : {
        "start" : 1616741238914,
        "stop" : 1616741264940,
        "duration" : 26026
      }
    }, {
      "uid" : "6c0f7bbf771b0ab0",
      "status" : "broken",
      "statusDetails" : "Index 1 out of bounds for length 1",
      "time" : {
        "start" : 1616739786578,
        "stop" : 1616739846037,
        "duration" : 59459
      }
    }, {
      "uid" : "162bf6223ab97792",
      "status" : "broken",
      "statusDetails" : "Index 1 out of bounds for length 1",
      "time" : {
        "start" : 1616739711555,
        "stop" : 1616739754132,
        "duration" : 42577
      }
    }, {
      "uid" : "1e394a82f4809434",
      "status" : "broken",
      "statusDetails" : "Index 1 out of bounds for length 1",
      "time" : {
        "start" : 1616739576435,
        "stop" : 1616739617516,
        "duration" : 41081
      }
    }, {
      "uid" : "72d3323f9cb9affb",
      "status" : "passed",
      "time" : {
        "start" : 1616739179926,
        "stop" : 1616739218262,
        "duration" : 38336
      }
    } ],
    "categories" : [ {
      "name" : "Product defects",
      "matchedStatuses" : [ ],
      "flaky" : false
    } ],
    "tags" : [ ]
  },
  "source" : "adc583b4ca787b1.json",
  "parameterValues" : [ "{Status=, Message=, Password=Nasreen@123, UserName=Nasreen.khan@ram.co.za}" ]
}