<?xml version="1.0" encoding="UTF-8"?>
<testsuite name="Test RMS portal for create consignment"
           tests="3"
           failures="2"
           errors="0"
           skipped="0"
           time="216.235">
    <properties></properties>

            <testcase
                name="clickOnRMSPortalAndVerifyConsignmentISCreated"
                time="65.150"
                classname="pages.TestPageRMSProd">

            <failure type="org.openqa.selenium.NoSuchElementException" message="no such element: Unable to locate element: {&quot;method&quot;:&quot;css selector&quot;,&quot;selector&quot;:&quot;span#titleSearchReports&quot;}
  (Session info: chrome=97.0.4692.99)
For documentation on this error, please visit: https://www.seleniumhq.org/exceptions/no_such_element.html
Build info: version: &apos;3.141.59&apos;, revision: &apos;e82be7d358&apos;, time: &apos;2018-11-14T08:17:03&apos;
System info: host: &apos;WJLP-1270&apos;, ip: &apos;192.168.0.2&apos;, os.name: &apos;Windows 10&apos;, os.arch: &apos;amd64&apos;, os.version: &apos;10.0&apos;, java.version: &apos;11.0.10&apos;
Driver info: org.openqa.selenium.chrome.ChromeDriver
Capabilities {acceptInsecureCerts: false, browserName: chrome, browserVersion: 97.0.4692.99, chrome: {chromedriverVersion: 97.0.4692.71 (adefa7837d02a..., userDataDir: C:\Users\nasreenk\AppData\L...}, goog:chromeOptions: {debuggerAddress: localhost:50685}, javascriptEnabled: true, networkConnectionEnabled: false, pageLoadStrategy: none, platform: WINDOWS, platformName: WINDOWS, proxy: Proxy(), setWindowRect: true, strictFileInteractability: false, timeouts: {implicit: 0, pageLoad: 300000, script: 30000}, unhandledPromptBehavior: dismiss and notify, webauthn:extension:credBlob: true, webauthn:extension:largeBlob: true, webauthn:virtualAuthenticators: true}
Session ID: 8cb4d8b0e71b06879a987572bd1bf931
*** Element info: {Using=css selector, value=span#titleSearchReports}">
                <![CDATA[org.openqa.selenium.NoSuchElementException: no such element: Unable to locate element: {"method":"css selector","selector":"span#titleSearchReports"}
  (Session info: chrome=97.0.4692.99)
For documentation on this error, please visit: https://www.seleniumhq.org/exceptions/no_such_element.html
Build info: version: '3.141.59', revision: 'e82be7d358', time: '2018-11-14T08:17:03'
System info: host: 'WJLP-1270', ip: '192.168.0.2', os.name: 'Windows 10', os.arch: 'amd64', os.version: '10.0', java.version: '11.0.10'
Driver info: org.openqa.selenium.chrome.ChromeDriver
Capabilities {acceptInsecureCerts: false, browserName: chrome, browserVersion: 97.0.4692.99, chrome: {chromedriverVersion: 97.0.4692.71 (adefa7837d02a..., userDataDir: C:\Users\nasreenk\AppData\L...}, goog:chromeOptions: {debuggerAddress: localhost:50685}, javascriptEnabled: true, networkConnectionEnabled: false, pageLoadStrategy: none, platform: WINDOWS, platformName: WINDOWS, proxy: Proxy(), setWindowRect: true, strictFileInteractability: false, timeouts: {implicit: 0, pageLoad: 300000, script: 30000}, unhandledPromptBehavior: dismiss and notify, webauthn:extension:credBlob: true, webauthn:extension:largeBlob: true, webauthn:virtualAuthenticators: true}
Session ID: 8cb4d8b0e71b06879a987572bd1bf931
*** Element info: {Using=css selector, value=span#titleSearchReports}
                jdk.internal.reflect.GeneratedConstructorAccessor31.newInstance(Unknown Source)java.base/jdk.internal.reflect.DelegatingConstructorAccessorImpl.newInstance(DelegatingConstructorAccessorImpl.java:45)java.base/java.lang.reflect.Constructor.newInstance(Constructor.java:490)org.openqa.selenium.remote.http.W3CHttpResponseCodec.createException(W3CHttpResponseCodec.java:187)org.openqa.selenium.remote.http.W3CHttpResponseCodec.decode(W3CHttpResponseCodec.java:122)org.openqa.selenium.remote.http.W3CHttpResponseCodec.decode(W3CHttpResponseCodec.java:49)org.openqa.selenium.remote.HttpCommandExecutor.execute(HttpCommandExecutor.java:158)org.openqa.selenium.remote.service.DriverCommandExecutor.execute(DriverCommandExecutor.java:83)org.openqa.selenium.remote.RemoteWebDriver.execute(RemoteWebDriver.java:552)org.openqa.selenium.remote.RemoteWebDriver.findElement(RemoteWebDriver.java:323)org.openqa.selenium.remote.RemoteWebDriver.findElementByCssSelector(RemoteWebDriver.java:420)org.openqa.selenium.By$ByCssSelector.findElement(By.java:431)org.openqa.selenium.remote.RemoteWebDriver.findElement(RemoteWebDriver.java:315)jdk.internal.reflect.GeneratedMethodAccessor5.invoke(Unknown Source)java.base/jdk.internal.reflect.DelegatingMethodAccessorImpl.invoke(DelegatingMethodAccessorImpl.java:43)java.base/java.lang.reflect.Method.invoke(Method.java:566)org.openqa.selenium.support.events.EventFiringWebDriver.lambda$new$1(EventFiringWebDriver.java:105)com.sun.proxy.$Proxy13.findElement(Unknown Source)org.openqa.selenium.support.events.EventFiringWebDriver.findElement(EventFiringWebDriver.java:194)pages.PageDashBoard.clickOnSearchAndReport(PageDashBoard.java:457)pages.TestPageRMSProd.clickOnRMSPortalAndVerifyConsignmentISCreated(TestPageRMSProd.java:53)java.base/jdk.internal.reflect.NativeMethodAccessorImpl.invoke0(Native Method)java.base/jdk.internal.reflect.NativeMethodAccessorImpl.invoke(NativeMethodAccessorImpl.java:62)java.base/jdk.internal.reflect.DelegatingMethodAccessorImpl.invoke(DelegatingMethodAccessorImpl.java:43)java.base/java.lang.reflect.Method.invoke(Method.java:566)org.testng.internal.MethodInvocationHelper.invokeMethod(MethodInvocationHelper.java:134)org.testng.internal.TestInvoker.invokeMethod(TestInvoker.java:597)org.testng.internal.TestInvoker.invokeTestMethod(TestInvoker.java:173)org.testng.internal.MethodRunner.runInSequence(MethodRunner.java:46)org.testng.internal.TestInvoker$MethodInvocationAgent.invoke(TestInvoker.java:816)org.testng.internal.TestInvoker.invokeTestMethods(TestInvoker.java:146)org.testng.internal.TestMethodWorker.invokeTestMethods(TestMethodWorker.java:146)org.testng.internal.TestMethodWorker.run(TestMethodWorker.java:128)java.base/java.util.ArrayList.forEach(ArrayList.java:1541)org.testng.TestRunner.privateRun(TestRunner.java:766)org.testng.TestRunner.run(TestRunner.java:587)org.testng.SuiteRunner.runTest(SuiteRunner.java:384)org.testng.SuiteRunner.runSequentially(SuiteRunner.java:378)org.testng.SuiteRunner.privateRun(SuiteRunner.java:337)org.testng.SuiteRunner.run(SuiteRunner.java:286)org.testng.SuiteRunnerWorker.runSuite(SuiteRunnerWorker.java:53)org.testng.SuiteRunnerWorker.run(SuiteRunnerWorker.java:96)org.testng.TestNG.runSuitesSequentially(TestNG.java:1187)org.testng.TestNG.runSuitesSequentially(TestNG.java:1182)org.testng.TestNG.runSuitesLocally(TestNG.java:1109)org.testng.TestNG.runSuites(TestNG.java:1039)org.testng.TestNG.run(TestNG.java:1007)org.apache.maven.surefire.testng.TestNGExecutor.run(TestNGExecutor.java:283)org.apache.maven.surefire.testng.TestNGXmlTestSuite.execute(TestNGXmlTestSuite.java:75)org.apache.maven.surefire.testng.TestNGProvider.invoke(TestNGProvider.java:120)org.apache.maven.surefire.booter.ForkedBooter.runSuitesInProcess(ForkedBooter.java:377)org.apache.maven.surefire.booter.ForkedBooter.execute(ForkedBooter.java:138)org.apache.maven.surefire.booter.ForkedBooter.run(ForkedBooter.java:465)org.apache.maven.surefire.booter.ForkedBooter.main(ForkedBooter.java:451)
]]>
            </failure>
    </testcase>
            <testcase
                name="verifyDataOnRMSEditConsignment"
                time="120.519"
                classname="pages.TestPageRMSProd">

            <failure type="org.openqa.selenium.TimeoutException" message="Expected condition failed: waiting for element to be clickable: Proxy element for: AjaxElementLocator &apos;By.cssSelector: input#txtBilledTo&apos; (tried for 60 second(s) with 500 milliseconds interval)">
                <![CDATA[org.openqa.selenium.TimeoutException: Expected condition failed: waiting for element to be clickable: Proxy element for: AjaxElementLocator 'By.cssSelector: input#txtBilledTo' (tried for 60 second(s) with 500 milliseconds interval)
                org.openqa.selenium.support.ui.WebDriverWait.timeoutException(WebDriverWait.java:95)org.openqa.selenium.support.ui.FluentWait.until(FluentWait.java:272)pages.PageDashBoard.verifyBilledToProd(PageDashBoard.java:598)pages.TestPageRMSProd.verifyDataOnRMSEditConsignment(TestPageRMSProd.java:80)java.base/jdk.internal.reflect.NativeMethodAccessorImpl.invoke0(Native Method)java.base/jdk.internal.reflect.NativeMethodAccessorImpl.invoke(NativeMethodAccessorImpl.java:62)java.base/jdk.internal.reflect.DelegatingMethodAccessorImpl.invoke(DelegatingMethodAccessorImpl.java:43)java.base/java.lang.reflect.Method.invoke(Method.java:566)org.testng.internal.MethodInvocationHelper.invokeMethod(MethodInvocationHelper.java:134)org.testng.internal.TestInvoker.invokeMethod(TestInvoker.java:597)org.testng.internal.TestInvoker.invokeTestMethod(TestInvoker.java:173)org.testng.internal.MethodRunner.runInSequence(MethodRunner.java:46)org.testng.internal.TestInvoker$MethodInvocationAgent.invoke(TestInvoker.java:816)org.testng.internal.TestInvoker.invokeTestMethods(TestInvoker.java:146)org.testng.internal.TestMethodWorker.invokeTestMethods(TestMethodWorker.java:146)org.testng.internal.TestMethodWorker.run(TestMethodWorker.java:128)java.base/java.util.ArrayList.forEach(ArrayList.java:1541)org.testng.TestRunner.privateRun(TestRunner.java:766)org.testng.TestRunner.run(TestRunner.java:587)org.testng.SuiteRunner.runTest(SuiteRunner.java:384)org.testng.SuiteRunner.runSequentially(SuiteRunner.java:378)org.testng.SuiteRunner.privateRun(SuiteRunner.java:337)org.testng.SuiteRunner.run(SuiteRunner.java:286)org.testng.SuiteRunnerWorker.runSuite(SuiteRunnerWorker.java:53)org.testng.SuiteRunnerWorker.run(SuiteRunnerWorker.java:96)org.testng.TestNG.runSuitesSequentially(TestNG.java:1187)org.testng.TestNG.runSuitesSequentially(TestNG.java:1182)org.testng.TestNG.runSuitesLocally(TestNG.java:1109)org.testng.TestNG.runSuites(TestNG.java:1039)org.testng.TestNG.run(TestNG.java:1007)org.apache.maven.surefire.testng.TestNGExecutor.run(TestNGExecutor.java:283)org.apache.maven.surefire.testng.TestNGXmlTestSuite.execute(TestNGXmlTestSuite.java:75)org.apache.maven.surefire.testng.TestNGProvider.invoke(TestNGProvider.java:120)org.apache.maven.surefire.booter.ForkedBooter.runSuitesInProcess(ForkedBooter.java:377)org.apache.maven.surefire.booter.ForkedBooter.execute(ForkedBooter.java:138)org.apache.maven.surefire.booter.ForkedBooter.run(ForkedBooter.java:465)org.apache.maven.surefire.booter.ForkedBooter.main(ForkedBooter.java:451)
                    Caused by: org.openqa.selenium.NoSuchElementException: Timed out after 60 seconds. Unable to locate the element
                    org.openqa.selenium.support.pagefactory.AjaxElementLocator.findElement(AjaxElementLocator.java:99)org.openqa.selenium.support.pagefactory.internal.LocatingElementHandler.invoke(LocatingElementHandler.java:38)com.sun.proxy.$Proxy20.isDisplayed(Unknown Source)org.openqa.selenium.support.ui.ExpectedConditions.elementIfVisible(ExpectedConditions.java:314)org.openqa.selenium.support.ui.ExpectedConditions.access$000(ExpectedConditions.java:43)org.openqa.selenium.support.ui.ExpectedConditions$10.apply(ExpectedConditions.java:300)org.openqa.selenium.support.ui.ExpectedConditions$10.apply(ExpectedConditions.java:297)org.openqa.selenium.support.ui.ExpectedConditions$23.apply(ExpectedConditions.java:670)org.openqa.selenium.support.ui.ExpectedConditions$23.apply(ExpectedConditions.java:666)org.openqa.selenium.support.ui.FluentWait.until(FluentWait.java:249)pages.PageDashBoard.verifyBilledToProd(PageDashBoard.java:598)pages.TestPageRMSProd.verifyDataOnRMSEditConsignment(TestPageRMSProd.java:80)java.base/jdk.internal.reflect.NativeMethodAccessorImpl.invoke0(Native Method)java.base/jdk.internal.reflect.NativeMethodAccessorImpl.invoke(NativeMethodAccessorImpl.java:62)java.base/jdk.internal.reflect.DelegatingMethodAccessorImpl.invoke(DelegatingMethodAccessorImpl.java:43)java.base/java.lang.reflect.Method.invoke(Method.java:566)org.testng.internal.MethodInvocationHelper.invokeMethod(MethodInvocationHelper.java:134)org.testng.internal.TestInvoker.invokeMethod(TestInvoker.java:597)org.testng.internal.TestInvoker.invokeTestMethod(TestInvoker.java:173)org.testng.internal.MethodRunner.runInSequence(MethodRunner.java:46)org.testng.internal.TestInvoker$MethodInvocationAgent.invoke(TestInvoker.java:816)org.testng.internal.TestInvoker.invokeTestMethods(TestInvoker.java:146)org.testng.internal.TestMethodWorker.invokeTestMethods(TestMethodWorker.java:146)org.testng.internal.TestMethodWorker.run(TestMethodWorker.java:128)java.base/java.util.ArrayList.forEach(ArrayList.java:1541)org.testng.TestRunner.privateRun(TestRunner.java:766)org.testng.TestRunner.run(TestRunner.java:587)org.testng.SuiteRunner.runTest(SuiteRunner.java:384)org.testng.SuiteRunner.runSequentially(SuiteRunner.java:378)org.testng.SuiteRunner.privateRun(SuiteRunner.java:337)org.testng.SuiteRunner.run(SuiteRunner.java:286)org.testng.SuiteRunnerWorker.runSuite(SuiteRunnerWorker.java:53)org.testng.SuiteRunnerWorker.run(SuiteRunnerWorker.java:96)org.testng.TestNG.runSuitesSequentially(TestNG.java:1187)org.testng.TestNG.runSuitesSequentially(TestNG.java:1182)org.testng.TestNG.runSuitesLocally(TestNG.java:1109)org.testng.TestNG.runSuites(TestNG.java:1039)org.testng.TestNG.run(TestNG.java:1007)org.apache.maven.surefire.testng.TestNGExecutor.run(TestNGExecutor.java:283)org.apache.maven.surefire.testng.TestNGXmlTestSuite.execute(TestNGXmlTestSuite.java:75)org.apache.maven.surefire.testng.TestNGProvider.invoke(TestNGProvider.java:120)org.apache.maven.surefire.booter.ForkedBooter.runSuitesInProcess(ForkedBooter.java:377)org.apache.maven.surefire.booter.ForkedBooter.execute(ForkedBooter.java:138)org.apache.maven.surefire.booter.ForkedBooter.run(ForkedBooter.java:465)org.apache.maven.surefire.booter.ForkedBooter.main(ForkedBooter.java:451)
                                    Caused by: org.openqa.selenium.NoSuchElementException: no such element: Unable to locate element: {"method":"css selector","selector":"input#txtBilledTo"}
  (Session info: chrome=97.0.4692.99)
For documentation on this error, please visit: https://www.seleniumhq.org/exceptions/no_such_element.html
Build info: version: '3.141.59', revision: 'e82be7d358', time: '2018-11-14T08:17:03'
System info: host: 'WJLP-1270', ip: '192.168.0.2', os.name: 'Windows 10', os.arch: 'amd64', os.version: '10.0', java.version: '11.0.10'
Driver info: org.openqa.selenium.chrome.ChromeDriver
Capabilities {acceptInsecureCerts: false, browserName: chrome, browserVersion: 97.0.4692.99, chrome: {chromedriverVersion: 97.0.4692.71 (adefa7837d02a..., userDataDir: C:\Users\nasreenk\AppData\L...}, goog:chromeOptions: {debuggerAddress: localhost:50685}, javascriptEnabled: true, networkConnectionEnabled: false, pageLoadStrategy: none, platform: WINDOWS, platformName: WINDOWS, proxy: Proxy(), setWindowRect: true, strictFileInteractability: false, timeouts: {implicit: 0, pageLoad: 300000, script: 30000}, unhandledPromptBehavior: dismiss and notify, webauthn:extension:credBlob: true, webauthn:extension:largeBlob: true, webauthn:virtualAuthenticators: true}
Session ID: 8cb4d8b0e71b06879a987572bd1bf931
*** Element info: {Using=css selector, value=input#txtBilledTo}
                    jdk.internal.reflect.GeneratedConstructorAccessor31.newInstance(Unknown Source)java.base/jdk.internal.reflect.DelegatingConstructorAccessorImpl.newInstance(DelegatingConstructorAccessorImpl.java:45)java.base/java.lang.reflect.Constructor.newInstance(Constructor.java:490)org.openqa.selenium.remote.http.W3CHttpResponseCodec.createException(W3CHttpResponseCodec.java:187)org.openqa.selenium.remote.http.W3CHttpResponseCodec.decode(W3CHttpResponseCodec.java:122)org.openqa.selenium.remote.http.W3CHttpResponseCodec.decode(W3CHttpResponseCodec.java:49)org.openqa.selenium.remote.HttpCommandExecutor.execute(HttpCommandExecutor.java:158)org.openqa.selenium.remote.service.DriverCommandExecutor.execute(DriverCommandExecutor.java:83)org.openqa.selenium.remote.RemoteWebDriver.execute(RemoteWebDriver.java:552)org.openqa.selenium.remote.RemoteWebDriver.findElement(RemoteWebDriver.java:323)org.openqa.selenium.remote.RemoteWebDriver.findElementByCssSelector(RemoteWebDriver.java:420)org.openqa.selenium.By$ByCssSelector.findElement(By.java:431)org.openqa.selenium.remote.RemoteWebDriver.findElement(RemoteWebDriver.java:315)jdk.internal.reflect.GeneratedMethodAccessor5.invoke(Unknown Source)java.base/jdk.internal.reflect.DelegatingMethodAccessorImpl.invoke(DelegatingMethodAccessorImpl.java:43)java.base/java.lang.reflect.Method.invoke(Method.java:566)org.openqa.selenium.support.events.EventFiringWebDriver.lambda$new$1(EventFiringWebDriver.java:105)com.sun.proxy.$Proxy13.findElement(Unknown Source)org.openqa.selenium.support.events.EventFiringWebDriver.findElement(EventFiringWebDriver.java:194)org.openqa.selenium.support.pagefactory.DefaultElementLocator.findElement(DefaultElementLocator.java:69)org.openqa.selenium.support.pagefactory.AjaxElementLocator.access$001(AjaxElementLocator.java:39)org.openqa.selenium.support.pagefactory.AjaxElementLocator$SlowLoadingElement.isLoaded(AjaxElementLocator.java:165)org.openqa.selenium.support.ui.SlowLoadableComponent.get(SlowLoadableComponent.java:72)org.openqa.selenium.support.pagefactory.AjaxElementLocator.findElement(AjaxElementLocator.java:95)org.openqa.selenium.support.pagefactory.internal.LocatingElementHandler.invoke(LocatingElementHandler.java:38)com.sun.proxy.$Proxy20.isDisplayed(Unknown Source)org.openqa.selenium.support.ui.ExpectedConditions.elementIfVisible(ExpectedConditions.java:314)org.openqa.selenium.support.ui.ExpectedConditions.access$000(ExpectedConditions.java:43)org.openqa.selenium.support.ui.ExpectedConditions$10.apply(ExpectedConditions.java:300)org.openqa.selenium.support.ui.ExpectedConditions$10.apply(ExpectedConditions.java:297)org.openqa.selenium.support.ui.ExpectedConditions$23.apply(ExpectedConditions.java:670)org.openqa.selenium.support.ui.ExpectedConditions$23.apply(ExpectedConditions.java:666)org.openqa.selenium.support.ui.FluentWait.until(FluentWait.java:249)pages.PageDashBoard.verifyBilledToProd(PageDashBoard.java:598)pages.TestPageRMSProd.verifyDataOnRMSEditConsignment(TestPageRMSProd.java:80)java.base/jdk.internal.reflect.NativeMethodAccessorImpl.invoke0(Native Method)java.base/jdk.internal.reflect.NativeMethodAccessorImpl.invoke(NativeMethodAccessorImpl.java:62)java.base/jdk.internal.reflect.DelegatingMethodAccessorImpl.invoke(DelegatingMethodAccessorImpl.java:43)java.base/java.lang.reflect.Method.invoke(Method.java:566)org.testng.internal.MethodInvocationHelper.invokeMethod(MethodInvocationHelper.java:134)org.testng.internal.TestInvoker.invokeMethod(TestInvoker.java:597)org.testng.internal.TestInvoker.invokeTestMethod(TestInvoker.java:173)org.testng.internal.MethodRunner.runInSequence(MethodRunner.java:46)org.testng.internal.TestInvoker$MethodInvocationAgent.invoke(TestInvoker.java:816)org.testng.internal.TestInvoker.invokeTestMethods(TestInvoker.java:146)org.testng.internal.TestMethodWorker.invokeTestMethods(TestMethodWorker.java:146)org.testng.internal.TestMethodWorker.run(TestMethodWorker.java:128)java.base/java.util.ArrayList.forEach(ArrayList.java:1541)org.testng.TestRunner.privateRun(TestRunner.java:766)org.testng.TestRunner.run(TestRunner.java:587)org.testng.SuiteRunner.runTest(SuiteRunner.java:384)org.testng.SuiteRunner.runSequentially(SuiteRunner.java:378)org.testng.SuiteRunner.privateRun(SuiteRunner.java:337)org.testng.SuiteRunner.run(SuiteRunner.java:286)org.testng.SuiteRunnerWorker.runSuite(SuiteRunnerWorker.java:53)org.testng.SuiteRunnerWorker.run(SuiteRunnerWorker.java:96)org.testng.TestNG.runSuitesSequentially(TestNG.java:1187)org.testng.TestNG.runSuitesSequentially(TestNG.java:1182)org.testng.TestNG.runSuitesLocally(TestNG.java:1109)org.testng.TestNG.runSuites(TestNG.java:1039)org.testng.TestNG.run(TestNG.java:1007)org.apache.maven.surefire.testng.TestNGExecutor.run(TestNGExecutor.java:283)org.apache.maven.surefire.testng.TestNGXmlTestSuite.execute(TestNGXmlTestSuite.java:75)org.apache.maven.surefire.testng.TestNGProvider.invoke(TestNGProvider.java:120)org.apache.maven.surefire.booter.ForkedBooter.runSuitesInProcess(ForkedBooter.java:377)org.apache.maven.surefire.booter.ForkedBooter.execute(ForkedBooter.java:138)org.apache.maven.surefire.booter.ForkedBooter.run(ForkedBooter.java:465)org.apache.maven.surefire.booter.ForkedBooter.main(ForkedBooter.java:451)
                ]]>
            </failure>
    </testcase>


            <testcase
                name="clickOnConsignment"
                time="30.566"
                classname="pages.TestPageRMSProd">
            </testcase>
</testsuite>
